#
# There is insufficient memory for the Java Runtime Environment to continue.
# Native memory allocation (mmap) failed to map 41943040 bytes for G1 virtual space
# Possible reasons:
#   The system is out of physical RAM or swap space
#   The process is running with CompressedOops enabled, and the Java Heap may be blocking the growth of the native heap
# Possible solutions:
#   Reduce memory load on the system
#   Increase physical memory or swap space
#   Check if swap backing store is full
#   Decrease Java heap size (-Xmx/-Xms)
#   Decrease number of Java threads
#   Decrease Java thread stack sizes (-Xss)
#   Set larger code cache with -XX:ReservedCodeCacheSize=
#   JVM is running with Unscaled Compressed Oops mode in which the Java heap is
#     placed in the first 4GB address space. The Java Heap base address is the
#     maximum limit for the native heap growth. Please use -XX:HeapBaseMinAddress
#     to set the Java Heap base and to place the Java Heap above 4GB virtual address.
# This output file may be truncated or incomplete.
#
#  Out of Memory Error (os_windows.cpp:3548), pid=15084, tid=14260
#
# JRE version: OpenJDK Runtime Environment Temurin-17.0.5+8 (17.0.5+8) (build 17.0.5+8)
# Java VM: OpenJDK 64-Bit Server VM Temurin-17.0.5+8 (17.0.5+8, mixed mode, emulated-client, tiered, compressed oops, compressed class ptrs, g1 gc, windows-amd64)
# No core dump will be written. Minidumps are not enabled by default on client versions of Windows
#

---------------  S U M M A R Y ------------

Command Line: -Dsts.lsp.client=vscode -Dsts.log.file=/dev/null -XX:TieredStopAtLevel=1 -Xlog:jni+resolve=off -Dspring.config.location=file:c:\Users\naveendurai\.vscode\extensions\pivotal.vscode-spring-boot-1.42.0\language-server\BOOT-INF\classes\application.properties org.springframework.ide.vscode.boot.app.BootLanguageServerBootApp

Host: AMD Ryzen 5 5500U with Radeon Graphics         , 12 cores, 7G,  Windows 11 , 64 bit Build 22621 (10.0.22621.963)
Time: Thu Dec 15 12:52:32 2022 India Standard Time elapsed time: 7.542999 seconds (0d 0h 0m 7s)

---------------  T H R E A D  ---------------

Current thread (0x00000192239be520):  VMThread "VM Thread" [stack: 0x0000000d34500000,0x0000000d34600000] [id=14260]

Stack: [0x0000000d34500000,0x0000000d34600000]
Native frames: (J=compiled Java code, j=interpreted, Vv=VM code, C=native code)
V  [jvm.dll+0x676b3a]
V  [jvm.dll+0x831444]
V  [jvm.dll+0x832bee]
V  [jvm.dll+0x833253]
V  [jvm.dll+0x244ce5]
V  [jvm.dll+0x673a49]
V  [jvm.dll+0x66811a]
V  [jvm.dll+0x303ceb]
V  [jvm.dll+0x30b1e6]
V  [jvm.dll+0x35adbe]
V  [jvm.dll+0x35afef]
V  [jvm.dll+0x2dab88]
V  [jvm.dll+0x2d8e3c]
V  [jvm.dll+0x2d840c]
V  [jvm.dll+0x31c31b]
V  [jvm.dll+0x8376fb]
V  [jvm.dll+0x838434]
V  [jvm.dll+0x83894c]
V  [jvm.dll+0x838d24]
V  [jvm.dll+0x838df0]
V  [jvm.dll+0x7e17ea]
V  [jvm.dll+0x6759e5]
C  [ucrtbase.dll+0x29363]
C  [KERNEL32.DLL+0x126bd]
C  [ntdll.dll+0x5dfb8]

VM_Operation (0x0000000d366fcd50): G1CollectForAllocation, mode: safepoint, requested by thread 0x00000192255e1bc0


---------------  P R O C E S S  ---------------

Threads class SMR info:
_java_thread_list=0x0000019225d9e4e0, length=41, elements={
0x00000192239d1380, 0x00000192239d1c40, 0x00000192239e9f50, 0x00000192239ea810,
0x00000192239eb4e0, 0x00000192239eddb0, 0x00000192244137d0, 0x0000019224420600,
0x000001922462a830, 0x000001922462def0, 0x00000192255e03b0, 0x00000192255e0880,
0x00000192255e2560, 0x00000192255e2a30, 0x00000192255dfee0, 0x00000192255e0d50,
0x00000192255df070, 0x00000192255dfa10, 0x00000192255df540, 0x00000192255e1220,
0x00000192255e16f0, 0x00000192255e1bc0, 0x00000192255e2090, 0x0000019224d7dc30,
0x0000019224d7d290, 0x0000019224d78590, 0x0000019224d7f440, 0x0000019224d78a60,
0x0000019224d78f30, 0x0000019224d7a740, 0x0000019224d79400, 0x0000019224d7ac10,
0x0000019224d77bf0, 0x0000019224d79da0, 0x0000019224d798d0, 0x0000019224d780c0,
0x0000019224d7a270, 0x0000019224d7e5d0, 0x0000019224d7b0e0, 0x0000019224d7cdc0,
0x0000019224d7bf50
}

Java Threads: ( => current thread )
  0x00000192239d1380 JavaThread "Reference Handler" daemon [_thread_blocked, id=15868, stack(0x0000000d34600000,0x0000000d34700000)]
  0x00000192239d1c40 JavaThread "Finalizer" daemon [_thread_blocked, id=23124, stack(0x0000000d34700000,0x0000000d34800000)]
  0x00000192239e9f50 JavaThread "Signal Dispatcher" daemon [_thread_blocked, id=21508, stack(0x0000000d34800000,0x0000000d34900000)]
  0x00000192239ea810 JavaThread "Attach Listener" daemon [_thread_blocked, id=14544, stack(0x0000000d34900000,0x0000000d34a00000)]
  0x00000192239eb4e0 JavaThread "Service Thread" daemon [_thread_blocked, id=7608, stack(0x0000000d34a00000,0x0000000d34b00000)]
  0x00000192239eddb0 JavaThread "Monitor Deflation Thread" daemon [_thread_blocked, id=11040, stack(0x0000000d34b00000,0x0000000d34c00000)]
  0x00000192244137d0 JavaThread "C1 CompilerThread0" daemon [_thread_blocked, id=24584, stack(0x0000000d34c00000,0x0000000d34d00000)]
  0x0000019224420600 JavaThread "Sweeper thread" daemon [_thread_blocked, id=8888, stack(0x0000000d34d00000,0x0000000d34e00000)]
  0x000001922462a830 JavaThread "Notification Thread" daemon [_thread_blocked, id=14400, stack(0x0000000d34e00000,0x0000000d34f00000)]
  0x000001922462def0 JavaThread "Common-Cleaner" daemon [_thread_blocked, id=25084, stack(0x0000000d35000000,0x0000000d35100000)]
  0x00000192255e03b0 JavaThread "boundedElastic-evictor-1" daemon [_thread_blocked, id=24548, stack(0x0000000d35a00000,0x0000000d35b00000)]
  0x00000192255e0880 JavaThread "pool-11-thread-1" [_thread_blocked, id=15168, stack(0x0000000d35d00000,0x0000000d35e00000)]
  0x00000192255e2560 JavaThread "LanguageServerApp-lifecycle" [_thread_blocked, id=20580, stack(0x0000000d35e00000,0x0000000d35f00000)]
  0x00000192255e2a30 JavaThread "DestroyJavaVM" [_thread_blocked, id=17484, stack(0x0000000d33f00000,0x0000000d34000000)]
  0x00000192255dfee0 JavaThread "pool-12-thread-1" [_thread_in_native, id=22052, stack(0x0000000d35f00000,0x0000000d36000000)]
  0x00000192255e0d50 JavaThread "Simple-Language-Server main thread" daemon [_thread_blocked, id=24288, stack(0x0000000d36000000,0x0000000d36100000)]
  0x00000192255df070 JavaThread "pool-8-thread-1" [_thread_blocked, id=22168, stack(0x0000000d36100000,0x0000000d36200000)]
  0x00000192255dfa10 JavaThread "parallel-1" daemon [_thread_blocked, id=8864, stack(0x0000000d36200000,0x0000000d36300000)]
  0x00000192255df540 JavaThread "ForkJoinPool.commonPool-worker-1" daemon [_thread_blocked, id=14268, stack(0x0000000d36300000,0x0000000d36400000)]
  0x00000192255e1220 JavaThread "pool-5-thread-1" [_thread_blocked, id=19316, stack(0x0000000d36400000,0x0000000d36500000)]
  0x00000192255e16f0 JavaThread "Reconciler-1" daemon [_thread_blocked, id=16180, stack(0x0000000d36500000,0x0000000d36600000)]
  0x00000192255e1bc0 JavaThread "ClassGraph-worker-0" daemon [_thread_blocked, id=25372, stack(0x0000000d36600000,0x0000000d36700000)]
  0x00000192255e2090 JavaThread "ClassGraph-worker-1" daemon [_thread_blocked, id=22036, stack(0x0000000d36700000,0x0000000d36800000)]
  0x0000019224d7dc30 JavaThread "ClassGraph-worker-2" daemon [_thread_blocked, id=24168, stack(0x0000000d36800000,0x0000000d36900000)]
  0x0000019224d7d290 JavaThread "ClassGraph-worker-3" daemon [_thread_blocked, id=10668, stack(0x0000000d36900000,0x0000000d36a00000)]
  0x0000019224d78590 JavaThread "ClassGraph-worker-4" daemon [_thread_blocked, id=23888, stack(0x0000000d36a00000,0x0000000d36b00000)]
  0x0000019224d7f440 JavaThread "ClassGraph-worker-5" daemon [_thread_blocked, id=9800, stack(0x0000000d36b00000,0x0000000d36c00000)]
  0x0000019224d78a60 JavaThread "ClassGraph-worker-6" daemon [_thread_blocked, id=22960, stack(0x0000000d36c00000,0x0000000d36d00000)]
  0x0000019224d78f30 JavaThread "ClassGraph-worker-7" daemon [_thread_blocked, id=2628, stack(0x0000000d36d00000,0x0000000d36e00000)]
  0x0000019224d7a740 JavaThread "ClassGraph-worker-8" daemon [_thread_blocked, id=20724, stack(0x0000000d36e00000,0x0000000d36f00000)]
  0x0000019224d79400 JavaThread "ClassGraph-worker-9" daemon [_thread_blocked, id=22984, stack(0x0000000d36f00000,0x0000000d37000000)]
  0x0000019224d7ac10 JavaThread "ClassGraph-worker-10" daemon [_thread_blocked, id=23328, stack(0x0000000d37000000,0x0000000d37100000)]
  0x0000019224d77bf0 JavaThread "ClassGraph-worker-11" daemon [_thread_blocked, id=23336, stack(0x0000000d37100000,0x0000000d37200000)]
  0x0000019224d79da0 JavaThread "ClassGraph-worker-12" daemon [_thread_blocked, id=24228, stack(0x0000000d37200000,0x0000000d37300000)]
  0x0000019224d798d0 JavaThread "ClassGraph-worker-13" daemon [_thread_blocked, id=8576, stack(0x0000000d37300000,0x0000000d37400000)]
  0x0000019224d780c0 JavaThread "ClassGraph-worker-14" daemon [_thread_blocked, id=10548, stack(0x0000000d37400000,0x0000000d37500000)]
  0x0000019224d7a270 JavaThread "ClassGraph-worker-15" daemon [_thread_blocked, id=10816, stack(0x0000000d37500000,0x0000000d37600000)]
  0x0000019224d7e5d0 JavaThread "ClassGraph-worker-16" daemon [_thread_blocked, id=23264, stack(0x0000000d37600000,0x0000000d37700000)]
  0x0000019224d7b0e0 JavaThread "ClassGraph-worker-17" daemon [_thread_blocked, id=1536, stack(0x0000000d37700000,0x0000000d37800000)]
  0x0000019224d7cdc0 JavaThread "ClassGraph-worker-18" daemon [_thread_blocked, id=10116, stack(0x0000000d37800000,0x0000000d37900000)]
  0x0000019224d7bf50 JavaThread "parallel-2" daemon [_thread_blocked, id=3372, stack(0x0000000d37900000,0x0000000d37a00000)]

Other Threads:
=>0x00000192239be520 VMThread "VM Thread" [stack: 0x0000000d34500000,0x0000000d34600000] [id=14260]
  0x00000192167e7ae0 WatcherThread [stack: 0x0000000d34f00000,0x0000000d35000000] [id=4844]
  0x00000192167cd570 GCTaskThread "GC Thread#0" [stack: 0x0000000d34000000,0x0000000d34100000] [id=668]
  0x00000192251644c0 GCTaskThread "GC Thread#1" [stack: 0x0000000d35100000,0x0000000d35200000] [id=3796]
  0x00000192251a1c60 GCTaskThread "GC Thread#2" [stack: 0x0000000d35200000,0x0000000d35300000] [id=15560]
  0x00000192251bbc30 GCTaskThread "GC Thread#3" [stack: 0x0000000d35300000,0x0000000d35400000] [id=3660]
  0x00000192251bbee0 GCTaskThread "GC Thread#4" [stack: 0x0000000d35400000,0x0000000d35500000] [id=18052]
  0x00000192251bc190 GCTaskThread "GC Thread#5" [stack: 0x0000000d35500000,0x0000000d35600000] [id=2052]
  0x00000192253f8d60 GCTaskThread "GC Thread#6" [stack: 0x0000000d35600000,0x0000000d35700000] [id=24188]
  0x00000192253f9010 GCTaskThread "GC Thread#7" [stack: 0x0000000d35700000,0x0000000d35800000] [id=22376]
  0x00000192253f9ae0 GCTaskThread "GC Thread#8" [stack: 0x0000000d35800000,0x0000000d35900000] [id=12544]
  0x00000192253fa5a0 GCTaskThread "GC Thread#9" [stack: 0x0000000d35900000,0x0000000d35a00000] [id=12624]
  0x00000192167dd7b0 ConcurrentGCThread "G1 Main Marker" [stack: 0x0000000d34100000,0x0000000d34200000] [id=18152]
  0x00000192167de870 ConcurrentGCThread "G1 Conc#0" [stack: 0x0000000d34200000,0x0000000d34300000] [id=2044]
  0x0000019225586c80 ConcurrentGCThread "G1 Conc#1" [stack: 0x0000000d35b00000,0x0000000d35c00000] [id=17304]
  0x00000192254d4890 ConcurrentGCThread "G1 Conc#2" [stack: 0x0000000d35c00000,0x0000000d35d00000] [id=1200]
  0x000001921682df70 ConcurrentGCThread "G1 Refine#0" [stack: 0x0000000d34300000,0x0000000d34400000] [id=21836]
  0x000001921682e640 ConcurrentGCThread "G1 Service" [stack: 0x0000000d34400000,0x0000000d34500000] [id=23148]

Threads with active compile tasks:

VM state: at safepoint (normal execution)

VM Mutex/Monitor currently owned by a thread:  ([mutex/lock_event])
[0x0000019214532830] Threads_lock - owner thread: 0x00000192239be520
[0x00000192167730b0] Heap_lock - owner thread: 0x00000192255e1bc0

Heap address: 0x000000008ac00000, size: 1876 MB, Compressed Oops mode: 32-bit

CDS archive(s) not mapped
Compressed class space mapped at: 0x0000000100000000-0x0000000140000000, reserved size: 1073741824
Narrow klass base: 0x0000000000000000, Narrow klass shift: 3, Narrow klass range: 0x140000000

GC Precious Log:
 CPUs: 12 total, 12 available
 Memory: 7503M
 Large Page Support: Disabled
 NUMA Support: Disabled
 Compressed Oops: Enabled (32-bit)
 Heap Region Size: 1M
 Heap Min Capacity: 8M
 Heap Initial Capacity: 118M
 Heap Max Capacity: 1876M
 Pre-touch: Disabled
 Parallel Workers: 10
 Concurrent Workers: 3
 Concurrent Refinement Workers: 10
 Periodic GC: Disabled

Heap:
 garbage-first heap   total 61440K, used 30852K [0x000000008ac00000, 0x0000000100000000)
  region size 1024K, 3 young (3072K), 3 survivors (3072K)
 Metaspace       used 36489K, committed 36800K, reserved 1081344K
  class space    used 4692K, committed 4800K, reserved 1048576K

Heap Regions: E=young(eden), S=young(survivor), O=old, HS=humongous(starts), HC=humongous(continues), CS=collection set, F=free, OA=open archive, CA=closed archive, TAMS=top-at-mark-start (previous, next)
|   0|0x000000008ac00000, 0x000000008ad00000, 0x000000008ad00000|100%| O|  |TAMS 0x000000008ad00000, 0x000000008ac00000| Untracked 
|   1|0x000000008ad00000, 0x000000008ae00000, 0x000000008ae00000|100%| O|  |TAMS 0x000000008ae00000, 0x000000008ad00000| Untracked 
|   2|0x000000008ae00000, 0x000000008af00000, 0x000000008af00000|100%| O|  |TAMS 0x000000008af00000, 0x000000008ae00000| Untracked 
|   3|0x000000008af00000, 0x000000008b000000, 0x000000008b000000|100%| O|  |TAMS 0x000000008b000000, 0x000000008af00000| Untracked 
|   4|0x000000008b000000, 0x000000008b100000, 0x000000008b100000|100%| O|  |TAMS 0x000000008b100000, 0x000000008b000000| Untracked 
|   5|0x000000008b100000, 0x000000008b200000, 0x000000008b200000|100%| O|  |TAMS 0x000000008b200000, 0x000000008b100000| Untracked 
|   6|0x000000008b200000, 0x000000008b300000, 0x000000008b300000|100%| O|  |TAMS 0x000000008b300000, 0x000000008b200000| Untracked 
|   7|0x000000008b300000, 0x000000008b400000, 0x000000008b400000|100%| O|  |TAMS 0x000000008b400000, 0x000000008b300000| Untracked 
|   8|0x000000008b400000, 0x000000008b500000, 0x000000008b500000|100%| O|  |TAMS 0x000000008b500000, 0x000000008b400000| Untracked 
|   9|0x000000008b500000, 0x000000008b600000, 0x000000008b600000|100%| O|  |TAMS 0x000000008b600000, 0x000000008b500000| Untracked 
|  10|0x000000008b600000, 0x000000008b700000, 0x000000008b700000|100%| O|  |TAMS 0x000000008b700000, 0x000000008b600000| Untracked 
|  11|0x000000008b700000, 0x000000008b800000, 0x000000008b800000|100%| O|  |TAMS 0x000000008b800000, 0x000000008b700000| Untracked 
|  12|0x000000008b800000, 0x000000008b900000, 0x000000008b900000|100%| O|  |TAMS 0x000000008b900000, 0x000000008b800000| Untracked 
|  13|0x000000008b900000, 0x000000008ba00000, 0x000000008ba00000|100%| O|  |TAMS 0x000000008ba00000, 0x000000008b900000| Untracked 
|  14|0x000000008ba00000, 0x000000008bb00000, 0x000000008bb00000|100%| O|  |TAMS 0x000000008bb00000, 0x000000008ba00000| Untracked 
|  15|0x000000008bb00000, 0x000000008bc00000, 0x000000008bc00000|100%| O|  |TAMS 0x000000008bc00000, 0x000000008bb00000| Untracked 
|  16|0x000000008bc00000, 0x000000008bd00000, 0x000000008bd00000|100%| O|  |TAMS 0x000000008bd00000, 0x000000008bc00000| Untracked 
|  17|0x000000008bd00000, 0x000000008be00000, 0x000000008be00000|100%| O|  |TAMS 0x000000008be00000, 0x000000008bd00000| Untracked 
|  18|0x000000008be00000, 0x000000008bf00000, 0x000000008bf00000|100%| O|  |TAMS 0x000000008be21e00, 0x000000008be00000| Untracked 
|  19|0x000000008bf00000, 0x000000008c000000, 0x000000008c000000|100%| O|  |TAMS 0x000000008bf00000, 0x000000008bf00000| Untracked 
|  20|0x000000008c000000, 0x000000008c100000, 0x000000008c100000|100%| O|  |TAMS 0x000000008c000000, 0x000000008c000000| Untracked 
|  21|0x000000008c100000, 0x000000008c200000, 0x000000008c200000|100%| O|  |TAMS 0x000000008c100000, 0x000000008c100000| Untracked 
|  22|0x000000008c200000, 0x000000008c300000, 0x000000008c300000|100%| O|  |TAMS 0x000000008c200000, 0x000000008c200000| Untracked 
|  23|0x000000008c300000, 0x000000008c400000, 0x000000008c400000|100%| O|  |TAMS 0x000000008c300000, 0x000000008c300000| Untracked 
|  24|0x000000008c400000, 0x000000008c500000, 0x000000008c500000|100%| O|  |TAMS 0x000000008c400000, 0x000000008c400000| Untracked 
|  25|0x000000008c500000, 0x000000008c600000, 0x000000008c600000|100%| O|  |TAMS 0x000000008c500000, 0x000000008c500000| Untracked 
|  26|0x000000008c600000, 0x000000008c700000, 0x000000008c700000|100%| O|  |TAMS 0x000000008c600000, 0x000000008c600000| Untracked 
|  27|0x000000008c700000, 0x000000008c726a00, 0x000000008c800000| 15%| O|  |TAMS 0x000000008c700000, 0x000000008c700000| Untracked 
|  28|0x000000008c800000, 0x000000008c800000, 0x000000008c900000|  0%| F|  |TAMS 0x000000008c800000, 0x000000008c800000| Untracked 
|  29|0x000000008c900000, 0x000000008c900000, 0x000000008ca00000|  0%| F|  |TAMS 0x000000008c900000, 0x000000008c900000| Untracked 
|  30|0x000000008ca00000, 0x000000008ca00000, 0x000000008cb00000|  0%| F|  |TAMS 0x000000008ca00000, 0x000000008ca00000| Untracked 
|  31|0x000000008cb00000, 0x000000008cb00000, 0x000000008cc00000|  0%| F|  |TAMS 0x000000008cb00000, 0x000000008cb00000| Untracked 
|  32|0x000000008cc00000, 0x000000008cc00000, 0x000000008cd00000|  0%| F|  |TAMS 0x000000008cc00000, 0x000000008cc00000| Untracked 
|  33|0x000000008cd00000, 0x000000008cd00000, 0x000000008ce00000|  0%| F|  |TAMS 0x000000008cd00000, 0x000000008cd00000| Untracked 
|  34|0x000000008ce00000, 0x000000008ce00000, 0x000000008cf00000|  0%| F|  |TAMS 0x000000008ce00000, 0x000000008ce00000| Untracked 
|  35|0x000000008cf00000, 0x000000008cf00000, 0x000000008d000000|  0%| F|  |TAMS 0x000000008cf00000, 0x000000008cf00000| Untracked 
|  36|0x000000008d000000, 0x000000008d000000, 0x000000008d100000|  0%| F|  |TAMS 0x000000008d000000, 0x000000008d000000| Untracked 
|  37|0x000000008d100000, 0x000000008d100000, 0x000000008d200000|  0%| F|  |TAMS 0x000000008d100000, 0x000000008d100000| Untracked 
|  38|0x000000008d200000, 0x000000008d200000, 0x000000008d300000|  0%| F|  |TAMS 0x000000008d200000, 0x000000008d200000| Untracked 
|  39|0x000000008d300000, 0x000000008d300000, 0x000000008d400000|  0%| F|  |TAMS 0x000000008d300000, 0x000000008d300000| Untracked 
|  40|0x000000008d400000, 0x000000008d4fa608, 0x000000008d500000| 97%| S|CS|TAMS 0x000000008d400000, 0x000000008d400000| Complete 
|  41|0x000000008d500000, 0x000000008d600000, 0x000000008d600000|100%| S|CS|TAMS 0x000000008d500000, 0x000000008d500000| Complete 
|  42|0x000000008d600000, 0x000000008d700000, 0x000000008d700000|100%| S|CS|TAMS 0x000000008d600000, 0x000000008d600000| Complete 
|  43|0x000000008d700000, 0x000000008d700000, 0x000000008d800000|  0%| F|  |TAMS 0x000000008d700000, 0x000000008d700000| Untracked 
|  44|0x000000008d800000, 0x000000008d800000, 0x000000008d900000|  0%| F|  |TAMS 0x000000008d800000, 0x000000008d800000| Untracked 
|  45|0x000000008d900000, 0x000000008d900000, 0x000000008da00000|  0%| F|  |TAMS 0x000000008d900000, 0x000000008d900000| Untracked 
|  46|0x000000008da00000, 0x000000008da00000, 0x000000008db00000|  0%| F|  |TAMS 0x000000008da00000, 0x000000008da00000| Untracked 
|  47|0x000000008db00000, 0x000000008db00000, 0x000000008dc00000|  0%| F|  |TAMS 0x000000008db00000, 0x000000008db00000| Untracked 
|  48|0x000000008dc00000, 0x000000008dc00000, 0x000000008dd00000|  0%| F|  |TAMS 0x000000008dc00000, 0x000000008dc00000| Untracked 
|  49|0x000000008dd00000, 0x000000008dd00000, 0x000000008de00000|  0%| F|  |TAMS 0x000000008dd00000, 0x000000008dd00000| Untracked 
|  50|0x000000008de00000, 0x000000008de00000, 0x000000008df00000|  0%| F|  |TAMS 0x000000008de00000, 0x000000008de00000| Untracked 
|  51|0x000000008df00000, 0x000000008df00000, 0x000000008e000000|  0%| F|  |TAMS 0x000000008df00000, 0x000000008df00000| Untracked 
|  52|0x000000008e000000, 0x000000008e000000, 0x000000008e100000|  0%| F|  |TAMS 0x000000008e000000, 0x000000008e000000| Untracked 
|  53|0x000000008e100000, 0x000000008e100000, 0x000000008e200000|  0%| F|  |TAMS 0x000000008e100000, 0x000000008e100000| Untracked 
|  94|0x0000000090a00000, 0x0000000090a00000, 0x0000000090b00000|  0%| F|  |TAMS 0x0000000090a00000, 0x0000000090a00000| Untracked 
|  95|0x0000000090b00000, 0x0000000090b00000, 0x0000000090c00000|  0%| F|  |TAMS 0x0000000090b00000, 0x0000000090b00000| Untracked 
|  96|0x0000000090c00000, 0x0000000090c00000, 0x0000000090d00000|  0%| F|  |TAMS 0x0000000090c00000, 0x0000000090c00000| Untracked 
|  97|0x0000000090d00000, 0x0000000090d00000, 0x0000000090e00000|  0%| F|  |TAMS 0x0000000090d00000, 0x0000000090d00000| Untracked 
| 116|0x0000000092000000, 0x0000000092000000, 0x0000000092100000|  0%| F|  |TAMS 0x0000000092000000, 0x0000000092000000| Untracked 
| 117|0x0000000092100000, 0x0000000092100000, 0x0000000092200000|  0%| F|  |TAMS 0x0000000092100000, 0x0000000092100000| Untracked 

Card table byte_map: [0x000001921cad0000,0x000001921ce80000] _byte_map_base: 0x000001921c67a000

Marking Bits (Prev, Next): (CMBitMap*) 0x00000192167cda90, (CMBitMap*) 0x00000192167cdad0
 Prev Bits: [0x000001921d230000, 0x000001921ef80000)
 Next Bits: [0x000001921ef80000, 0x0000019220cd0000)

Polling page: 0x00000192146c0000

Metaspace:

Usage:
  Non-class:     31.05 MB used.
      Class:      4.58 MB used.
       Both:     35.63 MB used.

Virtual space:
  Non-class space:       32.00 MB reserved,      31.25 MB ( 98%) committed,  4 nodes.
      Class space:        1.00 GB reserved,       4.69 MB ( <1%) committed,  1 nodes.
             Both:        1.03 GB reserved,      35.94 MB (  3%) committed. 

Chunk freelists:
   Non-Class:  800.00 KB
       Class:  3.12 MB
        Both:  3.91 MB

MaxMetaspaceSize: unlimited
CompressedClassSpaceSize: 1.00 GB
Initial GC threshold: 21.00 MB
Current GC threshold: 58.88 MB
CDS: off
MetaspaceReclaimPolicy: balanced
 - commit_granule_bytes: 65536.
 - commit_granule_words: 8192.
 - virtual_space_node_default_size: 1048576.
 - enlarge_chunks_in_place: 1.
 - new_chunks_are_fully_committed: 0.
 - uncommit_free_chunks: 1.
 - use_allocation_guard: 0.
 - handle_deallocations: 1.


Internal statistics:

num_allocs_failed_limit: 8.
num_arena_births: 344.
num_arena_deaths: 0.
num_vsnodes_births: 5.
num_vsnodes_deaths: 0.
num_space_committed: 575.
num_space_uncommitted: 0.
num_chunks_returned_to_freelist: 8.
num_chunks_taken_from_freelist: 1381.
num_chunk_merges: 8.
num_chunk_splits: 947.
num_chunks_enlarged: 742.
num_purges: 0.
num_inconsistent_stats: 0.

CodeCache: size=49152Kb used=6860Kb max_used=6860Kb free=42291Kb
 bounds [0x00000192193f0000, 0x0000019219ab0000, 0x000001921c3f0000]
 total_blobs=4003 nmethods=3483 adapters=447
 compilation: enabled
              stopped_count=0, restarted_count=0
 full_count=0

Compilation events (20 events):
Event: 7.514 Thread 0x00000192244137d0 3474       1       java.util.jar.Attributes::entrySet (10 bytes)
Event: 7.514 Thread 0x00000192244137d0 nmethod 3474 0x0000019219aa0910 code [0x0000019219aa0aa0, 0x0000019219aa0b88]
Event: 7.514 Thread 0x00000192244137d0 3475       1       java.security.MessageDigest::reset (10 bytes)
Event: 7.514 Thread 0x00000192244137d0 nmethod 3475 0x0000019219aa0c10 code [0x0000019219aa0da0, 0x0000019219aa0ea8]
Event: 7.514 Thread 0x00000192244137d0 3476       1       java.security.MessageDigest$Delegate::engineReset (8 bytes)
Event: 7.514 Thread 0x00000192244137d0 nmethod 3476 0x0000019219aa0f90 code [0x0000019219aa1120, 0x0000019219aa1208]
Event: 7.514 Thread 0x00000192244137d0 3477       1       java.util.Base64::getMimeDecoder (4 bytes)
Event: 7.514 Thread 0x00000192244137d0 nmethod 3477 0x0000019219aa1290 code [0x0000019219aa1420, 0x0000019219aa14d8]
Event: 7.514 Thread 0x00000192244137d0 3478       1       java.util.Base64$Decoder::decode (12 bytes)
Event: 7.515 Thread 0x00000192244137d0 nmethod 3478 0x0000019219aa1590 code [0x0000019219aa1760, 0x0000019219aa1b18]
Event: 7.516 Thread 0x00000192244137d0 3479       1       jdk.internal.jimage.ImageReader$Directory::getChildren (8 bytes)
Event: 7.516 Thread 0x00000192244137d0 nmethod 3479 0x0000019219aa1c90 code [0x0000019219aa1e20, 0x0000019219aa1f08]
Event: 7.518 Thread 0x00000192244137d0 3480       1       sun.security.util.DerValue::toDerInputStream (54 bytes)
Event: 7.519 Thread 0x00000192244137d0 nmethod 3480 0x0000019219aa1f90 code [0x0000019219aa2180, 0x0000019219aa2538]
Event: 7.519 Thread 0x00000192244137d0 3481       1       sun.security.util.DerInputStream::getSet (11 bytes)
Event: 7.519 Thread 0x00000192244137d0 nmethod 3481 0x0000019219aa2710 code [0x0000019219aa28c0, 0x0000019219aa29d8]
Event: 7.519 Thread 0x00000192244137d0 3482       1       java.math.BigInteger::bitLengthForInt (8 bytes)
Event: 7.519 Thread 0x00000192244137d0 nmethod 3482 0x0000019219aa2a90 code [0x0000019219aa2c20, 0x0000019219aa2ce8]
Event: 7.521 Thread 0x00000192244137d0 3483       1       java.math.BigInteger::subN (46 bytes)
Event: 7.522 Thread 0x00000192244137d0 nmethod 3483 0x0000019219aa2d90 code [0x0000019219aa2f20, 0x0000019219aa3078]

GC Heap History (20 events):
Event: 1.843 GC heap after
{Heap after GC invocations=1 (full 0):
 garbage-first heap   total 120832K, used 8552K [0x000000008ac00000, 0x0000000100000000)
  region size 1024K, 3 young (3072K), 3 survivors (3072K)
 Metaspace       used 10024K, committed 10112K, reserved 1064960K
  class space    used 1126K, committed 1152K, reserved 1048576K
}
Event: 3.216 GC heap before
{Heap before GC invocations=1 (full 0):
 garbage-first heap   total 120832K, used 31080K [0x000000008ac00000, 0x0000000100000000)
  region size 1024K, 26 young (26624K), 3 survivors (3072K)
 Metaspace       used 16897K, committed 17088K, reserved 1064960K
  class space    used 2064K, committed 2176K, reserved 1048576K
}
Event: 3.230 GC heap after
{Heap after GC invocations=2 (full 0):
 garbage-first heap   total 120832K, used 11071K [0x000000008ac00000, 0x0000000100000000)
  region size 1024K, 3 young (3072K), 3 survivors (3072K)
 Metaspace       used 16897K, committed 17088K, reserved 1064960K
  class space    used 2064K, committed 2176K, reserved 1048576K
}
Event: 3.684 GC heap before
{Heap before GC invocations=2 (full 0):
 garbage-first heap   total 120832K, used 29503K [0x000000008ac00000, 0x0000000100000000)
  region size 1024K, 23 young (23552K), 3 survivors (3072K)
 Metaspace       used 21345K, committed 21504K, reserved 1073152K
  class space    used 2596K, committed 2688K, reserved 1048576K
}
Event: 3.690 GC heap after
{Heap after GC invocations=3 (full 0):
 garbage-first heap   total 120832K, used 11884K [0x000000008ac00000, 0x0000000100000000)
  region size 1024K, 4 young (4096K), 4 survivors (4096K)
 Metaspace       used 21345K, committed 21504K, reserved 1073152K
  class space    used 2596K, committed 2688K, reserved 1048576K
}
Event: 4.497 GC heap before
{Heap before GC invocations=4 (full 0):
 garbage-first heap   total 51200K, used 36460K [0x000000008ac00000, 0x0000000100000000)
  region size 1024K, 29 young (29696K), 4 survivors (4096K)
 Metaspace       used 25176K, committed 25536K, reserved 1073152K
  class space    used 3089K, committed 3264K, reserved 1048576K
}
Event: 4.506 GC heap after
{Heap after GC invocations=5 (full 0):
 garbage-first heap   total 51200K, used 13191K [0x000000008ac00000, 0x0000000100000000)
  region size 1024K, 3 young (3072K), 3 survivors (3072K)
 Metaspace       used 25176K, committed 25536K, reserved 1073152K
  class space    used 3089K, committed 3264K, reserved 1048576K
}
Event: 4.556 GC heap before
{Heap before GC invocations=5 (full 0):
 garbage-first heap   total 51200K, used 14215K [0x000000008ac00000, 0x0000000100000000)
  region size 1024K, 4 young (4096K), 3 survivors (3072K)
 Metaspace       used 25427K, committed 25728K, reserved 1073152K
  class space    used 3115K, committed 3264K, reserved 1048576K
}
Event: 4.564 GC heap after
{Heap after GC invocations=6 (full 0):
 garbage-first heap   total 61440K, used 13493K [0x000000008ac00000, 0x0000000100000000)
  region size 1024K, 1 young (1024K), 1 survivors (1024K)
 Metaspace       used 25427K, committed 25728K, reserved 1073152K
  class space    used 3115K, committed 3264K, reserved 1048576K
}
Event: 6.052 GC heap before
{Heap before GC invocations=6 (full 0):
 garbage-first heap   total 61440K, used 40117K [0x000000008ac00000, 0x0000000100000000)
  region size 1024K, 28 young (28672K), 1 survivors (1024K)
 Metaspace       used 29925K, committed 30144K, reserved 1081344K
  class space    used 3744K, committed 3840K, reserved 1048576K
}
Event: 6.062 GC heap after
{Heap after GC invocations=7 (full 0):
 garbage-first heap   total 61440K, used 16072K [0x000000008ac00000, 0x0000000100000000)
  region size 1024K, 3 young (3072K), 3 survivors (3072K)
 Metaspace       used 29925K, committed 30144K, reserved 1081344K
  class space    used 3744K, committed 3840K, reserved 1048576K
}
Event: 7.121 GC heap before
{Heap before GC invocations=7 (full 0):
 garbage-first heap   total 61440K, used 41672K [0x000000008ac00000, 0x0000000100000000)
  region size 1024K, 28 young (28672K), 3 survivors (3072K)
 Metaspace       used 34705K, committed 35008K, reserved 1081344K
  class space    used 4458K, committed 4608K, reserved 1048576K
}
Event: 7.125 GC heap after
{Heap after GC invocations=8 (full 0):
 garbage-first heap   total 61440K, used 18202K [0x000000008ac00000, 0x0000000100000000)
  region size 1024K, 3 young (3072K), 3 survivors (3072K)
 Metaspace       used 34705K, committed 35008K, reserved 1081344K
  class space    used 4458K, committed 4608K, reserved 1048576K
}
Event: 7.316 GC heap before
{Heap before GC invocations=8 (full 0):
 garbage-first heap   total 61440K, used 41754K [0x000000008ac00000, 0x0000000100000000)
  region size 1024K, 27 young (27648K), 3 survivors (3072K)
 Metaspace       used 35678K, committed 36032K, reserved 1081344K
  class space    used 4622K, committed 4800K, reserved 1048576K
}
Event: 7.322 GC heap after
{Heap after GC invocations=9 (full 0):
 garbage-first heap   total 61440K, used 22663K [0x000000008ac00000, 0x0000000100000000)
  region size 1024K, 4 young (4096K), 4 survivors (4096K)
 Metaspace       used 35678K, committed 36032K, reserved 1081344K
  class space    used 4622K, committed 4800K, reserved 1048576K
}
Event: 7.342 GC heap before
{Heap before GC invocations=9 (full 0):
 garbage-first heap   total 61440K, used 26759K [0x000000008ac00000, 0x0000000100000000)
  region size 1024K, 9 young (9216K), 4 survivors (4096K)
 Metaspace       used 35753K, committed 36096K, reserved 1081344K
  class space    used 4630K, committed 4800K, reserved 1048576K
}
Event: 7.347 GC heap after
{Heap after GC invocations=10 (full 0):
 garbage-first heap   total 61440K, used 24093K [0x000000008ac00000, 0x0000000100000000)
  region size 1024K, 2 young (2048K), 2 survivors (2048K)
 Metaspace       used 35753K, committed 36096K, reserved 1081344K
  class space    used 4630K, committed 4800K, reserved 1048576K
}
Event: 7.420 GC heap before
{Heap before GC invocations=11 (full 0):
 garbage-first heap   total 61440K, used 42525K [0x000000008ac00000, 0x0000000100000000)
  region size 1024K, 21 young (21504K), 2 survivors (2048K)
 Metaspace       used 35914K, committed 36288K, reserved 1081344K
  class space    used 4647K, committed 4800K, reserved 1048576K
}
Event: 7.423 GC heap after
{Heap after GC invocations=12 (full 0):
 garbage-first heap   total 61440K, used 27719K [0x000000008ac00000, 0x0000000100000000)
  region size 1024K, 3 young (3072K), 3 survivors (3072K)
 Metaspace       used 35914K, committed 36288K, reserved 1081344K
  class space    used 4647K, committed 4800K, reserved 1048576K
}
Event: 7.525 GC heap before
{Heap before GC invocations=12 (full 0):
 garbage-first heap   total 61440K, used 44103K [0x000000008ac00000, 0x0000000100000000)
  region size 1024K, 20 young (20480K), 3 survivors (3072K)
 Metaspace       used 36489K, committed 36800K, reserved 1081344K
  class space    used 4692K, committed 4800K, reserved 1048576K
}

Dll operation events (8 events):
Event: 0.026 Loaded shared library c:\Users\naveendurai\.vscode\extensions\redhat.java-1.13.0-win32-x64\jre\17.0.5-win32-x86_64\bin\java.dll
Event: 0.512 Loaded shared library C:\Users\naveendurai\.vscode\extensions\redhat.java-1.13.0-win32-x64\jre\17.0.5-win32-x86_64\bin\net.dll
Event: 0.515 Loaded shared library C:\Users\naveendurai\.vscode\extensions\redhat.java-1.13.0-win32-x64\jre\17.0.5-win32-x86_64\bin\nio.dll
Event: 0.532 Loaded shared library C:\Users\naveendurai\.vscode\extensions\redhat.java-1.13.0-win32-x64\jre\17.0.5-win32-x86_64\bin\zip.dll
Event: 0.823 Loaded shared library c:\Users\naveendurai\.vscode\extensions\redhat.java-1.13.0-win32-x64\jre\17.0.5-win32-x86_64\bin\verify.dll
Event: 0.844 Loaded shared library C:\Users\naveendurai\.vscode\extensions\redhat.java-1.13.0-win32-x64\jre\17.0.5-win32-x86_64\bin\jimage.dll
Event: 3.042 Loaded shared library C:\Users\naveendurai\.vscode\extensions\redhat.java-1.13.0-win32-x64\jre\17.0.5-win32-x86_64\bin\management.dll
Event: 3.058 Loaded shared library C:\Users\naveendurai\.vscode\extensions\redhat.java-1.13.0-win32-x64\jre\17.0.5-win32-x86_64\bin\management_ext.dll

Deoptimization events (8 events):
Event: 3.626 Thread 0x0000019216774170 DEOPT PACKING pc=0x0000019219797599 sp=0x0000000d33ffd650
Event: 3.626 Thread 0x0000019216774170 DEOPT UNPACKING pc=0x0000019219442b43 sp=0x0000000d33ffcb30 mode 3
Event: 6.994 Thread 0x00000192255e0d50 DEOPT PACKING pc=0x00000192199cc135 sp=0x0000000d360fd520
Event: 6.994 Thread 0x00000192255e0d50 DEOPT UNPACKING pc=0x0000019219442b43 sp=0x0000000d360fca38 mode 3
Event: 7.186 Thread 0x00000192255df540 DEOPT PACKING pc=0x00000192199e7dab sp=0x0000000d363fe4d0
Event: 7.186 Thread 0x00000192255df540 DEOPT UNPACKING pc=0x0000019219442b43 sp=0x0000000d363fda18 mode 3
Event: 7.281 Thread 0x00000192255dfee0 DEOPT PACKING pc=0x0000019219795c81 sp=0x0000000d35ffd970
Event: 7.281 Thread 0x00000192255dfee0 DEOPT UNPACKING pc=0x0000019219442b43 sp=0x0000000d35ffce00 mode 3

Classes unloaded (0 events):
No events

Classes redefined (0 events):
No events

Internal exceptions (20 events):
Event: 7.237 Thread 0x00000192255e2090 Exception <a 'sun/nio/fs/WindowsException'{0x0000000090a0a808}> (0x0000000090a0a808) 
thrown [s\src\hotspot\share\prims\jni.cpp, line 516]
Event: 7.237 Thread 0x00000192255e2090 Exception <a 'sun/nio/fs/WindowsException'{0x0000000090a0abf8}> (0x0000000090a0abf8) 
thrown [s\src\hotspot\share\prims\jni.cpp, line 516]
Event: 7.237 Thread 0x00000192255e2090 Exception <a 'sun/nio/fs/WindowsException'{0x0000000090a0b660}> (0x0000000090a0b660) 
thrown [s\src\hotspot\share\prims\jni.cpp, line 516]
Event: 7.237 Thread 0x00000192255e2090 Exception <a 'sun/nio/fs/WindowsException'{0x0000000090a0ba90}> (0x0000000090a0ba90) 
thrown [s\src\hotspot\share\prims\jni.cpp, line 516]
Event: 7.238 Thread 0x00000192255e2090 Exception <a 'sun/nio/fs/WindowsException'{0x0000000090a0c4d0}> (0x0000000090a0c4d0) 
thrown [s\src\hotspot\share\prims\jni.cpp, line 516]
Event: 7.238 Thread 0x00000192255e2090 Exception <a 'sun/nio/fs/WindowsException'{0x0000000090a0c8d0}> (0x0000000090a0c8d0) 
thrown [s\src\hotspot\share\prims\jni.cpp, line 516]
Event: 7.239 Thread 0x00000192255e2090 Exception <a 'sun/nio/fs/WindowsException'{0x0000000090a0d2e8}> (0x0000000090a0d2e8) 
thrown [s\src\hotspot\share\prims\jni.cpp, line 516]
Event: 7.239 Thread 0x00000192255e2090 Exception <a 'sun/nio/fs/WindowsException'{0x0000000090a0d6a8}> (0x0000000090a0d6a8) 
thrown [s\src\hotspot\share\prims\jni.cpp, line 516]
Event: 7.239 Thread 0x00000192255e2090 Exception <a 'sun/nio/fs/WindowsException'{0x0000000090a0e0d0}> (0x0000000090a0e0d0) 
thrown [s\src\hotspot\share\prims\jni.cpp, line 516]
Event: 7.239 Thread 0x00000192255e2090 Exception <a 'sun/nio/fs/WindowsException'{0x0000000090a0e4b0}> (0x0000000090a0e4b0) 
thrown [s\src\hotspot\share\prims\jni.cpp, line 516]
Event: 7.240 Thread 0x00000192255e2090 Exception <a 'sun/nio/fs/WindowsException'{0x0000000090a0eec8}> (0x0000000090a0eec8) 
thrown [s\src\hotspot\share\prims\jni.cpp, line 516]
Event: 7.240 Thread 0x00000192255e2090 Exception <a 'sun/nio/fs/WindowsException'{0x0000000090a0f298}> (0x0000000090a0f298) 
thrown [s\src\hotspot\share\prims\jni.cpp, line 516]
Event: 7.240 Thread 0x00000192255e2090 Exception <a 'sun/nio/fs/WindowsException'{0x0000000090a0fcc0}> (0x0000000090a0fcc0) 
thrown [s\src\hotspot\share\prims\jni.cpp, line 516]
Event: 7.240 Thread 0x00000192255e2090 Exception <a 'sun/nio/fs/WindowsException'{0x0000000090a100a0}> (0x0000000090a100a0) 
thrown [s\src\hotspot\share\prims\jni.cpp, line 516]
Event: 7.240 Thread 0x00000192255e2090 Exception <a 'sun/nio/fs/WindowsException'{0x0000000090a10ae0}> (0x0000000090a10ae0) 
thrown [s\src\hotspot\share\prims\jni.cpp, line 516]
Event: 7.240 Thread 0x00000192255e2090 Exception <a 'sun/nio/fs/WindowsException'{0x0000000090a10ee0}> (0x0000000090a10ee0) 
thrown [s\src\hotspot\share\prims\jni.cpp, line 516]
Event: 7.240 Thread 0x00000192255e2090 Exception <a 'sun/nio/fs/WindowsException'{0x0000000090a11938}> (0x0000000090a11938) 
thrown [s\src\hotspot\share\prims\jni.cpp, line 516]
Event: 7.240 Thread 0x00000192255e2090 Exception <a 'sun/nio/fs/WindowsException'{0x0000000090a11d50}> (0x0000000090a11d50) 
thrown [s\src\hotspot\share\prims\jni.cpp, line 516]
Event: 7.240 Thread 0x00000192255e2090 Exception <a 'sun/nio/fs/WindowsException'{0x0000000090a127a0}> (0x0000000090a127a0) 
thrown [s\src\hotspot\share\prims\jni.cpp, line 516]
Event: 7.240 Thread 0x00000192255e2090 Exception <a 'sun/nio/fs/WindowsException'{0x0000000090a12bb0}> (0x0000000090a12bb0) 
thrown [s\src\hotspot\share\prims\jni.cpp, line 516]

VM Operations (20 events):
Event: 5.635 Executing VM operation: Cleanup done
Event: 6.052 Executing VM operation: G1CollectForAllocation
Event: 6.062 Executing VM operation: G1CollectForAllocation done
Event: 7.056 Executing VM operation: HandshakeAllThreads
Event: 7.056 Executing VM operation: HandshakeAllThreads done
Event: 7.121 Executing VM operation: G1CollectForAllocation
Event: 7.126 Executing VM operation: G1CollectForAllocation done
Event: 7.315 Executing VM operation: G1CollectForAllocation
Event: 7.323 Executing VM operation: G1CollectForAllocation done
Event: 7.341 Executing VM operation: CollectForMetadataAllocation
Event: 7.348 Executing VM operation: CollectForMetadataAllocation done
Event: 7.362 Executing VM operation: G1Concurrent
Event: 7.367 Executing VM operation: G1Concurrent done
Event: 7.373 Executing VM operation: G1Concurrent
Event: 7.374 Executing VM operation: G1Concurrent done
Event: 7.420 Executing VM operation: G1CollectForAllocation
Event: 7.423 Executing VM operation: G1CollectForAllocation done
Event: 7.462 Executing VM operation: HandshakeAllThreads
Event: 7.462 Executing VM operation: HandshakeAllThreads done
Event: 7.525 Executing VM operation: G1CollectForAllocation

Events (20 events):
Event: 7.457 loading class java/util/stream/Collectors$1PairBox
Event: 7.457 loading class java/util/stream/Collectors$1PairBox done
Event: 7.457 loading class java/util/concurrent/locks/AbstractQueuedSynchronizer$SharedNode
Event: 7.457 loading class java/util/concurrent/locks/AbstractQueuedSynchronizer$SharedNode done
Event: 7.457 loading class jdk/internal/module/SystemModuleFinders$ModuleContentSpliterator
Event: 7.458 loading class jdk/internal/module/SystemModuleFinders$ModuleContentSpliterator done
Event: 7.459 loading class jdk/internal/jimage/ImageReader$Directory
Event: 7.459 loading class jdk/internal/jimage/ImageReader$Node
Event: 7.459 loading class jdk/internal/jimage/ImageReader$Node done
Event: 7.459 loading class jdk/internal/jimage/ImageReader$Directory done
Event: 7.460 loading class jdk/internal/jimage/ImageReader$SharedImageReader$LocationVisitor
Event: 7.460 loading class jdk/internal/jimage/ImageReader$SharedImageReader$LocationVisitor done
Event: 7.461 loading class java/nio/ByteBufferAsIntBufferL
Event: 7.461 loading class java/nio/ByteBufferAsIntBufferL done
Event: 7.463 loading class jdk/internal/jimage/ImageReader$Resource
Event: 7.463 loading class jdk/internal/jimage/ImageReader$Resource done
Event: 7.463 loading class java/util/stream/LongStream
Event: 7.464 loading class java/util/stream/LongStream done
Event: 7.464 loading class java/util/stream/DoubleStream
Event: 7.465 loading class java/util/stream/DoubleStream done


Dynamic libraries:
0x00007ff6af730000 - 0x00007ff6af73e000 	c:\Users\naveendurai\.vscode\extensions\redhat.java-1.13.0-win32-x64\jre\17.0.5-win32-x86_64\bin\java.exe
0x00007ffda1070000 - 0x00007ffda1284000 	C:\WINDOWS\SYSTEM32\ntdll.dll
0x00007ffd9ffc0000 - 0x00007ffda0083000 	C:\WINDOWS\System32\KERNEL32.DLL
0x00007ffd9e9a0000 - 0x00007ffd9ed3d000 	C:\WINDOWS\System32\KERNELBASE.dll
0x00007ffd9ed40000 - 0x00007ffd9ee51000 	C:\WINDOWS\System32\ucrtbase.dll
0x00007ffd6ccc0000 - 0x00007ffd6ccd7000 	c:\Users\naveendurai\.vscode\extensions\redhat.java-1.13.0-win32-x64\jre\17.0.5-win32-x86_64\bin\jli.dll
0x00007ffd6ca20000 - 0x00007ffd6ca39000 	c:\Users\naveendurai\.vscode\extensions\redhat.java-1.13.0-win32-x64\jre\17.0.5-win32-x86_64\bin\VCRUNTIME140.dll
0x00007ffda01d0000 - 0x00007ffda037d000 	C:\WINDOWS\System32\USER32.dll
0x00007ffd9e970000 - 0x00007ffd9e996000 	C:\WINDOWS\System32\win32u.dll
0x00007ffd87060000 - 0x00007ffd872ee000 	C:\WINDOWS\WinSxS\amd64_microsoft.windows.common-controls_6595b64144ccf1df_6.0.22621.608_none_a9444ca7c10bb01d\COMCTL32.dll
0x00007ffda0de0000 - 0x00007ffda0e09000 	C:\WINDOWS\System32\GDI32.dll
0x00007ffda0090000 - 0x00007ffda0137000 	C:\WINDOWS\System32\msvcrt.dll
0x00007ffd9e490000 - 0x00007ffd9e5a2000 	C:\WINDOWS\System32\gdi32full.dll
0x00007ffd9e8d0000 - 0x00007ffd9e96a000 	C:\WINDOWS\System32\msvcp_win.dll
0x00007ffd9f010000 - 0x00007ffd9f042000 	C:\WINDOWS\System32\IMM32.DLL
0x00007ffd87fc0000 - 0x00007ffd87fcc000 	c:\Users\naveendurai\.vscode\extensions\redhat.java-1.13.0-win32-x64\jre\17.0.5-win32-x86_64\bin\vcruntime140_1.dll
0x00007ffd58a10000 - 0x00007ffd58aa1000 	c:\Users\naveendurai\.vscode\extensions\redhat.java-1.13.0-win32-x64\jre\17.0.5-win32-x86_64\bin\msvcp140.dll
0x00007ffd4d160000 - 0x00007ffd4dda4000 	c:\Users\naveendurai\.vscode\extensions\redhat.java-1.13.0-win32-x64\jre\17.0.5-win32-x86_64\bin\server\jvm.dll
0x00007ffd9ee60000 - 0x00007ffd9ef0e000 	C:\WINDOWS\System32\ADVAPI32.dll
0x00007ffd9f110000 - 0x00007ffd9f1b4000 	C:\WINDOWS\System32\sechost.dll
0x00007ffda0eb0000 - 0x00007ffda0fc5000 	C:\WINDOWS\System32\RPCRT4.dll
0x00007ffd891a0000 - 0x00007ffd891a9000 	C:\WINDOWS\SYSTEM32\WSOCK32.dll
0x00007ffd95af0000 - 0x00007ffd95b24000 	C:\WINDOWS\SYSTEM32\WINMM.dll
0x00007ffd96170000 - 0x00007ffd9617a000 	C:\WINDOWS\SYSTEM32\VERSION.dll
0x00007ffd9ef10000 - 0x00007ffd9ef81000 	C:\WINDOWS\System32\WS2_32.dll
0x00007ffd9d4f0000 - 0x00007ffd9d508000 	C:\WINDOWS\SYSTEM32\kernel.appcore.dll
0x00007ffd879f0000 - 0x00007ffd879fa000 	c:\Users\naveendurai\.vscode\extensions\redhat.java-1.13.0-win32-x64\jre\17.0.5-win32-x86_64\bin\jimage.dll
0x00007ffd8aea0000 - 0x00007ffd8b0ce000 	C:\WINDOWS\SYSTEM32\DBGHELP.DLL
0x00007ffd9f1c0000 - 0x00007ffd9f54a000 	C:\WINDOWS\System32\combase.dll
0x00007ffd9fee0000 - 0x00007ffd9ffb7000 	C:\WINDOWS\System32\OLEAUT32.dll
0x00007ffd810d0000 - 0x00007ffd81102000 	C:\WINDOWS\SYSTEM32\dbgcore.DLL
0x00007ffd9e670000 - 0x00007ffd9e6eb000 	C:\WINDOWS\System32\bcryptPrimitives.dll
0x00007ffd6b890000 - 0x00007ffd6b8b5000 	c:\Users\naveendurai\.vscode\extensions\redhat.java-1.13.0-win32-x64\jre\17.0.5-win32-x86_64\bin\java.dll
0x00007ffd6c070000 - 0x00007ffd6c088000 	c:\Users\naveendurai\.vscode\extensions\redhat.java-1.13.0-win32-x64\jre\17.0.5-win32-x86_64\bin\zip.dll
0x00007ffd9f550000 - 0x00007ffd9fd3f000 	C:\WINDOWS\System32\SHELL32.dll
0x00007ffd9c480000 - 0x00007ffd9cd48000 	C:\WINDOWS\SYSTEM32\windows.storage.dll
0x00007ffd9c340000 - 0x00007ffd9c47e000 	C:\WINDOWS\SYSTEM32\wintypes.dll
0x00007ffda0b90000 - 0x00007ffda0c81000 	C:\WINDOWS\System32\SHCORE.dll
0x00007ffda0e10000 - 0x00007ffda0e6e000 	C:\WINDOWS\System32\shlwapi.dll
0x00007ffd9e3c0000 - 0x00007ffd9e3e1000 	C:\WINDOWS\SYSTEM32\profapi.dll
0x00007ffd6be10000 - 0x00007ffd6be29000 	C:\Users\naveendurai\.vscode\extensions\redhat.java-1.13.0-win32-x64\jre\17.0.5-win32-x86_64\bin\net.dll
0x00007ffd984c0000 - 0x00007ffd985ef000 	C:\WINDOWS\SYSTEM32\WINHTTP.dll
0x00007ffd9d950000 - 0x00007ffd9d9b9000 	C:\WINDOWS\system32\mswsock.dll
0x00007ffd6bb40000 - 0x00007ffd6bb55000 	C:\Users\naveendurai\.vscode\extensions\redhat.java-1.13.0-win32-x64\jre\17.0.5-win32-x86_64\bin\nio.dll
0x00007ffd85b60000 - 0x00007ffd85b70000 	c:\Users\naveendurai\.vscode\extensions\redhat.java-1.13.0-win32-x64\jre\17.0.5-win32-x86_64\bin\verify.dll
0x00007ffd84b00000 - 0x00007ffd84b09000 	C:\Users\naveendurai\.vscode\extensions\redhat.java-1.13.0-win32-x64\jre\17.0.5-win32-x86_64\bin\management.dll
0x00007ffd849a0000 - 0x00007ffd849ab000 	C:\Users\naveendurai\.vscode\extensions\redhat.java-1.13.0-win32-x64\jre\17.0.5-win32-x86_64\bin\management_ext.dll
0x00007ffda0ae0000 - 0x00007ffda0ae8000 	C:\WINDOWS\System32\PSAPI.DLL
0x00007ffd7c790000 - 0x00007ffd7c7a7000 	C:\WINDOWS\system32\napinsp.dll
0x00007ffd7c6c0000 - 0x00007ffd7c6db000 	C:\WINDOWS\system32\pnrpnsp.dll
0x00007ffd9d010000 - 0x00007ffd9d102000 	C:\WINDOWS\SYSTEM32\DNSAPI.dll
0x00007ffd9cfe0000 - 0x00007ffd9d00d000 	C:\WINDOWS\SYSTEM32\IPHLPAPI.DLL
0x00007ffd9ef90000 - 0x00007ffd9ef99000 	C:\WINDOWS\System32\NSI.dll
0x00007ffd7c670000 - 0x00007ffd7c681000 	C:\WINDOWS\System32\winrnr.dll
0x00007ffd96250000 - 0x00007ffd96265000 	C:\WINDOWS\system32\wshbth.dll
0x00007ffd7c640000 - 0x00007ffd7c661000 	C:\WINDOWS\system32\nlansp_c.dll
0x00007ffd92f30000 - 0x00007ffd92f3a000 	C:\Windows\System32\rasadhlp.dll
0x00007ffd92b20000 - 0x00007ffd92ba3000 	C:\WINDOWS\System32\fwpuclnt.dll
0x00007ffd9dc10000 - 0x00007ffd9dc2b000 	C:\WINDOWS\SYSTEM32\CRYPTSP.dll
0x00007ffd9d460000 - 0x00007ffd9d495000 	C:\WINDOWS\system32\rsaenh.dll
0x00007ffd9dab0000 - 0x00007ffd9dad8000 	C:\WINDOWS\SYSTEM32\USERENV.dll
0x00007ffd9ddd0000 - 0x00007ffd9ddf8000 	C:\WINDOWS\SYSTEM32\bcrypt.dll
0x00007ffd9dc30000 - 0x00007ffd9dc3c000 	C:\WINDOWS\SYSTEM32\CRYPTBASE.dll
0x00007ffd96370000 - 0x00007ffd96389000 	C:\WINDOWS\SYSTEM32\dhcpcsvc6.DLL
0x00007ffd961e0000 - 0x00007ffd961ff000 	C:\WINDOWS\SYSTEM32\dhcpcsvc.DLL

dbghelp: loaded successfully - version: 4.0.5 - missing functions: none
symbol engine: initialized successfully - sym options: 0x614 - pdb path: .;c:\Users\naveendurai\.vscode\extensions\redhat.java-1.13.0-win32-x64\jre\17.0.5-win32-x86_64\bin;C:\WINDOWS\SYSTEM32;C:\WINDOWS\WinSxS\amd64_microsoft.windows.common-controls_6595b64144ccf1df_6.0.22621.608_none_a9444ca7c10bb01d;c:\Users\naveendurai\.vscode\extensions\redhat.java-1.13.0-win32-x64\jre\17.0.5-win32-x86_64\bin\server

VM Arguments:
jvm_args: -Dsts.lsp.client=vscode -Dsts.log.file=/dev/null -XX:TieredStopAtLevel=1 -Xlog:jni+resolve=off -Dspring.config.location=file:c:\Users\naveendurai\.vscode\extensions\pivotal.vscode-spring-boot-1.42.0\language-server\BOOT-INF\classes\application.properties 
java_command: org.springframework.ide.vscode.boot.app.BootLanguageServerBootApp
java_class_path (initial): c:\Users\naveendurai\.vscode\extensions\pivotal.vscode-spring-boot-1.42.0\language-server\BOOT-INF\classes;c:\Users\naveendurai\.vscode\extensions\pivotal.vscode-spring-boot-1.42.0\language-server\BOOT-INF\lib\annotations-23.1.0.jar;c:\Users\naveendurai\.vscode\extensions\pivotal.vscode-spring-boot-1.42.0\language-server\BOOT-INF\lib\ant-1.10.12.jar;c:\Users\naveendurai\.vscode\extensions\pivotal.vscode-spring-boot-1.42.0\language-server\BOOT-INF\lib\ant-launcher-1.10.12.jar;c:\Users\naveendurai\.vscode\extensions\pivotal.vscode-spring-boot-1.42.0\language-server\BOOT-INF\lib\antlr-runtime-3.5.2.jar;c:\Users\naveendurai\.vscode\extensions\pivotal.vscode-spring-boot-1.42.0\language-server\BOOT-INF\lib\antlr4-4.9.3.jar;c:\Users\naveendurai\.vscode\extensions\pivotal.vscode-spring-boot-1.42.0\language-server\BOOT-INF\lib\antlr4-runtime-4.9.3.jar;c:\Users\naveendurai\.vscode\extensions\pivotal.vscode-spring-boot-1.42.0\language-server\BOOT-INF\lib\apiguardian-api-1.1.2.jar;c:\Users\naveendurai\.vscode\extensions\pivotal.vscode-spring-boot-1.42.0\language-server\BOOT-INF\lib\asm-9.4.jar;c:\Users\naveendurai\.vscode\extensions\pivotal.vscode-spring-boot-1.42.0\language-server\BOOT-INF\lib\asm-analysis-9.4.jar;c:\Users\naveendurai\.vscode\extensions\pivotal.vscode-spring-boot-1.42.0\language-server\BOOT-INF\lib\asm-tree-9.4.jar;c:\Users\naveendurai\.vscode\extensions\pivotal.vscode-spring-boot-1.42.0\language-server\BOOT-INF\lib\asm-util-9.4.jar;c:\Users\naveendurai\.vscode\extensions\pivotal.vscode-spring-boot-1.42.0\language-server\BOOT-INF\lib\caffeine-2.9.3.jar;c:\Users\naveendurai\.vscode\extensions\pivotal.vscode-spring-boot-1.42.0\language-server\BOOT-INF\lib\checker-qual-3.12.0.jar;c:\Users\naveendurai\.vscode\extensions\pivotal.vscode-spring-boot-1.42.0\language-server\BOOT-INF\lib\ci-environment-9.1.0.jar;c:\Users\naveendurai\.vscode\extensions\pivotal.vscode-spring-boot-1.42.0\language-server\BOOT-INF\lib\classgraph-4.8.149.jar;c:\Us
Launcher Type: SUN_STANDARD

[Global flags]
     intx CICompilerCount                          = 4                                         {product} {ergonomic}
     uint ConcGCThreads                            = 3                                         {product} {ergonomic}
     uint G1ConcRefinementThreads                  = 10                                        {product} {ergonomic}
   size_t G1HeapRegionSize                         = 1048576                                   {product} {ergonomic}
    uintx GCDrainStackTargetSize                   = 64                                        {product} {ergonomic}
   size_t InitialHeapSize                          = 123731968                                 {product} {ergonomic}
   size_t MarkStackSize                            = 4194304                                   {product} {ergonomic}
   size_t MaxHeapSize                              = 1967128576                                {product} {ergonomic}
   size_t MaxNewSize                               = 1179648000                                {product} {ergonomic}
   size_t MinHeapDeltaBytes                        = 1048576                                   {product} {ergonomic}
   size_t MinHeapSize                              = 8388608                                   {product} {ergonomic}
    uintx NonProfiledCodeHeapSize                  = 0                                      {pd product} {ergonomic}
     bool ProfileInterpreter                       = false                                  {pd product} {command line}
    uintx ProfiledCodeHeapSize                     = 0                                      {pd product} {ergonomic}
   size_t SoftMaxHeapSize                          = 1967128576                             {manageable} {ergonomic}
     intx TieredStopAtLevel                        = 1                                         {product} {command line}
     bool UseCompressedClassPointers               = true                           {product lp64_product} {ergonomic}
     bool UseCompressedOops                        = true                           {product lp64_product} {ergonomic}
     bool UseG1GC                                  = true                                      {product} {ergonomic}
     bool UseLargePagesIndividualAllocation        = false                                  {pd product} {ergonomic}

Logging:
Log output configuration:
 #0: stdout all=warning,jni+resolve=off uptime,level,tags
 #1: stderr all=off uptime,level,tags

Environment Variables:
JAVA_HOME=C:\Program Files\Java\jdk1.8.0_202
PATH=C:\Users\naveendurai\AppData\Local\cloud-code\installer\google-cloud-sdk\bin;C:\Program Files\Common Files\Oracle\Java\javapath;C:\Program Files (x86)\Common Files\Oracle\Java\javapath;C:\WINDOWS\system32;C:\WINDOWS;C:\WINDOWS\System32\Wbem;C:\WINDOWS\System32\WindowsPowerShell\v1.0\;C:\WINDOWS\System32\OpenSSH\;C:\Program Files\MySQL\MySQL Server 8.0\bin;C:\Program Files\Java\jdk1.8.0_202\bin;C:\Program Files\Git\cmd;C:\Program Files\Java\jdk-11.0.16\bin;C:\Program Files\nodejs\;C:\Program Files\nodejs;C:\Program Files\Docker\Docker\resources\bin;D:\Software and other dependencies\apache-maven-3.8.6-bin\apache-maven-3.8.6\bin;C:\Program Files\MySQL\MySQL Shell 8.0\bin\;C:\Users\naveendurai\AppData\Local\Microsoft\WindowsApps;C:\Users\naveendurai\AppData\Local\Programs\Microsoft VS Code\bin;C:\Users\naveendurai\AppData\Local\GitHubDesktop\bin;C:\Users\naveendurai\AppData\Roaming\npm;C:\Users\naveendurai\AppData\Local\Google\Cloud SDK\google-cloud-sdk\bin;C:\Program Files (x86)\Google\Cloud SDK\google-cloud-sdk\bin;C:\Program Files\Google\Cloud SDK\google-cloud-sdk\bin
USERNAME=naveendurai
OS=Windows_NT
PROCESSOR_IDENTIFIER=AMD64 Family 23 Model 104 Stepping 1, AuthenticAMD
TMP=C:\Users\NAVEEN~1\AppData\Local\Temp
TEMP=C:\Users\NAVEEN~1\AppData\Local\Temp



---------------  S Y S T E M  ---------------

OS:
 Windows 11 , 64 bit Build 22621 (10.0.22621.963)
OS uptime: 0 days 19:21 hours
Hyper-V role detected

CPU: total 12 (initial active 12) (12 cores per cpu, 2 threads per core) family 23 model 104 stepping 1 microcode 0x0, cx8, cmov, fxsr, ht, mmx, 3dnowpref, sse, sse2, sse3, ssse3, sse4a, sse4.1, sse4.2, popcnt, lzcnt, tsc, tscinvbit, avx, avx2, aes, clmul, bmi1, bmi2, adx, sha, fma, vzeroupper, clflush, clflushopt, hv

Memory: 4k page, system-wide physical 7503M (20M free)
TotalPageFile size 20998M (AvailPageFile size 36M)
current process WorkingSet (physical memory assigned to process): 134M, peak: 134M
current process commit charge ("private bytes"): 202M, peak: 242M

vm_info: OpenJDK 64-Bit Server VM (17.0.5+8) for windows-amd64 JRE (17.0.5+8), built on Oct 19 2022 04:48:13 by "temurin" with MS VC++ 16.7 (VS2019)

END.
