#
# There is insufficient memory for the Java Runtime Environment to continue.
# Native memory allocation (mmap) failed to map 126877696 bytes for G1 virtual space
# Possible reasons:
#   The system is out of physical RAM or swap space
#   The process is running with CompressedOops enabled, and the Java Heap may be blocking the growth of the native heap
# Possible solutions:
#   Reduce memory load on the system
#   Increase physical memory or swap space
#   Check if swap backing store is full
#   Decrease Java heap size (-Xmx/-Xms)
#   Decrease number of Java threads
#   Decrease Java thread stack sizes (-Xss)
#   Set larger code cache with -XX:ReservedCodeCacheSize=
#   JVM is running with Unscaled Compressed Oops mode in which the Java heap is
#     placed in the first 4GB address space. The Java Heap base address is the
#     maximum limit for the native heap growth. Please use -XX:HeapBaseMinAddress
#     to set the Java Heap base and to place the Java Heap above 4GB virtual address.
# This output file may be truncated or incomplete.
#
#  Out of Memory Error (os_windows.cpp:3548), pid=24264, tid=25176
#
# JRE version: OpenJDK Runtime Environment Temurin-17.0.5+8 (17.0.5+8) (build 17.0.5+8)
# Java VM: OpenJDK 64-Bit Server VM Temurin-17.0.5+8 (17.0.5+8, mixed mode, emulated-client, tiered, compressed oops, compressed class ptrs, g1 gc, windows-amd64)
# No core dump will be written. Minidumps are not enabled by default on client versions of Windows
#

---------------  S U M M A R Y ------------

Command Line: -Dsts.lsp.client=vscode -Dsts.log.file=/dev/null -XX:TieredStopAtLevel=1 -Xlog:jni+resolve=off -Dspring.config.location=file:c:\Users\naveendurai\.vscode\extensions\pivotal.vscode-spring-boot-1.42.0\language-server\BOOT-INF\classes\application.properties org.springframework.ide.vscode.boot.app.BootLanguageServerBootApp

Host: AMD Ryzen 5 5500U with Radeon Graphics         , 12 cores, 7G,  Windows 11 , 64 bit Build 22621 (10.0.22621.963)
Time: Thu Dec 15 12:52:24 2022 India Standard Time elapsed time: 10.154514 seconds (0d 0h 0m 10s)

---------------  T H R E A D  ---------------

Current thread (0x000001d647bcff50):  VMThread "VM Thread" [stack: 0x0000003fe7900000,0x0000003fe7a00000] [id=25176]

Stack: [0x0000003fe7900000,0x0000003fe7a00000]
Native frames: (J=compiled Java code, j=interpreted, Vv=VM code, C=native code)
V  [jvm.dll+0x676b3a]
V  [jvm.dll+0x831444]
V  [jvm.dll+0x832bee]
V  [jvm.dll+0x833253]
V  [jvm.dll+0x244ce5]
V  [jvm.dll+0x673a49]
V  [jvm.dll+0x66811a]
V  [jvm.dll+0x303ceb]
V  [jvm.dll+0x30b1e6]
V  [jvm.dll+0x35adbe]
V  [jvm.dll+0x35afef]
V  [jvm.dll+0x2dab88]
V  [jvm.dll+0x2d8e3c]
V  [jvm.dll+0x2d840c]
V  [jvm.dll+0x31c31b]
V  [jvm.dll+0x8376fb]
V  [jvm.dll+0x838434]
V  [jvm.dll+0x83894c]
V  [jvm.dll+0x838d24]
V  [jvm.dll+0x838df0]
V  [jvm.dll+0x7e17ea]
V  [jvm.dll+0x6759e5]
C  [ucrtbase.dll+0x29363]
C  [KERNEL32.DLL+0x126bd]
C  [ntdll.dll+0x5dfb8]

VM_Operation (0x0000003fe9afe1a0): G1CollectForAllocation, mode: safepoint, requested by thread 0x000001d649db61d0


---------------  P R O C E S S  ---------------

Threads class SMR info:
_java_thread_list=0x000001d649de2f20, length=41, elements={
0x000001d647bf1380, 0x000001d647bf1d30, 0x000001d647c0a8d0, 0x000001d647c0b190,
0x000001d647c0da60, 0x000001d647c0e320, 0x000001d6488137d0, 0x000001d6488140d0,
0x000001d648a28da0, 0x000001d648a29420, 0x000001d64921e610, 0x000001d649c22880,
0x000001d649ae7430, 0x000001d63a993500, 0x000001d6499be810, 0x000001d649d6a6d0,
0x000001d649d85e70, 0x000001d649da0dc0, 0x000001d649daeab0, 0x000001d649db7040,
0x000001d649db5d00, 0x000001d649db61d0, 0x000001d649db66a0, 0x000001d649db6b70,
0x000001d649db7510, 0x000001d649f42a30, 0x000001d649f433d0, 0x000001d649f3d390,
0x000001d649f3e6d0, 0x000001d649f3eba0, 0x000001d649f3d860, 0x000001d649f41220,
0x000001d649f3dd30, 0x000001d649f3fa10, 0x000001d649f44240, 0x000001d649f42f00,
0x000001d649f3f540, 0x000001d649f3e200, 0x000001d649f43d70, 0x000001d649f3f070,
0x000001d649f416f0
}

Java Threads: ( => current thread )
  0x000001d647bf1380 JavaThread "Reference Handler" daemon [_thread_blocked, id=24028, stack(0x0000003fe7a00000,0x0000003fe7b00000)]
  0x000001d647bf1d30 JavaThread "Finalizer" daemon [_thread_blocked, id=11992, stack(0x0000003fe7b00000,0x0000003fe7c00000)]
  0x000001d647c0a8d0 JavaThread "Signal Dispatcher" daemon [_thread_blocked, id=16004, stack(0x0000003fe7c00000,0x0000003fe7d00000)]
  0x000001d647c0b190 JavaThread "Attach Listener" daemon [_thread_blocked, id=15520, stack(0x0000003fe7d00000,0x0000003fe7e00000)]
  0x000001d647c0da60 JavaThread "Service Thread" daemon [_thread_blocked, id=9388, stack(0x0000003fe7e00000,0x0000003fe7f00000)]
  0x000001d647c0e320 JavaThread "Monitor Deflation Thread" daemon [_thread_blocked, id=23300, stack(0x0000003fe7f00000,0x0000003fe8000000)]
  0x000001d6488137d0 JavaThread "C1 CompilerThread0" daemon [_thread_blocked, id=10040, stack(0x0000003fe8000000,0x0000003fe8100000)]
  0x000001d6488140d0 JavaThread "Sweeper thread" daemon [_thread_blocked, id=23028, stack(0x0000003fe8100000,0x0000003fe8200000)]
  0x000001d648a28da0 JavaThread "Notification Thread" daemon [_thread_blocked, id=8204, stack(0x0000003fe8200000,0x0000003fe8300000)]
  0x000001d648a29420 JavaThread "Common-Cleaner" daemon [_thread_blocked, id=18012, stack(0x0000003fe8400000,0x0000003fe8500000)]
  0x000001d64921e610 JavaThread "boundedElastic-evictor-1" daemon [_thread_blocked, id=24348, stack(0x0000003fe8e00000,0x0000003fe8f00000)]
  0x000001d649c22880 JavaThread "pool-11-thread-1" [_thread_blocked, id=17600, stack(0x0000003fe9100000,0x0000003fe9200000)]
  0x000001d649ae7430 JavaThread "LanguageServerApp-lifecycle" [_thread_blocked, id=20880, stack(0x0000003fe9200000,0x0000003fe9300000)]
  0x000001d63a993500 JavaThread "DestroyJavaVM" [_thread_blocked, id=22476, stack(0x0000003fe7300000,0x0000003fe7400000)]
  0x000001d6499be810 JavaThread "pool-12-thread-1" [_thread_in_native, id=19164, stack(0x0000003fe9300000,0x0000003fe9400000)]
  0x000001d649d6a6d0 JavaThread "Simple-Language-Server main thread" daemon [_thread_blocked, id=10496, stack(0x0000003fe9400000,0x0000003fe9500000)]
  0x000001d649d85e70 JavaThread "pool-8-thread-1" [_thread_blocked, id=18196, stack(0x0000003fe9500000,0x0000003fe9600000)]
  0x000001d649da0dc0 JavaThread "parallel-1" daemon [_thread_blocked, id=9044, stack(0x0000003fe9600000,0x0000003fe9700000)]
  0x000001d649daeab0 JavaThread "ForkJoinPool.commonPool-worker-1" daemon [_thread_blocked, id=5520, stack(0x0000003fe9700000,0x0000003fe9800000)]
  0x000001d649db7040 JavaThread "pool-5-thread-1" [_thread_blocked, id=18596, stack(0x0000003fe9800000,0x0000003fe9900000)]
  0x000001d649db5d00 JavaThread "Reconciler-1" daemon [_thread_blocked, id=22544, stack(0x0000003fe9900000,0x0000003fe9a00000)]
  0x000001d649db61d0 JavaThread "ClassGraph-worker-0" daemon [_thread_blocked, id=24528, stack(0x0000003fe9a00000,0x0000003fe9b00000)]
  0x000001d649db66a0 JavaThread "ClassGraph-worker-1" daemon [_thread_blocked, id=8148, stack(0x0000003fe9b00000,0x0000003fe9c00000)]
  0x000001d649db6b70 JavaThread "ClassGraph-worker-2" daemon [_thread_blocked, id=18580, stack(0x0000003fe9c00000,0x0000003fe9d00000)]
  0x000001d649db7510 JavaThread "ClassGraph-worker-3" daemon [_thread_blocked, id=18180, stack(0x0000003fe9d00000,0x0000003fe9e00000)]
  0x000001d649f42a30 JavaThread "ClassGraph-worker-4" daemon [_thread_blocked, id=23800, stack(0x0000003fe9e00000,0x0000003fe9f00000)]
  0x000001d649f433d0 JavaThread "ClassGraph-worker-5" daemon [_thread_blocked, id=22316, stack(0x0000003fe9f00000,0x0000003fea000000)]
  0x000001d649f3d390 JavaThread "ClassGraph-worker-6" daemon [_thread_blocked, id=12012, stack(0x0000003fea000000,0x0000003fea100000)]
  0x000001d649f3e6d0 JavaThread "ClassGraph-worker-7" daemon [_thread_blocked, id=24076, stack(0x0000003fea100000,0x0000003fea200000)]
  0x000001d649f3eba0 JavaThread "ClassGraph-worker-8" daemon [_thread_blocked, id=23896, stack(0x0000003fea200000,0x0000003fea300000)]
  0x000001d649f3d860 JavaThread "ClassGraph-worker-9" daemon [_thread_blocked, id=21052, stack(0x0000003fea300000,0x0000003fea400000)]
  0x000001d649f41220 JavaThread "ClassGraph-worker-10" daemon [_thread_blocked, id=12300, stack(0x0000003fea400000,0x0000003fea500000)]
  0x000001d649f3dd30 JavaThread "ClassGraph-worker-11" daemon [_thread_blocked, id=13848, stack(0x0000003fea500000,0x0000003fea600000)]
  0x000001d649f3fa10 JavaThread "ClassGraph-worker-12" daemon [_thread_blocked, id=15288, stack(0x0000003fea600000,0x0000003fea700000)]
  0x000001d649f44240 JavaThread "ClassGraph-worker-13" daemon [_thread_blocked, id=7812, stack(0x0000003fea700000,0x0000003fea800000)]
  0x000001d649f42f00 JavaThread "ClassGraph-worker-14" daemon [_thread_blocked, id=21460, stack(0x0000003fea800000,0x0000003fea900000)]
  0x000001d649f3f540 JavaThread "ClassGraph-worker-15" daemon [_thread_blocked, id=14724, stack(0x0000003fea900000,0x0000003feaa00000)]
  0x000001d649f3e200 JavaThread "ClassGraph-worker-16" daemon [_thread_blocked, id=19872, stack(0x0000003feaa00000,0x0000003feab00000)]
  0x000001d649f43d70 JavaThread "ClassGraph-worker-17" daemon [_thread_blocked, id=7692, stack(0x0000003feab00000,0x0000003feac00000)]
  0x000001d649f3f070 JavaThread "ClassGraph-worker-18" daemon [_thread_blocked, id=640, stack(0x0000003feac00000,0x0000003fead00000)]
  0x000001d649f416f0 JavaThread "parallel-2" daemon [_thread_blocked, id=23748, stack(0x0000003fead00000,0x0000003feae00000)]

Other Threads:
=>0x000001d647bcff50 VMThread "VM Thread" [stack: 0x0000003fe7900000,0x0000003fe7a00000] [id=25176]
  0x000001d63aa05600 WatcherThread [stack: 0x0000003fe8300000,0x0000003fe8400000] [id=16952]
  0x000001d63a9ecd30 GCTaskThread "GC Thread#0" [stack: 0x0000003fe7400000,0x0000003fe7500000] [id=14224]
  0x000001d649462060 GCTaskThread "GC Thread#1" [stack: 0x0000003fe8500000,0x0000003fe8600000] [id=4980]
  0x000001d649486660 GCTaskThread "GC Thread#2" [stack: 0x0000003fe8600000,0x0000003fe8700000] [id=19616]
  0x000001d649486910 GCTaskThread "GC Thread#3" [stack: 0x0000003fe8700000,0x0000003fe8800000] [id=12472]
  0x000001d649486bc0 GCTaskThread "GC Thread#4" [stack: 0x0000003fe8800000,0x0000003fe8900000] [id=21388]
  0x000001d649486e70 GCTaskThread "GC Thread#5" [stack: 0x0000003fe8900000,0x0000003fe8a00000] [id=14940]
  0x000001d6496369c0 GCTaskThread "GC Thread#6" [stack: 0x0000003fe8a00000,0x0000003fe8b00000] [id=12824]
  0x000001d64965ee30 GCTaskThread "GC Thread#7" [stack: 0x0000003fe8b00000,0x0000003fe8c00000] [id=19860]
  0x000001d64965f4f0 GCTaskThread "GC Thread#8" [stack: 0x0000003fe8c00000,0x0000003fe8d00000] [id=23060]
  0x000001d64965f7a0 GCTaskThread "GC Thread#9" [stack: 0x0000003fe8d00000,0x0000003fe8e00000] [id=2016]
  0x000001d63a9fc850 ConcurrentGCThread "G1 Main Marker" [stack: 0x0000003fe7500000,0x0000003fe7600000] [id=12172]
  0x000001d63a9ff910 ConcurrentGCThread "G1 Conc#0" [stack: 0x0000003fe7600000,0x0000003fe7700000] [id=6952]
  0x000001d6497a9670 ConcurrentGCThread "G1 Conc#1" [stack: 0x0000003fe8f00000,0x0000003fe9000000] [id=18864]
  0x000001d6498753c0 ConcurrentGCThread "G1 Conc#2" [stack: 0x0000003fe9000000,0x0000003fe9100000] [id=18812]
  0x000001d647a464e0 ConcurrentGCThread "G1 Refine#0" [stack: 0x0000003fe7700000,0x0000003fe7800000] [id=22060]
  0x000001d63aa4d2a0 ConcurrentGCThread "G1 Service" [stack: 0x0000003fe7800000,0x0000003fe7900000] [id=23632]

Threads with active compile tasks:

VM state: at safepoint (normal execution)

VM Mutex/Monitor currently owned by a thread:  ([mutex/lock_event])
[0x000001d6387ffa70] Threads_lock - owner thread: 0x000001d647bcff50
[0x000001d63a991870] Heap_lock - owner thread: 0x000001d649db61d0

Heap address: 0x000000008ac00000, size: 1876 MB, Compressed Oops mode: 32-bit

CDS archive(s) not mapped
Compressed class space mapped at: 0x0000000100000000-0x0000000140000000, reserved size: 1073741824
Narrow klass base: 0x0000000000000000, Narrow klass shift: 3, Narrow klass range: 0x140000000

GC Precious Log:
 CPUs: 12 total, 12 available
 Memory: 7503M
 Large Page Support: Disabled
 NUMA Support: Disabled
 Compressed Oops: Enabled (32-bit)
 Heap Region Size: 1M
 Heap Min Capacity: 8M
 Heap Initial Capacity: 118M
 Heap Max Capacity: 1876M
 Pre-touch: Disabled
 Parallel Workers: 10
 Concurrent Workers: 3
 Concurrent Refinement Workers: 10
 Periodic GC: Disabled

Heap:
 garbage-first heap   total 120832K, used 67761K [0x000000008ac00000, 0x0000000100000000)
  region size 1024K, 1 young (1024K), 1 survivors (1024K)
 Metaspace       used 38225K, committed 38528K, reserved 1089536K
  class space    used 4828K, committed 4928K, reserved 1048576K

Heap Regions: E=young(eden), S=young(survivor), O=old, HS=humongous(starts), HC=humongous(continues), CS=collection set, F=free, OA=open archive, CA=closed archive, TAMS=top-at-mark-start (previous, next)
|   0|0x000000008ac00000, 0x000000008ad00000, 0x000000008ad00000|100%| O|  |TAMS 0x000000008ad00000, 0x000000008ac00000| Untracked 
|   1|0x000000008ad00000, 0x000000008ae00000, 0x000000008ae00000|100%| O|  |TAMS 0x000000008ae00000, 0x000000008ad00000| Untracked 
|   2|0x000000008ae00000, 0x000000008af00000, 0x000000008af00000|100%| O|  |TAMS 0x000000008af00000, 0x000000008ae00000| Untracked 
|   3|0x000000008af00000, 0x000000008b000000, 0x000000008b000000|100%| O|  |TAMS 0x000000008b000000, 0x000000008af00000| Untracked 
|   4|0x000000008b000000, 0x000000008b100000, 0x000000008b100000|100%| O|  |TAMS 0x000000008b100000, 0x000000008b000000| Untracked 
|   5|0x000000008b100000, 0x000000008b200000, 0x000000008b200000|100%| O|  |TAMS 0x000000008b200000, 0x000000008b100000| Untracked 
|   6|0x000000008b200000, 0x000000008b300000, 0x000000008b300000|100%| O|  |TAMS 0x000000008b300000, 0x000000008b200000| Untracked 
|   7|0x000000008b300000, 0x000000008b400000, 0x000000008b400000|100%| O|  |TAMS 0x000000008b400000, 0x000000008b300000| Untracked 
|   8|0x000000008b400000, 0x000000008b400000, 0x000000008b500000|  0%| F|  |TAMS 0x000000008b400000, 0x000000008b400000| Untracked 
|   9|0x000000008b500000, 0x000000008b600000, 0x000000008b600000|100%| O|  |TAMS 0x000000008b600000, 0x000000008b500000| Untracked 
|  10|0x000000008b600000, 0x000000008b700000, 0x000000008b700000|100%| O|  |TAMS 0x000000008b700000, 0x000000008b600000| Untracked 
|  11|0x000000008b700000, 0x000000008b800000, 0x000000008b800000|100%| O|  |TAMS 0x000000008b800000, 0x000000008b700000| Untracked 
|  12|0x000000008b800000, 0x000000008b900000, 0x000000008b900000|100%| O|  |TAMS 0x000000008b900000, 0x000000008b800000| Untracked 
|  13|0x000000008b900000, 0x000000008ba00000, 0x000000008ba00000|100%| O|  |TAMS 0x000000008ba00000, 0x000000008b900000| Untracked 
|  14|0x000000008ba00000, 0x000000008bb00000, 0x000000008bb00000|100%| O|  |TAMS 0x000000008bb00000, 0x000000008ba00000| Untracked 
|  15|0x000000008bb00000, 0x000000008bc00000, 0x000000008bc00000|100%| O|  |TAMS 0x000000008bc00000, 0x000000008bb00000| Untracked 
|  16|0x000000008bc00000, 0x000000008bd00000, 0x000000008bd00000|100%| O|  |TAMS 0x000000008bd00000, 0x000000008bc00000| Untracked 
|  17|0x000000008bd00000, 0x000000008be00000, 0x000000008be00000|100%| O|  |TAMS 0x000000008be00000, 0x000000008bd00000| Untracked 
|  18|0x000000008be00000, 0x000000008bf00000, 0x000000008bf00000|100%| O|  |TAMS 0x000000008bf00000, 0x000000008be00000| Untracked 
|  19|0x000000008bf00000, 0x000000008c000000, 0x000000008c000000|100%| O|  |TAMS 0x000000008c000000, 0x000000008bf00000| Untracked 
|  20|0x000000008c000000, 0x000000008c100000, 0x000000008c100000|100%| O|  |TAMS 0x000000008c100000, 0x000000008c000000| Untracked 
|  21|0x000000008c100000, 0x000000008c200000, 0x000000008c200000|100%| O|  |TAMS 0x000000008c200000, 0x000000008c100000| Untracked 
|  22|0x000000008c200000, 0x000000008c300000, 0x000000008c300000|100%| O|  |TAMS 0x000000008c300000, 0x000000008c200000| Untracked 
|  23|0x000000008c300000, 0x000000008c400000, 0x000000008c400000|100%| O|  |TAMS 0x000000008c400000, 0x000000008c300000| Untracked 
|  24|0x000000008c400000, 0x000000008c500000, 0x000000008c500000|100%| O|  |TAMS 0x000000008c500000, 0x000000008c400000| Untracked 
|  25|0x000000008c500000, 0x000000008c600000, 0x000000008c600000|100%| O|  |TAMS 0x000000008c600000, 0x000000008c500000| Untracked 
|  26|0x000000008c600000, 0x000000008c700000, 0x000000008c700000|100%| O|  |TAMS 0x000000008c700000, 0x000000008c600000| Untracked 
|  27|0x000000008c700000, 0x000000008c800000, 0x000000008c800000|100%| O|  |TAMS 0x000000008c800000, 0x000000008c700000| Untracked 
|  28|0x000000008c800000, 0x000000008c900000, 0x000000008c900000|100%| O|  |TAMS 0x000000008c900000, 0x000000008c800000| Untracked 
|  29|0x000000008c900000, 0x000000008ca00000, 0x000000008ca00000|100%| O|  |TAMS 0x000000008ca00000, 0x000000008c900000| Untracked 
|  30|0x000000008ca00000, 0x000000008cb00000, 0x000000008cb00000|100%| O|  |TAMS 0x000000008cb00000, 0x000000008ca00000| Untracked 
|  31|0x000000008cb00000, 0x000000008cc00000, 0x000000008cc00000|100%| O|  |TAMS 0x000000008cc00000, 0x000000008cb00000| Untracked 
|  32|0x000000008cc00000, 0x000000008cd00000, 0x000000008cd00000|100%| O|  |TAMS 0x000000008cd00000, 0x000000008cc00000| Untracked 
|  33|0x000000008cd00000, 0x000000008ce00000, 0x000000008ce00000|100%| O|  |TAMS 0x000000008ce00000, 0x000000008cd00000| Untracked 
|  34|0x000000008ce00000, 0x000000008cf00000, 0x000000008cf00000|100%| O|  |TAMS 0x000000008cf00000, 0x000000008ce00000| Untracked 
|  35|0x000000008cf00000, 0x000000008d000000, 0x000000008d000000|100%| O|  |TAMS 0x000000008d000000, 0x000000008cf00000| Untracked 
|  36|0x000000008d000000, 0x000000008d100000, 0x000000008d100000|100%| O|  |TAMS 0x000000008d100000, 0x000000008d000000| Untracked 
|  37|0x000000008d100000, 0x000000008d200000, 0x000000008d200000|100%| O|  |TAMS 0x000000008d200000, 0x000000008d100000| Untracked 
|  38|0x000000008d200000, 0x000000008d300000, 0x000000008d300000|100%| O|  |TAMS 0x000000008d300000, 0x000000008d200000| Untracked 
|  39|0x000000008d300000, 0x000000008d400000, 0x000000008d400000|100%| O|  |TAMS 0x000000008d400000, 0x000000008d300000| Untracked 
|  40|0x000000008d400000, 0x000000008d500000, 0x000000008d500000|100%| O|  |TAMS 0x000000008d500000, 0x000000008d400000| Untracked 
|  41|0x000000008d500000, 0x000000008d600000, 0x000000008d600000|100%| O|  |TAMS 0x000000008d600000, 0x000000008d500000| Untracked 
|  42|0x000000008d600000, 0x000000008d700000, 0x000000008d700000|100%| O|  |TAMS 0x000000008d700000, 0x000000008d600000| Untracked 
|  43|0x000000008d700000, 0x000000008d800000, 0x000000008d800000|100%| O|  |TAMS 0x000000008d800000, 0x000000008d700000| Untracked 
|  44|0x000000008d800000, 0x000000008d900000, 0x000000008d900000|100%| O|  |TAMS 0x000000008d900000, 0x000000008d800000| Untracked 
|  45|0x000000008d900000, 0x000000008da00000, 0x000000008da00000|100%| O|  |TAMS 0x000000008da00000, 0x000000008d900000| Untracked 
|  46|0x000000008da00000, 0x000000008db00000, 0x000000008db00000|100%| O|  |TAMS 0x000000008dab9a00, 0x000000008da00000| Untracked 
|  47|0x000000008db00000, 0x000000008dc00000, 0x000000008dc00000|100%| O|  |TAMS 0x000000008db00000, 0x000000008db00000| Untracked 
|  48|0x000000008dc00000, 0x000000008dd00000, 0x000000008dd00000|100%| O|  |TAMS 0x000000008dc00000, 0x000000008dc00000| Untracked 
|  49|0x000000008dd00000, 0x000000008de00000, 0x000000008de00000|100%| O|  |TAMS 0x000000008dd00000, 0x000000008dd00000| Untracked 
|  50|0x000000008de00000, 0x000000008df00000, 0x000000008df00000|100%|HS|  |TAMS 0x000000008de00000, 0x000000008de00000| Complete 
|  51|0x000000008df00000, 0x000000008e000000, 0x000000008e000000|100%|HC|  |TAMS 0x000000008df00000, 0x000000008df00000| Complete 
|  52|0x000000008e000000, 0x000000008e100000, 0x000000008e100000|100%|HS|  |TAMS 0x000000008e000000, 0x000000008e000000| Complete 
|  53|0x000000008e100000, 0x000000008e200000, 0x000000008e200000|100%|HS|  |TAMS 0x000000008e100000, 0x000000008e100000| Complete 
|  54|0x000000008e200000, 0x000000008e300000, 0x000000008e300000|100%| O|  |TAMS 0x000000008e200000, 0x000000008e200000| Untracked 
|  55|0x000000008e300000, 0x000000008e400000, 0x000000008e400000|100%| O|  |TAMS 0x000000008e300000, 0x000000008e300000| Untracked 
|  56|0x000000008e400000, 0x000000008e500000, 0x000000008e500000|100%| O|  |TAMS 0x000000008e400000, 0x000000008e400000| Untracked 
|  57|0x000000008e500000, 0x000000008e600000, 0x000000008e600000|100%| O|  |TAMS 0x000000008e500000, 0x000000008e500000| Untracked 
|  58|0x000000008e600000, 0x000000008e700000, 0x000000008e700000|100%| O|  |TAMS 0x000000008e600000, 0x000000008e600000| Untracked 
|  59|0x000000008e700000, 0x000000008e800000, 0x000000008e800000|100%| O|  |TAMS 0x000000008e700000, 0x000000008e700000| Untracked 
|  60|0x000000008e800000, 0x000000008e900000, 0x000000008e900000|100%| O|  |TAMS 0x000000008e800000, 0x000000008e800000| Untracked 
|  61|0x000000008e900000, 0x000000008ea00000, 0x000000008ea00000|100%| O|  |TAMS 0x000000008e900000, 0x000000008e900000| Untracked 
|  62|0x000000008ea00000, 0x000000008eb00000, 0x000000008eb00000|100%| O|  |TAMS 0x000000008ea00000, 0x000000008ea00000| Untracked 
|  63|0x000000008eb00000, 0x000000008ec00000, 0x000000008ec00000|100%| O|  |TAMS 0x000000008eb00000, 0x000000008eb00000| Untracked 
|  64|0x000000008ec00000, 0x000000008ed00000, 0x000000008ed00000|100%| O|  |TAMS 0x000000008ec00000, 0x000000008ec00000| Untracked 
|  65|0x000000008ed00000, 0x000000008ee00000, 0x000000008ee00000|100%| O|  |TAMS 0x000000008ed00000, 0x000000008ed00000| Untracked 
|  66|0x000000008ee00000, 0x000000008ee42000, 0x000000008ef00000| 25%| O|  |TAMS 0x000000008ee00000, 0x000000008ee00000| Untracked 
|  67|0x000000008ef00000, 0x000000008ef00000, 0x000000008f000000|  0%| F|  |TAMS 0x000000008ef00000, 0x000000008ef00000| Untracked 
|  68|0x000000008f000000, 0x000000008f000000, 0x000000008f100000|  0%| F|  |TAMS 0x000000008f000000, 0x000000008f000000| Untracked 
|  69|0x000000008f100000, 0x000000008f100000, 0x000000008f200000|  0%| F|  |TAMS 0x000000008f100000, 0x000000008f100000| Untracked 
|  70|0x000000008f200000, 0x000000008f200000, 0x000000008f300000|  0%| F|  |TAMS 0x000000008f200000, 0x000000008f200000| Untracked 
|  71|0x000000008f300000, 0x000000008f300000, 0x000000008f400000|  0%| F|  |TAMS 0x000000008f300000, 0x000000008f300000| Untracked 
|  72|0x000000008f400000, 0x000000008f400000, 0x000000008f500000|  0%| F|  |TAMS 0x000000008f400000, 0x000000008f400000| Untracked 
|  73|0x000000008f500000, 0x000000008f500000, 0x000000008f600000|  0%| F|  |TAMS 0x000000008f500000, 0x000000008f500000| Untracked 
|  74|0x000000008f600000, 0x000000008f600000, 0x000000008f700000|  0%| F|  |TAMS 0x000000008f600000, 0x000000008f600000| Untracked 
|  75|0x000000008f700000, 0x000000008f700000, 0x000000008f800000|  0%| F|  |TAMS 0x000000008f700000, 0x000000008f700000| Untracked 
|  76|0x000000008f800000, 0x000000008f800000, 0x000000008f900000|  0%| F|  |TAMS 0x000000008f800000, 0x000000008f800000| Untracked 
|  77|0x000000008f900000, 0x000000008f900000, 0x000000008fa00000|  0%| F|  |TAMS 0x000000008f900000, 0x000000008f900000| Untracked 
|  78|0x000000008fa00000, 0x000000008fa00000, 0x000000008fb00000|  0%| F|  |TAMS 0x000000008fa00000, 0x000000008fa00000| Untracked 
|  79|0x000000008fb00000, 0x000000008fb00000, 0x000000008fc00000|  0%| F|  |TAMS 0x000000008fb00000, 0x000000008fb00000| Untracked 
|  80|0x000000008fc00000, 0x000000008fc00000, 0x000000008fd00000|  0%| F|  |TAMS 0x000000008fc00000, 0x000000008fc00000| Untracked 
|  81|0x000000008fd00000, 0x000000008fd00000, 0x000000008fe00000|  0%| F|  |TAMS 0x000000008fd00000, 0x000000008fd00000| Untracked 
|  82|0x000000008fe00000, 0x000000008fe00000, 0x000000008ff00000|  0%| F|  |TAMS 0x000000008fe00000, 0x000000008fe00000| Untracked 
|  83|0x000000008ff00000, 0x000000008ff00000, 0x0000000090000000|  0%| F|  |TAMS 0x000000008ff00000, 0x000000008ff00000| Untracked 
|  84|0x0000000090000000, 0x0000000090000000, 0x0000000090100000|  0%| F|  |TAMS 0x0000000090000000, 0x0000000090000000| Untracked 
|  85|0x0000000090100000, 0x0000000090100000, 0x0000000090200000|  0%| F|  |TAMS 0x0000000090100000, 0x0000000090100000| Untracked 
|  86|0x0000000090200000, 0x0000000090200000, 0x0000000090300000|  0%| F|  |TAMS 0x0000000090200000, 0x0000000090200000| Untracked 
|  87|0x0000000090300000, 0x0000000090300000, 0x0000000090400000|  0%| F|  |TAMS 0x0000000090300000, 0x0000000090300000| Untracked 
|  88|0x0000000090400000, 0x0000000090400000, 0x0000000090500000|  0%| F|  |TAMS 0x0000000090400000, 0x0000000090400000| Untracked 
|  89|0x0000000090500000, 0x0000000090500000, 0x0000000090600000|  0%| F|  |TAMS 0x0000000090500000, 0x0000000090500000| Untracked 
|  90|0x0000000090600000, 0x0000000090600000, 0x0000000090700000|  0%| F|  |TAMS 0x0000000090600000, 0x0000000090600000| Untracked 
|  91|0x0000000090700000, 0x0000000090700000, 0x0000000090800000|  0%| F|  |TAMS 0x0000000090700000, 0x0000000090700000| Untracked 
|  92|0x0000000090800000, 0x0000000090800000, 0x0000000090900000|  0%| F|  |TAMS 0x0000000090800000, 0x0000000090800000| Untracked 
|  93|0x0000000090900000, 0x0000000090900000, 0x0000000090a00000|  0%| F|  |TAMS 0x0000000090900000, 0x0000000090900000| Untracked 
|  94|0x0000000090a00000, 0x0000000090a00000, 0x0000000090b00000|  0%| F|  |TAMS 0x0000000090a00000, 0x0000000090a00000| Untracked 
|  95|0x0000000090b00000, 0x0000000090b00000, 0x0000000090c00000|  0%| F|  |TAMS 0x0000000090b00000, 0x0000000090b00000| Untracked 
|  96|0x0000000090c00000, 0x0000000090c00000, 0x0000000090d00000|  0%| F|  |TAMS 0x0000000090c00000, 0x0000000090c00000| Untracked 
|  97|0x0000000090d00000, 0x0000000090d00000, 0x0000000090e00000|  0%| F|  |TAMS 0x0000000090d00000, 0x0000000090d00000| Untracked 
|  98|0x0000000090e00000, 0x0000000090e00000, 0x0000000090f00000|  0%| F|  |TAMS 0x0000000090e00000, 0x0000000090e00000| Untracked 
|  99|0x0000000090f00000, 0x0000000090f00000, 0x0000000091000000|  0%| F|  |TAMS 0x0000000090f00000, 0x0000000090f00000| Untracked 
| 100|0x0000000091000000, 0x0000000091000000, 0x0000000091100000|  0%| F|  |TAMS 0x0000000091000000, 0x0000000091000000| Untracked 
| 101|0x0000000091100000, 0x0000000091100000, 0x0000000091200000|  0%| F|  |TAMS 0x0000000091100000, 0x0000000091100000| Untracked 
| 102|0x0000000091200000, 0x0000000091200000, 0x0000000091300000|  0%| F|  |TAMS 0x0000000091200000, 0x0000000091200000| Untracked 
| 103|0x0000000091300000, 0x0000000091300000, 0x0000000091400000|  0%| F|  |TAMS 0x0000000091300000, 0x0000000091300000| Untracked 
| 104|0x0000000091400000, 0x0000000091400000, 0x0000000091500000|  0%| F|  |TAMS 0x0000000091400000, 0x0000000091400000| Untracked 
| 105|0x0000000091500000, 0x0000000091500000, 0x0000000091600000|  0%| F|  |TAMS 0x0000000091500000, 0x0000000091500000| Untracked 
| 106|0x0000000091600000, 0x0000000091600000, 0x0000000091700000|  0%| F|  |TAMS 0x0000000091600000, 0x0000000091600000| Untracked 
| 107|0x0000000091700000, 0x0000000091700000, 0x0000000091800000|  0%| F|  |TAMS 0x0000000091700000, 0x0000000091700000| Untracked 
| 108|0x0000000091800000, 0x0000000091800000, 0x0000000091900000|  0%| F|  |TAMS 0x0000000091800000, 0x0000000091800000| Untracked 
| 109|0x0000000091900000, 0x0000000091900000, 0x0000000091a00000|  0%| F|  |TAMS 0x0000000091900000, 0x0000000091900000| Untracked 
| 110|0x0000000091a00000, 0x0000000091a00000, 0x0000000091b00000|  0%| F|  |TAMS 0x0000000091a00000, 0x0000000091a00000| Untracked 
| 111|0x0000000091b00000, 0x0000000091b00000, 0x0000000091c00000|  0%| F|  |TAMS 0x0000000091b00000, 0x0000000091b00000| Untracked 
| 112|0x0000000091c00000, 0x0000000091c00000, 0x0000000091d00000|  0%| F|  |TAMS 0x0000000091c00000, 0x0000000091c00000| Untracked 
| 113|0x0000000091d00000, 0x0000000091d00000, 0x0000000091e00000|  0%| F|  |TAMS 0x0000000091d00000, 0x0000000091d00000| Untracked 
| 114|0x0000000091e00000, 0x0000000091e00000, 0x0000000091f00000|  0%| F|  |TAMS 0x0000000091e00000, 0x0000000091e00000| Untracked 
| 115|0x0000000091f00000, 0x0000000091f00000, 0x0000000092000000|  0%| F|  |TAMS 0x0000000091f00000, 0x0000000091f00000| Untracked 
| 116|0x0000000092000000, 0x00000000920ea700, 0x0000000092100000| 91%| S|CS|TAMS 0x0000000092000000, 0x0000000092000000| Complete 
| 117|0x0000000092100000, 0x0000000092100000, 0x0000000092200000|  0%| F|  |TAMS 0x0000000092100000, 0x0000000092100000| Untracked 

Card table byte_map: [0x000001d640cf0000,0x000001d6410a0000] _byte_map_base: 0x000001d64089a000

Marking Bits (Prev, Next): (CMBitMap*) 0x000001d63a9ed340, (CMBitMap*) 0x000001d63a9ed380
 Prev Bits: [0x000001d641450000, 0x000001d6431a0000)
 Next Bits: [0x000001d6431a0000, 0x000001d644ef0000)

Polling page: 0x000001d638990000

Metaspace:

Usage:
  Non-class:     32.61 MB used.
      Class:      4.72 MB used.
       Both:     37.33 MB used.

Virtual space:
  Non-class space:       40.00 MB reserved,      32.81 MB ( 82%) committed,  5 nodes.
      Class space:        1.00 GB reserved,       4.81 MB ( <1%) committed,  1 nodes.
             Both:        1.04 GB reserved,      37.62 MB (  4%) committed. 

Chunk freelists:
   Non-Class:  2.27 MB
       Class:  3.00 MB
        Both:  5.27 MB

MaxMetaspaceSize: unlimited
CompressedClassSpaceSize: 1.00 GB
Initial GC threshold: 21.00 MB
Current GC threshold: 62.75 MB
CDS: off
MetaspaceReclaimPolicy: balanced
 - commit_granule_bytes: 65536.
 - commit_granule_words: 8192.
 - virtual_space_node_default_size: 1048576.
 - enlarge_chunks_in_place: 1.
 - new_chunks_are_fully_committed: 0.
 - uncommit_free_chunks: 1.
 - use_allocation_guard: 0.
 - handle_deallocations: 1.


Internal statistics:

num_allocs_failed_limit: 8.
num_arena_births: 344.
num_arena_deaths: 0.
num_vsnodes_births: 6.
num_vsnodes_deaths: 0.
num_space_committed: 602.
num_space_uncommitted: 0.
num_chunks_returned_to_freelist: 8.
num_chunks_taken_from_freelist: 1435.
num_chunk_merges: 8.
num_chunk_splits: 999.
num_chunks_enlarged: 782.
num_purges: 0.
num_inconsistent_stats: 0.

CodeCache: size=49152Kb used=7160Kb max_used=7160Kb free=41991Kb
 bounds [0x000001d63d610000, 0x000001d63dd10000, 0x000001d640610000]
 total_blobs=4157 nmethods=3631 adapters=453
 compilation: enabled
              stopped_count=0, restarted_count=0
 full_count=0

Compilation events (20 events):
Event: 10.009 Thread 0x000001d6488137d0 3622       1       io.github.classgraph.ClasspathElement::maskClassfiles (191 bytes)
Event: 10.012 Thread 0x000001d6488137d0 nmethod 3622 0x000001d63dd06c10 code [0x000001d63dd06f60, 0x000001d63dd07da8]
Event: 10.038 Thread 0x000001d6488137d0 3623       1       java.util.HashMap::putAll (7 bytes)
Event: 10.039 Thread 0x000001d6488137d0 nmethod 3623 0x000001d63dd08710 code [0x000001d63dd088a0, 0x000001d63dd08988]
Event: 10.040 Thread 0x000001d6488137d0 3624       1       java.util.concurrent.ConcurrentHashMap::entrySet (25 bytes)
Event: 10.041 Thread 0x000001d6488137d0 nmethod 3624 0x000001d63dd08a10 code [0x000001d63dd08ba0, 0x000001d63dd08d98]
Event: 10.041 Thread 0x000001d6488137d0 3625       1       java.util.concurrent.ConcurrentHashMap$EntrySetView::iterator (34 bytes)
Event: 10.041 Thread 0x000001d6488137d0 nmethod 3625 0x000001d63dd08e10 code [0x000001d63dd08fc0, 0x000001d63dd091d8]
Event: 10.041 Thread 0x000001d6488137d0 3626       1       java.util.concurrent.ConcurrentHashMap$EntryIterator::<init> (12 bytes)
Event: 10.041 Thread 0x000001d6488137d0 nmethod 3626 0x000001d63dd09310 code [0x000001d63dd094c0, 0x000001d63dd09618]
Event: 10.042 Thread 0x000001d6488137d0 3627       1       nonapi.io.github.classgraph.utils.JarUtils::classfilePathToClassName (56 bytes)
Event: 10.043 Thread 0x000001d6488137d0 nmethod 3627 0x000001d63dd09710 code [0x000001d63dd09920, 0x000001d63dd09d68]
Event: 10.043 Thread 0x000001d6488137d0 3628       1       io.github.classgraph.Scanner$ClassfileScanWorkUnit::<init> (20 bytes)
Event: 10.043 Thread 0x000001d6488137d0 nmethod 3628 0x000001d63dd0a010 code [0x000001d63dd0a1a0, 0x000001d63dd0a318]
Event: 10.085 Thread 0x000001d6488137d0 3629       1       java.lang.StringUTF16::replace (168 bytes)
Event: 10.086 Thread 0x000001d6488137d0 nmethod 3629 0x000001d63dd0a390 code [0x000001d63dd0a560, 0x000001d63dd0aa68]
Event: 10.126 Thread 0x000001d6488137d0 3630 %     1       io.github.classgraph.Scanner::performScan @ 186 (496 bytes)
Event: 10.129 Thread 0x000001d6488137d0 nmethod 3630% 0x000001d63dd0ac90 code [0x000001d63dd0b100, 0x000001d63dd0cb98]
Event: 10.132 Thread 0x000001d6488137d0 3631       1       nonapi.io.github.classgraph.concurrency.WorkQueue::addWorkUnit (41 bytes)
Event: 10.132 Thread 0x000001d6488137d0 nmethod 3631 0x000001d63dd0db90 code [0x000001d63dd0dd40, 0x000001d63dd0df98]

GC Heap History (20 events):
Event: 9.230 GC heap after
{Heap after GC invocations=10 (full 0):
 garbage-first heap   total 51200K, used 25336K [0x000000008ac00000, 0x0000000100000000)
  region size 1024K, 3 young (3072K), 3 survivors (3072K)
 Metaspace       used 35715K, committed 36096K, reserved 1081344K
  class space    used 4629K, committed 4800K, reserved 1048576K
}
Event: 9.246 GC heap before
{Heap before GC invocations=10 (full 0):
 garbage-first heap   total 51200K, used 28408K [0x000000008ac00000, 0x0000000100000000)
  region size 1024K, 8 young (8192K), 3 survivors (3072K)
 Metaspace       used 35756K, committed 36096K, reserved 1081344K
  class space    used 4634K, committed 4800K, reserved 1048576K
}
Event: 9.252 GC heap after
{Heap after GC invocations=11 (full 0):
 garbage-first heap   total 62464K, used 26901K [0x000000008ac00000, 0x0000000100000000)
  region size 1024K, 2 young (2048K), 2 survivors (2048K)
 Metaspace       used 35756K, committed 36096K, reserved 1081344K
  class space    used 4634K, committed 4800K, reserved 1048576K
}
Event: 9.411 GC heap before
{Heap before GC invocations=12 (full 0):
 garbage-first heap   total 62464K, used 43285K [0x000000008ac00000, 0x0000000100000000)
  region size 1024K, 19 young (19456K), 2 survivors (2048K)
 Metaspace       used 36276K, committed 36608K, reserved 1081344K
  class space    used 4680K, committed 4800K, reserved 1048576K
}
Event: 9.421 GC heap after
{Heap after GC invocations=13 (full 0):
 garbage-first heap   total 62464K, used 29482K [0x000000008ac00000, 0x0000000100000000)
  region size 1024K, 3 young (3072K), 3 survivors (3072K)
 Metaspace       used 36276K, committed 36608K, reserved 1081344K
  class space    used 4680K, committed 4800K, reserved 1048576K
}
Event: 9.503 GC heap before
{Heap before GC invocations=13 (full 0):
 garbage-first heap   total 62464K, used 45866K [0x000000008ac00000, 0x0000000100000000)
  region size 1024K, 19 young (19456K), 3 survivors (3072K)
 Metaspace       used 36501K, committed 36864K, reserved 1081344K
  class space    used 4697K, committed 4864K, reserved 1048576K
}
Event: 9.508 GC heap after
{Heap after GC invocations=14 (full 0):
 garbage-first heap   total 62464K, used 32346K [0x000000008ac00000, 0x0000000100000000)
  region size 1024K, 3 young (3072K), 3 survivors (3072K)
 Metaspace       used 36501K, committed 36864K, reserved 1081344K
  class space    used 4697K, committed 4864K, reserved 1048576K
}
Event: 9.554 GC heap before
{Heap before GC invocations=14 (full 0):
 garbage-first heap   total 62464K, used 46682K [0x000000008ac00000, 0x0000000100000000)
  region size 1024K, 17 young (17408K), 3 survivors (3072K)
 Metaspace       used 36702K, committed 37056K, reserved 1081344K
  class space    used 4717K, committed 4864K, reserved 1048576K
}
Event: 9.559 GC heap after
{Heap after GC invocations=15 (full 0):
 garbage-first heap   total 62464K, used 35285K [0x000000008ac00000, 0x0000000100000000)
  region size 1024K, 3 young (3072K), 3 survivors (3072K)
 Metaspace       used 36702K, committed 37056K, reserved 1081344K
  class space    used 4717K, committed 4864K, reserved 1048576K
}
Event: 9.600 GC heap before
{Heap before GC invocations=16 (full 0):
 garbage-first heap   total 71680K, used 46549K [0x000000008ac00000, 0x0000000100000000)
  region size 1024K, 14 young (14336K), 3 survivors (3072K)
 Metaspace       used 36763K, committed 37120K, reserved 1081344K
  class space    used 4723K, committed 4864K, reserved 1048576K
}
Event: 9.607 GC heap after
{Heap after GC invocations=17 (full 0):
 garbage-first heap   total 97280K, used 39527K [0x000000008ac00000, 0x0000000100000000)
  region size 1024K, 2 young (2048K), 2 survivors (2048K)
 Metaspace       used 36763K, committed 37120K, reserved 1081344K
  class space    used 4723K, committed 4864K, reserved 1048576K
}
Event: 9.699 GC heap before
{Heap before GC invocations=17 (full 0):
 garbage-first heap   total 97280K, used 67175K [0x000000008ac00000, 0x0000000100000000)
  region size 1024K, 29 young (29696K), 2 survivors (2048K)
 Metaspace       used 37106K, committed 37376K, reserved 1081344K
  class space    used 4758K, committed 4864K, reserved 1048576K
}
Event: 9.706 GC heap after
{Heap after GC invocations=18 (full 0):
 garbage-first heap   total 97280K, used 44567K [0x000000008ac00000, 0x0000000100000000)
  region size 1024K, 4 young (4096K), 4 survivors (4096K)
 Metaspace       used 37106K, committed 37376K, reserved 1081344K
  class space    used 4758K, committed 4864K, reserved 1048576K
}
Event: 9.901 GC heap before
{Heap before GC invocations=18 (full 0):
 garbage-first heap   total 97280K, used 68119K [0x000000008ac00000, 0x0000000100000000)
  region size 1024K, 28 young (28672K), 4 survivors (4096K)
 Metaspace       used 38038K, committed 38336K, reserved 1089536K
  class space    used 4808K, committed 4928K, reserved 1048576K
}
Event: 9.909 GC heap after
{Heap after GC invocations=19 (full 0):
 garbage-first heap   total 97280K, used 51183K [0x000000008ac00000, 0x0000000100000000)
  region size 1024K, 4 young (4096K), 4 survivors (4096K)
 Metaspace       used 38038K, committed 38336K, reserved 1089536K
  class space    used 4808K, committed 4928K, reserved 1048576K
}
Event: 9.994 GC heap before
{Heap before GC invocations=19 (full 0):
 garbage-first heap   total 97280K, used 57327K [0x000000008ac00000, 0x0000000100000000)
  region size 1024K, 12 young (12288K), 4 survivors (4096K)
 Metaspace       used 38220K, committed 38528K, reserved 1089536K
  class space    used 4826K, committed 4928K, reserved 1048576K
}
Event: 9.998 GC heap after
{Heap after GC invocations=20 (full 0):
 garbage-first heap   total 97280K, used 51760K [0x000000008ac00000, 0x0000000100000000)
  region size 1024K, 2 young (2048K), 2 survivors (2048K)
 Metaspace       used 38220K, committed 38528K, reserved 1089536K
  class space    used 4826K, committed 4928K, reserved 1048576K
}
Event: 10.114 GC heap before
{Heap before GC invocations=21 (full 0):
 garbage-first heap   total 99328K, used 76336K [0x000000008ac00000, 0x0000000100000000)
  region size 1024K, 22 young (22528K), 2 survivors (2048K)
 Metaspace       used 38221K, committed 38528K, reserved 1089536K
  class space    used 4826K, committed 4928K, reserved 1048576K
}
Event: 10.125 GC heap after
{Heap after GC invocations=22 (full 0):
 garbage-first heap   total 99328K, used 66352K [0x000000008ac00000, 0x0000000100000000)
  region size 1024K, 3 young (3072K), 3 survivors (3072K)
 Metaspace       used 38221K, committed 38528K, reserved 1089536K
  class space    used 4826K, committed 4928K, reserved 1048576K
}
Event: 10.132 GC heap before
{Heap before GC invocations=22 (full 0):
 garbage-first heap   total 99328K, used 67376K [0x000000008ac00000, 0x0000000100000000)
  region size 1024K, 4 young (4096K), 3 survivors (3072K)
 Metaspace       used 38225K, committed 38528K, reserved 1089536K
  class space    used 4828K, committed 4928K, reserved 1048576K
}

Dll operation events (8 events):
Event: 0.033 Loaded shared library c:\Users\naveendurai\.vscode\extensions\redhat.java-1.13.0-win32-x64\jre\17.0.5-win32-x86_64\bin\java.dll
Event: 0.424 Loaded shared library C:\Users\naveendurai\.vscode\extensions\redhat.java-1.13.0-win32-x64\jre\17.0.5-win32-x86_64\bin\net.dll
Event: 0.429 Loaded shared library C:\Users\naveendurai\.vscode\extensions\redhat.java-1.13.0-win32-x64\jre\17.0.5-win32-x86_64\bin\nio.dll
Event: 0.446 Loaded shared library C:\Users\naveendurai\.vscode\extensions\redhat.java-1.13.0-win32-x64\jre\17.0.5-win32-x86_64\bin\zip.dll
Event: 0.868 Loaded shared library c:\Users\naveendurai\.vscode\extensions\redhat.java-1.13.0-win32-x64\jre\17.0.5-win32-x86_64\bin\verify.dll
Event: 0.884 Loaded shared library C:\Users\naveendurai\.vscode\extensions\redhat.java-1.13.0-win32-x64\jre\17.0.5-win32-x86_64\bin\jimage.dll
Event: 2.845 Loaded shared library C:\Users\naveendurai\.vscode\extensions\redhat.java-1.13.0-win32-x64\jre\17.0.5-win32-x86_64\bin\management.dll
Event: 2.859 Loaded shared library C:\Users\naveendurai\.vscode\extensions\redhat.java-1.13.0-win32-x64\jre\17.0.5-win32-x86_64\bin\management_ext.dll

Deoptimization events (10 events):
Event: 3.543 Thread 0x000001d63a993500 DEOPT PACKING pc=0x000001d63d9b8f19 sp=0x0000003fe73fd590
Event: 3.543 Thread 0x000001d63a993500 DEOPT UNPACKING pc=0x000001d63d662b43 sp=0x0000003fe73fca70 mode 3
Event: 8.656 Thread 0x000001d649d6a6d0 DEOPT PACKING pc=0x000001d63dbe8735 sp=0x0000003fe94fd390
Event: 8.656 Thread 0x000001d649d6a6d0 DEOPT UNPACKING pc=0x000001d63d662b43 sp=0x0000003fe94fc8a8 mode 3
Event: 8.918 Thread 0x000001d649daeab0 DEOPT PACKING pc=0x000001d63dc042ab sp=0x0000003fe97fe320
Event: 8.918 Thread 0x000001d649daeab0 DEOPT UNPACKING pc=0x000001d63d662b43 sp=0x0000003fe97fd868 mode 3
Event: 9.164 Thread 0x000001d6499be810 DEOPT PACKING pc=0x000001d63d9b7601 sp=0x0000003fe93fdc20
Event: 9.164 Thread 0x000001d6499be810 DEOPT UNPACKING pc=0x000001d63d662b43 sp=0x0000003fe93fd0b0 mode 3
Event: 9.611 Thread 0x000001d649f43d70 DEOPT PACKING pc=0x000001d63d9b5e97 sp=0x0000003feabff100
Event: 9.611 Thread 0x000001d649f43d70 DEOPT UNPACKING pc=0x000001d63d662b43 sp=0x0000003feabfe558 mode 3

Classes unloaded (0 events):
No events

Classes redefined (0 events):
No events

Internal exceptions (20 events):
Event: 9.018 Thread 0x000001d649db66a0 Exception <a 'sun/nio/fs/WindowsException'{0x00000000909f2b70}> (0x00000000909f2b70) 
thrown [s\src\hotspot\share\prims\jni.cpp, line 516]
Event: 9.018 Thread 0x000001d649db66a0 Exception <a 'sun/nio/fs/WindowsException'{0x00000000909f2fa0}> (0x00000000909f2fa0) 
thrown [s\src\hotspot\share\prims\jni.cpp, line 516]
Event: 9.020 Thread 0x000001d649db66a0 Exception <a 'sun/nio/fs/WindowsException'{0x00000000909f39e0}> (0x00000000909f39e0) 
thrown [s\src\hotspot\share\prims\jni.cpp, line 516]
Event: 9.020 Thread 0x000001d649db66a0 Exception <a 'sun/nio/fs/WindowsException'{0x00000000909f3de0}> (0x00000000909f3de0) 
thrown [s\src\hotspot\share\prims\jni.cpp, line 516]
Event: 9.020 Thread 0x000001d649db66a0 Exception <a 'sun/nio/fs/WindowsException'{0x00000000909f47f8}> (0x00000000909f47f8) 
thrown [s\src\hotspot\share\prims\jni.cpp, line 516]
Event: 9.020 Thread 0x000001d649db66a0 Exception <a 'sun/nio/fs/WindowsException'{0x00000000909f4bb8}> (0x00000000909f4bb8) 
thrown [s\src\hotspot\share\prims\jni.cpp, line 516]
Event: 9.021 Thread 0x000001d649db66a0 Exception <a 'sun/nio/fs/WindowsException'{0x00000000909f55e0}> (0x00000000909f55e0) 
thrown [s\src\hotspot\share\prims\jni.cpp, line 516]
Event: 9.021 Thread 0x000001d649db66a0 Exception <a 'sun/nio/fs/WindowsException'{0x00000000909f59c0}> (0x00000000909f59c0) 
thrown [s\src\hotspot\share\prims\jni.cpp, line 516]
Event: 9.021 Thread 0x000001d649db66a0 Exception <a 'sun/nio/fs/WindowsException'{0x00000000909f63d8}> (0x00000000909f63d8) 
thrown [s\src\hotspot\share\prims\jni.cpp, line 516]
Event: 9.021 Thread 0x000001d649db66a0 Exception <a 'sun/nio/fs/WindowsException'{0x00000000909f67a8}> (0x00000000909f67a8) 
thrown [s\src\hotspot\share\prims\jni.cpp, line 516]
Event: 9.021 Thread 0x000001d649db66a0 Exception <a 'sun/nio/fs/WindowsException'{0x00000000909f71d0}> (0x00000000909f71d0) 
thrown [s\src\hotspot\share\prims\jni.cpp, line 516]
Event: 9.021 Thread 0x000001d649db66a0 Exception <a 'sun/nio/fs/WindowsException'{0x00000000909f75b0}> (0x00000000909f75b0) 
thrown [s\src\hotspot\share\prims\jni.cpp, line 516]
Event: 9.022 Thread 0x000001d649db66a0 Exception <a 'sun/nio/fs/WindowsException'{0x00000000909f7ff0}> (0x00000000909f7ff0) 
thrown [s\src\hotspot\share\prims\jni.cpp, line 516]
Event: 9.022 Thread 0x000001d649db66a0 Exception <a 'sun/nio/fs/WindowsException'{0x00000000909f83f0}> (0x00000000909f83f0) 
thrown [s\src\hotspot\share\prims\jni.cpp, line 516]
Event: 9.024 Thread 0x000001d649db66a0 Exception <a 'sun/nio/fs/WindowsException'{0x00000000909f8e48}> (0x00000000909f8e48) 
thrown [s\src\hotspot\share\prims\jni.cpp, line 516]
Event: 9.025 Thread 0x000001d649db66a0 Exception <a 'sun/nio/fs/WindowsException'{0x00000000909f9260}> (0x00000000909f9260) 
thrown [s\src\hotspot\share\prims\jni.cpp, line 516]
Event: 9.025 Thread 0x000001d649db66a0 Exception <a 'sun/nio/fs/WindowsException'{0x00000000909f9cb0}> (0x00000000909f9cb0) 
thrown [s\src\hotspot\share\prims\jni.cpp, line 516]
Event: 9.026 Thread 0x000001d649db66a0 Exception <a 'sun/nio/fs/WindowsException'{0x00000000909fa0c0}> (0x00000000909fa0c0) 
thrown [s\src\hotspot\share\prims\jni.cpp, line 516]
Event: 9.049 Thread 0x000001d649d6a6d0 Exception <a 'java/lang/NoSuchMethodError'{0x0000000090895748}: 'int java.lang.invoke.DirectMethodHandle$Holder.invokeStatic(java.lang.Object)'> (0x0000000090895748) 
thrown [s\src\hotspot\share\interpreter\linkResolver.cpp, line 759]
Event: 9.049 Thread 0x000001d649d6a6d0 Exception <a 'java/lang/NoSuchMethodError'{0x0000000090898df0}: 'int java.lang.invoke.DirectMethodHandle$Holder.invokeStaticInit(java.lang.Object)'> (0x0000000090898df0) 
thrown [s\src\hotspot\share\interpreter\linkResolver.cpp, line 759]

VM Operations (20 events):
Event: 9.562 Executing VM operation: G1CollectForAllocation done
Event: 9.582 Executing VM operation: G1Concurrent
Event: 9.585 Executing VM operation: G1Concurrent done
Event: 9.595 Executing VM operation: G1Concurrent
Event: 9.595 Executing VM operation: G1Concurrent done
Event: 9.600 Executing VM operation: G1CollectForAllocation
Event: 9.608 Executing VM operation: G1CollectForAllocation done
Event: 9.699 Executing VM operation: G1CollectForAllocation
Event: 9.706 Executing VM operation: G1CollectForAllocation done
Event: 9.901 Executing VM operation: G1CollectForAllocation
Event: 9.909 Executing VM operation: G1CollectForAllocation done
Event: 9.993 Executing VM operation: G1TryInitiateConcMark
Event: 9.998 Executing VM operation: G1TryInitiateConcMark done
Event: 10.034 Executing VM operation: G1Concurrent
Event: 10.037 Executing VM operation: G1Concurrent done
Event: 10.052 Executing VM operation: G1Concurrent
Event: 10.052 Executing VM operation: G1Concurrent done
Event: 10.114 Executing VM operation: G1CollectForAllocation
Event: 10.125 Executing VM operation: G1CollectForAllocation done
Event: 10.132 Executing VM operation: G1CollectForAllocation

Events (20 events):
Event: 9.868 loading class jdk/internal/access/JavaUtilCollectionAccess done
Event: 9.868 loading class java/util/ImmutableCollections$Access$1 done
Event: 9.869 loading class java/util/ResourceBundle$CacheKey
Event: 9.870 loading class java/util/ResourceBundle$CacheKey done
Event: 9.870 loading class java/util/ResourceBundle$KeyElementReference
Event: 9.870 loading class java/util/ResourceBundle$CacheKeyReference
Event: 9.870 loading class java/util/ResourceBundle$CacheKeyReference done
Event: 9.870 loading class java/util/ResourceBundle$KeyElementReference done
Event: 9.871 loading class java/util/ResourceBundle$Control$2
Event: 9.871 loading class java/util/ResourceBundle$Control$2 done
Event: 9.926 loading class java/util/PropertyResourceBundle
Event: 9.927 loading class java/util/PropertyResourceBundle done
Event: 9.927 loading class sun/util/PropertyResourceBundleCharset
Event: 9.928 loading class sun/util/PropertyResourceBundleCharset done
Event: 9.928 loading class sun/util/PropertyResourceBundleCharset$PropertiesFileDecoder
Event: 9.929 loading class sun/util/PropertyResourceBundleCharset$PropertiesFileDecoder done
Event: 9.931 loading class java/util/ResourceBundle$BundleReference
Event: 9.931 loading class java/util/ResourceBundle$BundleReference done
Event: 9.978 loading class java/nio/file/FileVisitor
Event: 9.979 loading class java/nio/file/FileVisitor done


Dynamic libraries:
0x00007ff6af730000 - 0x00007ff6af73e000 	c:\Users\naveendurai\.vscode\extensions\redhat.java-1.13.0-win32-x64\jre\17.0.5-win32-x86_64\bin\java.exe
0x00007ffda1070000 - 0x00007ffda1284000 	C:\WINDOWS\SYSTEM32\ntdll.dll
0x00007ffd9ffc0000 - 0x00007ffda0083000 	C:\WINDOWS\System32\KERNEL32.DLL
0x00007ffd9e9a0000 - 0x00007ffd9ed3d000 	C:\WINDOWS\System32\KERNELBASE.dll
0x00007ffd9ed40000 - 0x00007ffd9ee51000 	C:\WINDOWS\System32\ucrtbase.dll
0x00007ffd6ccc0000 - 0x00007ffd6ccd7000 	c:\Users\naveendurai\.vscode\extensions\redhat.java-1.13.0-win32-x64\jre\17.0.5-win32-x86_64\bin\jli.dll
0x00007ffd6ca20000 - 0x00007ffd6ca39000 	c:\Users\naveendurai\.vscode\extensions\redhat.java-1.13.0-win32-x64\jre\17.0.5-win32-x86_64\bin\VCRUNTIME140.dll
0x00007ffda01d0000 - 0x00007ffda037d000 	C:\WINDOWS\System32\USER32.dll
0x00007ffd9e970000 - 0x00007ffd9e996000 	C:\WINDOWS\System32\win32u.dll
0x00007ffda0de0000 - 0x00007ffda0e09000 	C:\WINDOWS\System32\GDI32.dll
0x00007ffd9e490000 - 0x00007ffd9e5a2000 	C:\WINDOWS\System32\gdi32full.dll
0x00007ffd87060000 - 0x00007ffd872ee000 	C:\WINDOWS\WinSxS\amd64_microsoft.windows.common-controls_6595b64144ccf1df_6.0.22621.608_none_a9444ca7c10bb01d\COMCTL32.dll
0x00007ffd9e8d0000 - 0x00007ffd9e96a000 	C:\WINDOWS\System32\msvcp_win.dll
0x00007ffda0090000 - 0x00007ffda0137000 	C:\WINDOWS\System32\msvcrt.dll
0x00007ffd9f010000 - 0x00007ffd9f042000 	C:\WINDOWS\System32\IMM32.DLL
0x00007ffd87fc0000 - 0x00007ffd87fcc000 	c:\Users\naveendurai\.vscode\extensions\redhat.java-1.13.0-win32-x64\jre\17.0.5-win32-x86_64\bin\vcruntime140_1.dll
0x00007ffd58a10000 - 0x00007ffd58aa1000 	c:\Users\naveendurai\.vscode\extensions\redhat.java-1.13.0-win32-x64\jre\17.0.5-win32-x86_64\bin\msvcp140.dll
0x00007ffd4d160000 - 0x00007ffd4dda4000 	c:\Users\naveendurai\.vscode\extensions\redhat.java-1.13.0-win32-x64\jre\17.0.5-win32-x86_64\bin\server\jvm.dll
0x00007ffd9ee60000 - 0x00007ffd9ef0e000 	C:\WINDOWS\System32\ADVAPI32.dll
0x00007ffd9f110000 - 0x00007ffd9f1b4000 	C:\WINDOWS\System32\sechost.dll
0x00007ffda0eb0000 - 0x00007ffda0fc5000 	C:\WINDOWS\System32\RPCRT4.dll
0x00007ffd891a0000 - 0x00007ffd891a9000 	C:\WINDOWS\SYSTEM32\WSOCK32.dll
0x00007ffd9ef10000 - 0x00007ffd9ef81000 	C:\WINDOWS\System32\WS2_32.dll
0x00007ffd95af0000 - 0x00007ffd95b24000 	C:\WINDOWS\SYSTEM32\WINMM.dll
0x00007ffd96170000 - 0x00007ffd9617a000 	C:\WINDOWS\SYSTEM32\VERSION.dll
0x00007ffd9d4f0000 - 0x00007ffd9d508000 	C:\WINDOWS\SYSTEM32\kernel.appcore.dll
0x00007ffd879f0000 - 0x00007ffd879fa000 	c:\Users\naveendurai\.vscode\extensions\redhat.java-1.13.0-win32-x64\jre\17.0.5-win32-x86_64\bin\jimage.dll
0x00007ffd8aea0000 - 0x00007ffd8b0ce000 	C:\WINDOWS\SYSTEM32\DBGHELP.DLL
0x00007ffd9f1c0000 - 0x00007ffd9f54a000 	C:\WINDOWS\System32\combase.dll
0x00007ffd9fee0000 - 0x00007ffd9ffb7000 	C:\WINDOWS\System32\OLEAUT32.dll
0x00007ffd810d0000 - 0x00007ffd81102000 	C:\WINDOWS\SYSTEM32\dbgcore.DLL
0x00007ffd9e670000 - 0x00007ffd9e6eb000 	C:\WINDOWS\System32\bcryptPrimitives.dll
0x00007ffd6b890000 - 0x00007ffd6b8b5000 	c:\Users\naveendurai\.vscode\extensions\redhat.java-1.13.0-win32-x64\jre\17.0.5-win32-x86_64\bin\java.dll
0x00007ffd6c070000 - 0x00007ffd6c088000 	c:\Users\naveendurai\.vscode\extensions\redhat.java-1.13.0-win32-x64\jre\17.0.5-win32-x86_64\bin\zip.dll
0x00007ffd9f550000 - 0x00007ffd9fd3f000 	C:\WINDOWS\System32\SHELL32.dll
0x00007ffd9c480000 - 0x00007ffd9cd48000 	C:\WINDOWS\SYSTEM32\windows.storage.dll
0x00007ffd9c340000 - 0x00007ffd9c47e000 	C:\WINDOWS\SYSTEM32\wintypes.dll
0x00007ffda0b90000 - 0x00007ffda0c81000 	C:\WINDOWS\System32\SHCORE.dll
0x00007ffda0e10000 - 0x00007ffda0e6e000 	C:\WINDOWS\System32\shlwapi.dll
0x00007ffd9e3c0000 - 0x00007ffd9e3e1000 	C:\WINDOWS\SYSTEM32\profapi.dll
0x00007ffd6be10000 - 0x00007ffd6be29000 	C:\Users\naveendurai\.vscode\extensions\redhat.java-1.13.0-win32-x64\jre\17.0.5-win32-x86_64\bin\net.dll
0x00007ffd984c0000 - 0x00007ffd985ef000 	C:\WINDOWS\SYSTEM32\WINHTTP.dll
0x00007ffd9d950000 - 0x00007ffd9d9b9000 	C:\WINDOWS\system32\mswsock.dll
0x00007ffd6bb40000 - 0x00007ffd6bb55000 	C:\Users\naveendurai\.vscode\extensions\redhat.java-1.13.0-win32-x64\jre\17.0.5-win32-x86_64\bin\nio.dll
0x00007ffd85b60000 - 0x00007ffd85b70000 	c:\Users\naveendurai\.vscode\extensions\redhat.java-1.13.0-win32-x64\jre\17.0.5-win32-x86_64\bin\verify.dll
0x00007ffd84b00000 - 0x00007ffd84b09000 	C:\Users\naveendurai\.vscode\extensions\redhat.java-1.13.0-win32-x64\jre\17.0.5-win32-x86_64\bin\management.dll
0x00007ffd849a0000 - 0x00007ffd849ab000 	C:\Users\naveendurai\.vscode\extensions\redhat.java-1.13.0-win32-x64\jre\17.0.5-win32-x86_64\bin\management_ext.dll
0x00007ffda0ae0000 - 0x00007ffda0ae8000 	C:\WINDOWS\System32\PSAPI.DLL
0x00007ffd7c790000 - 0x00007ffd7c7a7000 	C:\WINDOWS\system32\napinsp.dll
0x00007ffd7c6c0000 - 0x00007ffd7c6db000 	C:\WINDOWS\system32\pnrpnsp.dll
0x00007ffd9d010000 - 0x00007ffd9d102000 	C:\WINDOWS\SYSTEM32\DNSAPI.dll
0x00007ffd9cfe0000 - 0x00007ffd9d00d000 	C:\WINDOWS\SYSTEM32\IPHLPAPI.DLL
0x00007ffd9ef90000 - 0x00007ffd9ef99000 	C:\WINDOWS\System32\NSI.dll
0x00007ffd7c670000 - 0x00007ffd7c681000 	C:\WINDOWS\System32\winrnr.dll
0x00007ffd96250000 - 0x00007ffd96265000 	C:\WINDOWS\system32\wshbth.dll
0x00007ffd7c640000 - 0x00007ffd7c661000 	C:\WINDOWS\system32\nlansp_c.dll
0x00007ffd92f30000 - 0x00007ffd92f3a000 	C:\Windows\System32\rasadhlp.dll
0x00007ffd92b20000 - 0x00007ffd92ba3000 	C:\WINDOWS\System32\fwpuclnt.dll
0x00007ffd9dc10000 - 0x00007ffd9dc2b000 	C:\WINDOWS\SYSTEM32\CRYPTSP.dll
0x00007ffd9d460000 - 0x00007ffd9d495000 	C:\WINDOWS\system32\rsaenh.dll
0x00007ffd9dab0000 - 0x00007ffd9dad8000 	C:\WINDOWS\SYSTEM32\USERENV.dll
0x00007ffd9ddd0000 - 0x00007ffd9ddf8000 	C:\WINDOWS\SYSTEM32\bcrypt.dll
0x00007ffd9dc30000 - 0x00007ffd9dc3c000 	C:\WINDOWS\SYSTEM32\CRYPTBASE.dll
0x00007ffd96370000 - 0x00007ffd96389000 	C:\WINDOWS\SYSTEM32\dhcpcsvc6.DLL
0x00007ffd961e0000 - 0x00007ffd961ff000 	C:\WINDOWS\SYSTEM32\dhcpcsvc.DLL

dbghelp: loaded successfully - version: 4.0.5 - missing functions: none
symbol engine: initialized successfully - sym options: 0x614 - pdb path: .;c:\Users\naveendurai\.vscode\extensions\redhat.java-1.13.0-win32-x64\jre\17.0.5-win32-x86_64\bin;C:\WINDOWS\SYSTEM32;C:\WINDOWS\WinSxS\amd64_microsoft.windows.common-controls_6595b64144ccf1df_6.0.22621.608_none_a9444ca7c10bb01d;c:\Users\naveendurai\.vscode\extensions\redhat.java-1.13.0-win32-x64\jre\17.0.5-win32-x86_64\bin\server

VM Arguments:
jvm_args: -Dsts.lsp.client=vscode -Dsts.log.file=/dev/null -XX:TieredStopAtLevel=1 -Xlog:jni+resolve=off -Dspring.config.location=file:c:\Users\naveendurai\.vscode\extensions\pivotal.vscode-spring-boot-1.42.0\language-server\BOOT-INF\classes\application.properties 
java_command: org.springframework.ide.vscode.boot.app.BootLanguageServerBootApp
java_class_path (initial): c:\Users\naveendurai\.vscode\extensions\pivotal.vscode-spring-boot-1.42.0\language-server\BOOT-INF\classes;c:\Users\naveendurai\.vscode\extensions\pivotal.vscode-spring-boot-1.42.0\language-server\BOOT-INF\lib\annotations-23.1.0.jar;c:\Users\naveendurai\.vscode\extensions\pivotal.vscode-spring-boot-1.42.0\language-server\BOOT-INF\lib\ant-1.10.12.jar;c:\Users\naveendurai\.vscode\extensions\pivotal.vscode-spring-boot-1.42.0\language-server\BOOT-INF\lib\ant-launcher-1.10.12.jar;c:\Users\naveendurai\.vscode\extensions\pivotal.vscode-spring-boot-1.42.0\language-server\BOOT-INF\lib\antlr-runtime-3.5.2.jar;c:\Users\naveendurai\.vscode\extensions\pivotal.vscode-spring-boot-1.42.0\language-server\BOOT-INF\lib\antlr4-4.9.3.jar;c:\Users\naveendurai\.vscode\extensions\pivotal.vscode-spring-boot-1.42.0\language-server\BOOT-INF\lib\antlr4-runtime-4.9.3.jar;c:\Users\naveendurai\.vscode\extensions\pivotal.vscode-spring-boot-1.42.0\language-server\BOOT-INF\lib\apiguardian-api-1.1.2.jar;c:\Users\naveendurai\.vscode\extensions\pivotal.vscode-spring-boot-1.42.0\language-server\BOOT-INF\lib\asm-9.4.jar;c:\Users\naveendurai\.vscode\extensions\pivotal.vscode-spring-boot-1.42.0\language-server\BOOT-INF\lib\asm-analysis-9.4.jar;c:\Users\naveendurai\.vscode\extensions\pivotal.vscode-spring-boot-1.42.0\language-server\BOOT-INF\lib\asm-tree-9.4.jar;c:\Users\naveendurai\.vscode\extensions\pivotal.vscode-spring-boot-1.42.0\language-server\BOOT-INF\lib\asm-util-9.4.jar;c:\Users\naveendurai\.vscode\extensions\pivotal.vscode-spring-boot-1.42.0\language-server\BOOT-INF\lib\caffeine-2.9.3.jar;c:\Users\naveendurai\.vscode\extensions\pivotal.vscode-spring-boot-1.42.0\language-server\BOOT-INF\lib\checker-qual-3.12.0.jar;c:\Users\naveendurai\.vscode\extensions\pivotal.vscode-spring-boot-1.42.0\language-server\BOOT-INF\lib\ci-environment-9.1.0.jar;c:\Users\naveendurai\.vscode\extensions\pivotal.vscode-spring-boot-1.42.0\language-server\BOOT-INF\lib\classgraph-4.8.149.jar;c:\Us
Launcher Type: SUN_STANDARD

[Global flags]
     intx CICompilerCount                          = 4                                         {product} {ergonomic}
     uint ConcGCThreads                            = 3                                         {product} {ergonomic}
     uint G1ConcRefinementThreads                  = 10                                        {product} {ergonomic}
   size_t G1HeapRegionSize                         = 1048576                                   {product} {ergonomic}
    uintx GCDrainStackTargetSize                   = 64                                        {product} {ergonomic}
   size_t InitialHeapSize                          = 123731968                                 {product} {ergonomic}
   size_t MarkStackSize                            = 4194304                                   {product} {ergonomic}
   size_t MaxHeapSize                              = 1967128576                                {product} {ergonomic}
   size_t MaxNewSize                               = 1179648000                                {product} {ergonomic}
   size_t MinHeapDeltaBytes                        = 1048576                                   {product} {ergonomic}
   size_t MinHeapSize                              = 8388608                                   {product} {ergonomic}
    uintx NonProfiledCodeHeapSize                  = 0                                      {pd product} {ergonomic}
     bool ProfileInterpreter                       = false                                  {pd product} {command line}
    uintx ProfiledCodeHeapSize                     = 0                                      {pd product} {ergonomic}
   size_t SoftMaxHeapSize                          = 1967128576                             {manageable} {ergonomic}
     intx TieredStopAtLevel                        = 1                                         {product} {command line}
     bool UseCompressedClassPointers               = true                           {product lp64_product} {ergonomic}
     bool UseCompressedOops                        = true                           {product lp64_product} {ergonomic}
     bool UseG1GC                                  = true                                      {product} {ergonomic}
     bool UseLargePagesIndividualAllocation        = false                                  {pd product} {ergonomic}

Logging:
Log output configuration:
 #0: stdout all=warning,jni+resolve=off uptime,level,tags
 #1: stderr all=off uptime,level,tags

Environment Variables:
JAVA_HOME=C:\Program Files\Java\jdk1.8.0_202
PATH=C:\Users\naveendurai\AppData\Local\cloud-code\installer\google-cloud-sdk\bin;C:\Program Files\Common Files\Oracle\Java\javapath;C:\Program Files (x86)\Common Files\Oracle\Java\javapath;C:\WINDOWS\system32;C:\WINDOWS;C:\WINDOWS\System32\Wbem;C:\WINDOWS\System32\WindowsPowerShell\v1.0\;C:\WINDOWS\System32\OpenSSH\;C:\Program Files\MySQL\MySQL Server 8.0\bin;C:\Program Files\Java\jdk1.8.0_202\bin;C:\Program Files\Git\cmd;C:\Program Files\Java\jdk-11.0.16\bin;C:\Program Files\nodejs\;C:\Program Files\nodejs;C:\Program Files\Docker\Docker\resources\bin;D:\Software and other dependencies\apache-maven-3.8.6-bin\apache-maven-3.8.6\bin;C:\Program Files\MySQL\MySQL Shell 8.0\bin\;C:\Users\naveendurai\AppData\Local\Microsoft\WindowsApps;C:\Users\naveendurai\AppData\Local\Programs\Microsoft VS Code\bin;C:\Users\naveendurai\AppData\Local\GitHubDesktop\bin;C:\Users\naveendurai\AppData\Roaming\npm;C:\Users\naveendurai\AppData\Local\Google\Cloud SDK\google-cloud-sdk\bin;C:\Program Files (x86)\Google\Cloud SDK\google-cloud-sdk\bin;C:\Program Files\Google\Cloud SDK\google-cloud-sdk\bin
USERNAME=naveendurai
OS=Windows_NT
PROCESSOR_IDENTIFIER=AMD64 Family 23 Model 104 Stepping 1, AuthenticAMD
TMP=C:\Users\NAVEEN~1\AppData\Local\Temp
TEMP=C:\Users\NAVEEN~1\AppData\Local\Temp



---------------  S Y S T E M  ---------------

OS:
 Windows 11 , 64 bit Build 22621 (10.0.22621.963)
OS uptime: 0 days 19:21 hours
Hyper-V role detected

CPU: total 12 (initial active 12) (12 cores per cpu, 2 threads per core) family 23 model 104 stepping 1 microcode 0x0, cx8, cmov, fxsr, ht, mmx, 3dnowpref, sse, sse2, sse3, ssse3, sse4a, sse4.1, sse4.2, popcnt, lzcnt, tsc, tscinvbit, avx, avx2, aes, clmul, bmi1, bmi2, adx, sha, fma, vzeroupper, clflush, clflushopt, hv

Memory: 4k page, system-wide physical 7503M (10M free)
TotalPageFile size 20998M (AvailPageFile size 79M)
current process WorkingSet (physical memory assigned to process): 160M, peak: 162M
current process commit charge ("private bytes"): 263M, peak: 384M

vm_info: OpenJDK 64-Bit Server VM (17.0.5+8) for windows-amd64 JRE (17.0.5+8), built on Oct 19 2022 04:48:13 by "temurin" with MS VC++ 16.7 (VS2019)

END.
