#
# There is insufficient memory for the Java Runtime Environment to continue.
# Native memory allocation (mmap) failed to map 138412032 bytes for G1 virtual space
# Possible reasons:
#   The system is out of physical RAM or swap space
#   The process is running with CompressedOops enabled, and the Java Heap may be blocking the growth of the native heap
# Possible solutions:
#   Reduce memory load on the system
#   Increase physical memory or swap space
#   Check if swap backing store is full
#   Decrease Java heap size (-Xmx/-Xms)
#   Decrease number of Java threads
#   Decrease Java thread stack sizes (-Xss)
#   Set larger code cache with -XX:ReservedCodeCacheSize=
#   JVM is running with Unscaled Compressed Oops mode in which the Java heap is
#     placed in the first 4GB address space. The Java Heap base address is the
#     maximum limit for the native heap growth. Please use -XX:HeapBaseMinAddress
#     to set the Java Heap base and to place the Java Heap above 4GB virtual address.
# This output file may be truncated or incomplete.
#
#  Out of Memory Error (os_windows.cpp:3548), pid=23348, tid=22004
#
# JRE version: OpenJDK Runtime Environment Temurin-17.0.5+8 (17.0.5+8) (build 17.0.5+8)
# Java VM: OpenJDK 64-Bit Server VM Temurin-17.0.5+8 (17.0.5+8, mixed mode, emulated-client, tiered, compressed oops, compressed class ptrs, g1 gc, windows-amd64)
# No core dump will be written. Minidumps are not enabled by default on client versions of Windows
#

---------------  S U M M A R Y ------------

Command Line: -Dsts.lsp.client=vscode -Dsts.log.file=/dev/null -XX:TieredStopAtLevel=1 -Xlog:jni+resolve=off -Dspring.config.location=file:c:\Users\naveendurai\.vscode\extensions\pivotal.vscode-spring-boot-1.42.0\language-server\BOOT-INF\classes\application.properties org.springframework.ide.vscode.boot.app.BootLanguageServerBootApp

Host: AMD Ryzen 5 5500U with Radeon Graphics         , 12 cores, 7G,  Windows 11 , 64 bit Build 22621 (10.0.22621.963)
Time: Thu Dec 15 12:52:13 2022 India Standard Time elapsed time: 12.451997 seconds (0d 0h 0m 12s)

---------------  T H R E A D  ---------------

Current thread (0x0000018514dbeb60):  VMThread "VM Thread" [stack: 0x0000001660200000,0x0000001660300000] [id=22004]

Stack: [0x0000001660200000,0x0000001660300000]
Native frames: (J=compiled Java code, j=interpreted, Vv=VM code, C=native code)
V  [jvm.dll+0x676b3a]
V  [jvm.dll+0x831444]
V  [jvm.dll+0x832bee]
V  [jvm.dll+0x833253]
V  [jvm.dll+0x244ce5]
V  [jvm.dll+0x673a49]
V  [jvm.dll+0x66811a]
V  [jvm.dll+0x303ceb]
V  [jvm.dll+0x30b1e6]
V  [jvm.dll+0x35adbe]
V  [jvm.dll+0x35afef]
V  [jvm.dll+0x2dab88]
V  [jvm.dll+0x2d8e3c]
V  [jvm.dll+0x2d840c]
V  [jvm.dll+0x31c31b]
V  [jvm.dll+0x8376fb]
V  [jvm.dll+0x838434]
V  [jvm.dll+0x83894c]
V  [jvm.dll+0x838d24]
V  [jvm.dll+0x838df0]
V  [jvm.dll+0x7e17ea]
V  [jvm.dll+0x6759e5]
C  [ucrtbase.dll+0x29363]
C  [KERNEL32.DLL+0x126bd]
C  [ntdll.dll+0x5dfb8]

VM_Operation (0x0000001662efe2f0): G1CollectForAllocation, mode: safepoint, requested by thread 0x00000185171bf2f0


---------------  P R O C E S S  ---------------

Threads class SMR info:
_java_thread_list=0x0000018516f1afe0, length=42, elements={
0x0000018514dd3380, 0x0000018514dd3c40, 0x000001851581a250, 0x000001851581ab10,
0x000001851581b3d0, 0x000001851581e4b0, 0x000001851581ed70, 0x0000018515822b70,
0x0000018515a2efc0, 0x0000018515a38600, 0x0000018516c81f70, 0x0000018516ea0010,
0x0000018516eb54e0, 0x0000018505bc5d20, 0x0000018516f18d00, 0x0000018516f6a480,
0x0000018516f03c50, 0x0000018516f6e7d0, 0x00000185160eb240, 0x0000018516298ea0,
0x0000018516299370, 0x0000018516299840, 0x0000018516298030, 0x0000018516298500,
0x00000185162989d0, 0x00000185171bc7a0, 0x00000185171bc2d0, 0x00000185171bd140,
0x00000185171be950, 0x00000185171be480, 0x00000185171bee20, 0x00000185171c0630,
0x00000185171bf2f0, 0x00000185171bcc70, 0x00000185171bd610, 0x00000185171bf7c0,
0x00000185171c0160, 0x00000185171c1970, 0x00000185171bfc90, 0x00000185171bdae0,
0x00000185171c1e40, 0x00000185171c0fd0
}

Java Threads: ( => current thread )
  0x0000018514dd3380 JavaThread "Reference Handler" daemon [_thread_blocked, id=332, stack(0x0000001660300000,0x0000001660400000)]
  0x0000018514dd3c40 JavaThread "Finalizer" daemon [_thread_blocked, id=12564, stack(0x0000001660400000,0x0000001660500000)]
  0x000001851581a250 JavaThread "Signal Dispatcher" daemon [_thread_blocked, id=23016, stack(0x0000001660500000,0x0000001660600000)]
  0x000001851581ab10 JavaThread "Attach Listener" daemon [_thread_blocked, id=13800, stack(0x0000001660600000,0x0000001660700000)]
  0x000001851581b3d0 JavaThread "Service Thread" daemon [_thread_blocked, id=25424, stack(0x0000001660700000,0x0000001660800000)]
  0x000001851581e4b0 JavaThread "Monitor Deflation Thread" daemon [_thread_blocked, id=10320, stack(0x0000001660800000,0x0000001660900000)]
  0x000001851581ed70 JavaThread "C1 CompilerThread0" daemon [_thread_blocked, id=11868, stack(0x0000001660900000,0x0000001660a00000)]
  0x0000018515822b70 JavaThread "Sweeper thread" daemon [_thread_blocked, id=14964, stack(0x0000001660a00000,0x0000001660b00000)]
  0x0000018515a2efc0 JavaThread "Notification Thread" daemon [_thread_blocked, id=22916, stack(0x0000001660c00000,0x0000001660d00000)]
  0x0000018515a38600 JavaThread "Common-Cleaner" daemon [_thread_blocked, id=18972, stack(0x0000001660e00000,0x0000001660f00000)]
  0x0000018516c81f70 JavaThread "boundedElastic-evictor-1" daemon [_thread_blocked, id=3668, stack(0x0000001661800000,0x0000001661900000)]
  0x0000018516ea0010 JavaThread "pool-11-thread-1" [_thread_blocked, id=10800, stack(0x0000001661b00000,0x0000001661c00000)]
  0x0000018516eb54e0 JavaThread "LanguageServerApp-lifecycle" [_thread_blocked, id=22308, stack(0x0000001661c00000,0x0000001661d00000)]
  0x0000018505bc5d20 JavaThread "DestroyJavaVM" [_thread_blocked, id=13412, stack(0x000000165fc00000,0x000000165fd00000)]
  0x0000018516f18d00 JavaThread "pool-12-thread-1" [_thread_in_native, id=23040, stack(0x0000001661d00000,0x0000001661e00000)]
  0x0000018516f6a480 JavaThread "Simple-Language-Server main thread" daemon [_thread_blocked, id=23032, stack(0x0000001661e00000,0x0000001661f00000)]
  0x0000018516f03c50 JavaThread "pool-8-thread-1" [_thread_blocked, id=2412, stack(0x0000001660b00000,0x0000001660c00000)]
  0x0000018516f6e7d0 JavaThread "parallel-1" daemon [_thread_blocked, id=24960, stack(0x0000001661f00000,0x0000001662000000)]
  0x00000185160eb240 JavaThread "ForkJoinPool.commonPool-worker-1" daemon [_thread_blocked, id=17756, stack(0x0000001662000000,0x0000001662100000)]
  0x0000018516298ea0 JavaThread "pool-5-thread-1" [_thread_blocked, id=9432, stack(0x0000001662100000,0x0000001662200000)]
  0x0000018516299370 JavaThread "Reconciler-1" daemon [_thread_blocked, id=9732, stack(0x0000001662200000,0x0000001662300000)]
  0x0000018516299840 JavaThread "pool-5-thread-2" [_thread_blocked, id=24048, stack(0x0000001662300000,0x0000001662400000)]
  0x0000018516298030 JavaThread "parallel-2" daemon [_thread_blocked, id=5924, stack(0x0000001662400000,0x0000001662500000)]
  0x0000018516298500 JavaThread "ClassGraph-worker-0" daemon [_thread_blocked, id=22024, stack(0x0000001662500000,0x0000001662600000)]
  0x00000185162989d0 JavaThread "ClassGraph-worker-1" daemon [_thread_blocked, id=22936, stack(0x0000001662600000,0x0000001662700000)]
  0x00000185171bc7a0 JavaThread "ClassGraph-worker-2" daemon [_thread_blocked, id=2556, stack(0x0000001662700000,0x0000001662800000)]
  0x00000185171bc2d0 JavaThread "ClassGraph-worker-3" daemon [_thread_blocked, id=14132, stack(0x0000001662800000,0x0000001662900000)]
  0x00000185171bd140 JavaThread "ClassGraph-worker-4" daemon [_thread_blocked, id=25136, stack(0x0000001662900000,0x0000001662a00000)]
  0x00000185171be950 JavaThread "ClassGraph-worker-5" daemon [_thread_blocked, id=22292, stack(0x0000001662a00000,0x0000001662b00000)]
  0x00000185171be480 JavaThread "ClassGraph-worker-6" daemon [_thread_blocked, id=14928, stack(0x0000001662b00000,0x0000001662c00000)]
  0x00000185171bee20 JavaThread "ClassGraph-worker-7" daemon [_thread_blocked, id=22548, stack(0x0000001662c00000,0x0000001662d00000)]
  0x00000185171c0630 JavaThread "ClassGraph-worker-8" daemon [_thread_blocked, id=3996, stack(0x0000001662d00000,0x0000001662e00000)]
  0x00000185171bf2f0 JavaThread "ClassGraph-worker-9" daemon [_thread_blocked, id=25268, stack(0x0000001662e00000,0x0000001662f00000)]
  0x00000185171bcc70 JavaThread "ClassGraph-worker-10" daemon [_thread_blocked, id=14000, stack(0x0000001662f00000,0x0000001663000000)]
  0x00000185171bd610 JavaThread "ClassGraph-worker-11" daemon [_thread_blocked, id=4852, stack(0x0000001663000000,0x0000001663100000)]
  0x00000185171bf7c0 JavaThread "ClassGraph-worker-12" daemon [_thread_blocked, id=23072, stack(0x0000001663100000,0x0000001663200000)]
  0x00000185171c0160 JavaThread "ClassGraph-worker-13" daemon [_thread_blocked, id=7088, stack(0x0000001663200000,0x0000001663300000)]
  0x00000185171c1970 JavaThread "ClassGraph-worker-14" daemon [_thread_blocked, id=20120, stack(0x0000001663300000,0x0000001663400000)]
  0x00000185171bfc90 JavaThread "ClassGraph-worker-15" daemon [_thread_blocked, id=2784, stack(0x0000001663400000,0x0000001663500000)]
  0x00000185171bdae0 JavaThread "ClassGraph-worker-16" daemon [_thread_blocked, id=16220, stack(0x0000001663500000,0x0000001663600000)]
  0x00000185171c1e40 JavaThread "ClassGraph-worker-17" daemon [_thread_blocked, id=20152, stack(0x0000001663600000,0x0000001663700000)]
  0x00000185171c0fd0 JavaThread "ClassGraph-worker-18" daemon [_thread_blocked, id=24108, stack(0x0000001663700000,0x0000001663800000)]

Other Threads:
=>0x0000018514dbeb60 VMThread "VM Thread" [stack: 0x0000001660200000,0x0000001660300000] [id=22004]
  0x0000018515a2f490 WatcherThread [stack: 0x0000001660d00000,0x0000001660e00000] [id=9728]
  0x0000018505c1ee00 GCTaskThread "GC Thread#0" [stack: 0x000000165fd00000,0x000000165fe00000] [id=23692]
  0x00000185165b4430 GCTaskThread "GC Thread#1" [stack: 0x0000001660f00000,0x0000001661000000] [id=10552]
  0x00000185163fecd0 GCTaskThread "GC Thread#2" [stack: 0x0000001661000000,0x0000001661100000] [id=22676]
  0x00000185165ca5b0 GCTaskThread "GC Thread#3" [stack: 0x0000001661100000,0x0000001661200000] [id=20780]
  0x00000185165cac70 GCTaskThread "GC Thread#4" [stack: 0x0000001661200000,0x0000001661300000] [id=20528]
  0x00000185165caf20 GCTaskThread "GC Thread#5" [stack: 0x0000001661300000,0x0000001661400000] [id=21736]
  0x00000185167a3e90 GCTaskThread "GC Thread#6" [stack: 0x0000001661400000,0x0000001661500000] [id=11676]
  0x00000185167a4140 GCTaskThread "GC Thread#7" [stack: 0x0000001661500000,0x0000001661600000] [id=22236]
  0x00000185167a4c10 GCTaskThread "GC Thread#8" [stack: 0x0000001661600000,0x0000001661700000] [id=13532]
  0x00000185167a56d0 GCTaskThread "GC Thread#9" [stack: 0x0000001661700000,0x0000001661800000] [id=13920]
  0x0000018505c2efd0 ConcurrentGCThread "G1 Main Marker" [stack: 0x000000165fe00000,0x000000165ff00000] [id=9408]
  0x0000018505c31800 ConcurrentGCThread "G1 Conc#0" [stack: 0x000000165ff00000,0x0000001660000000] [id=19608]
  0x00000185168999b0 ConcurrentGCThread "G1 Conc#1" [stack: 0x0000001661900000,0x0000001661a00000] [id=21364]
  0x00000185169c4870 ConcurrentGCThread "G1 Conc#2" [stack: 0x0000001661a00000,0x0000001661b00000] [id=24836]
  0x0000018505c7e5c0 ConcurrentGCThread "G1 Refine#0" [stack: 0x0000001660000000,0x0000001660100000] [id=25548]
  0x0000018516aea340 ConcurrentGCThread "G1 Refine#1" [stack: 0x0000001663800000,0x0000001663900000] [id=6180]
  0x0000018505c7ec90 ConcurrentGCThread "G1 Service" [stack: 0x0000001660100000,0x0000001660200000] [id=16568]

Threads with active compile tasks:
C1 CompilerThread0    12523 3740       1       io.github.classgraph.Classfile::readBasicClassInfo (339 bytes)

VM state: at safepoint (normal execution)

VM Mutex/Monitor currently owned by a thread:  ([mutex/lock_event])
[0x0000018505982520] Threads_lock - owner thread: 0x0000018514dbeb60
[0x0000018505bc4850] Heap_lock - owner thread: 0x00000185171bf2f0

Heap address: 0x000000008ac00000, size: 1876 MB, Compressed Oops mode: 32-bit

CDS archive(s) not mapped
Compressed class space mapped at: 0x0000000100000000-0x0000000140000000, reserved size: 1073741824
Narrow klass base: 0x0000000000000000, Narrow klass shift: 3, Narrow klass range: 0x140000000

GC Precious Log:
 CPUs: 12 total, 12 available
 Memory: 7503M
 Large Page Support: Disabled
 NUMA Support: Disabled
 Compressed Oops: Enabled (32-bit)
 Heap Region Size: 1M
 Heap Min Capacity: 8M
 Heap Initial Capacity: 118M
 Heap Max Capacity: 1876M
 Pre-touch: Disabled
 Parallel Workers: 10
 Concurrent Workers: 3
 Concurrent Refinement Workers: 10
 Periodic GC: Disabled

Heap:
 garbage-first heap   total 144384K, used 69686K [0x000000008ac00000, 0x0000000100000000)
  region size 1024K, 3 young (3072K), 3 survivors (3072K)
 Metaspace       used 38211K, committed 38464K, reserved 1089536K
  class space    used 4825K, committed 4928K, reserved 1048576K

Heap Regions: E=young(eden), S=young(survivor), O=old, HS=humongous(starts), HC=humongous(continues), CS=collection set, F=free, OA=open archive, CA=closed archive, TAMS=top-at-mark-start (previous, next)
|   0|0x000000008ac00000, 0x000000008ad00000, 0x000000008ad00000|100%| O|  |TAMS 0x000000008ad00000, 0x000000008ad00000| Untracked 
|   1|0x000000008ad00000, 0x000000008ae00000, 0x000000008ae00000|100%| O|  |TAMS 0x000000008ae00000, 0x000000008ae00000| Untracked 
|   2|0x000000008ae00000, 0x000000008af00000, 0x000000008af00000|100%| O|  |TAMS 0x000000008af00000, 0x000000008af00000| Untracked 
|   3|0x000000008af00000, 0x000000008b000000, 0x000000008b000000|100%| O|  |TAMS 0x000000008b000000, 0x000000008b000000| Untracked 
|   4|0x000000008b000000, 0x000000008b100000, 0x000000008b100000|100%| O|  |TAMS 0x000000008b100000, 0x000000008b100000| Untracked 
|   5|0x000000008b100000, 0x000000008b200000, 0x000000008b200000|100%| O|  |TAMS 0x000000008b200000, 0x000000008b200000| Untracked 
|   6|0x000000008b200000, 0x000000008b300000, 0x000000008b300000|100%| O|  |TAMS 0x000000008b300000, 0x000000008b300000| Untracked 
|   7|0x000000008b300000, 0x000000008b400000, 0x000000008b400000|100%| O|  |TAMS 0x000000008b400000, 0x000000008b400000| Untracked 
|   8|0x000000008b400000, 0x000000008b500000, 0x000000008b500000|100%|HS|  |TAMS 0x000000008b400000, 0x000000008b500000| Complete 
|   9|0x000000008b500000, 0x000000008b600000, 0x000000008b600000|100%| O|  |TAMS 0x000000008b600000, 0x000000008b600000| Untracked 
|  10|0x000000008b600000, 0x000000008b700000, 0x000000008b700000|100%| O|  |TAMS 0x000000008b700000, 0x000000008b700000| Untracked 
|  11|0x000000008b700000, 0x000000008b800000, 0x000000008b800000|100%| O|  |TAMS 0x000000008b800000, 0x000000008b800000| Untracked 
|  12|0x000000008b800000, 0x000000008b900000, 0x000000008b900000|100%| O|  |TAMS 0x000000008b900000, 0x000000008b900000| Untracked 
|  13|0x000000008b900000, 0x000000008ba00000, 0x000000008ba00000|100%| O|  |TAMS 0x000000008ba00000, 0x000000008ba00000| Untracked 
|  14|0x000000008ba00000, 0x000000008bb00000, 0x000000008bb00000|100%| O|  |TAMS 0x000000008bb00000, 0x000000008bb00000| Untracked 
|  15|0x000000008bb00000, 0x000000008bc00000, 0x000000008bc00000|100%| O|  |TAMS 0x000000008bc00000, 0x000000008bc00000| Untracked 
|  16|0x000000008bc00000, 0x000000008bd00000, 0x000000008bd00000|100%| O|  |TAMS 0x000000008bd00000, 0x000000008bd00000| Untracked 
|  17|0x000000008bd00000, 0x000000008be00000, 0x000000008be00000|100%| O|  |TAMS 0x000000008be00000, 0x000000008be00000| Untracked 
|  18|0x000000008be00000, 0x000000008bf00000, 0x000000008bf00000|100%| O|  |TAMS 0x000000008bf00000, 0x000000008bf00000| Untracked 
|  19|0x000000008bf00000, 0x000000008c000000, 0x000000008c000000|100%| O|  |TAMS 0x000000008c000000, 0x000000008c000000| Untracked 
|  20|0x000000008c000000, 0x000000008c100000, 0x000000008c100000|100%| O|  |TAMS 0x000000008c100000, 0x000000008c100000| Untracked 
|  21|0x000000008c100000, 0x000000008c200000, 0x000000008c200000|100%| O|  |TAMS 0x000000008c200000, 0x000000008c200000| Untracked 
|  22|0x000000008c200000, 0x000000008c300000, 0x000000008c300000|100%| O|  |TAMS 0x000000008c300000, 0x000000008c300000| Untracked 
|  23|0x000000008c300000, 0x000000008c400000, 0x000000008c400000|100%| O|  |TAMS 0x000000008c400000, 0x000000008c400000| Untracked 
|  24|0x000000008c400000, 0x000000008c500000, 0x000000008c500000|100%| O|  |TAMS 0x000000008c500000, 0x000000008c500000| Untracked 
|  25|0x000000008c500000, 0x000000008c600000, 0x000000008c600000|100%| O|  |TAMS 0x000000008c600000, 0x000000008c600000| Untracked 
|  26|0x000000008c600000, 0x000000008c700000, 0x000000008c700000|100%| O|  |TAMS 0x000000008c700000, 0x000000008c700000| Untracked 
|  27|0x000000008c700000, 0x000000008c800000, 0x000000008c800000|100%| O|  |TAMS 0x000000008c800000, 0x000000008c800000| Untracked 
|  28|0x000000008c800000, 0x000000008c900000, 0x000000008c900000|100%| O|  |TAMS 0x000000008c900000, 0x000000008c900000| Untracked 
|  29|0x000000008c900000, 0x000000008ca00000, 0x000000008ca00000|100%| O|  |TAMS 0x000000008ca00000, 0x000000008ca00000| Untracked 
|  30|0x000000008ca00000, 0x000000008cb00000, 0x000000008cb00000|100%| O|  |TAMS 0x000000008cb00000, 0x000000008cb00000| Untracked 
|  31|0x000000008cb00000, 0x000000008cc00000, 0x000000008cc00000|100%| O|  |TAMS 0x000000008cc00000, 0x000000008cc00000| Untracked 
|  32|0x000000008cc00000, 0x000000008cd00000, 0x000000008cd00000|100%| O|  |TAMS 0x000000008cd00000, 0x000000008cd00000| Untracked 
|  33|0x000000008cd00000, 0x000000008ce00000, 0x000000008ce00000|100%| O|  |TAMS 0x000000008ce00000, 0x000000008ce00000| Untracked 
|  34|0x000000008ce00000, 0x000000008cf00000, 0x000000008cf00000|100%| O|  |TAMS 0x000000008cf00000, 0x000000008cf00000| Untracked 
|  35|0x000000008cf00000, 0x000000008d000000, 0x000000008d000000|100%| O|  |TAMS 0x000000008d000000, 0x000000008d000000| Untracked 
|  36|0x000000008d000000, 0x000000008d100000, 0x000000008d100000|100%| O|  |TAMS 0x000000008d100000, 0x000000008d100000| Untracked 
|  37|0x000000008d100000, 0x000000008d200000, 0x000000008d200000|100%| O|  |TAMS 0x000000008d200000, 0x000000008d200000| Untracked 
|  38|0x000000008d200000, 0x000000008d300000, 0x000000008d300000|100%| O|  |TAMS 0x000000008d300000, 0x000000008d300000| Untracked 
|  39|0x000000008d300000, 0x000000008d400000, 0x000000008d400000|100%| O|  |TAMS 0x000000008d300000, 0x000000008d400000| Untracked 
|  40|0x000000008d400000, 0x000000008d500000, 0x000000008d500000|100%| O|  |TAMS 0x000000008d400000, 0x000000008d500000| Untracked 
|  41|0x000000008d500000, 0x000000008d600000, 0x000000008d600000|100%| O|  |TAMS 0x000000008d500000, 0x000000008d600000| Untracked 
|  42|0x000000008d600000, 0x000000008d700000, 0x000000008d700000|100%| O|  |TAMS 0x000000008d600000, 0x000000008d700000| Untracked 
|  43|0x000000008d700000, 0x000000008d800000, 0x000000008d800000|100%| O|  |TAMS 0x000000008d700000, 0x000000008d800000| Untracked 
|  44|0x000000008d800000, 0x000000008d900000, 0x000000008d900000|100%| O|  |TAMS 0x000000008d800000, 0x000000008d900000| Untracked 
|  45|0x000000008d900000, 0x000000008da00000, 0x000000008da00000|100%| O|  |TAMS 0x000000008d900000, 0x000000008da00000| Untracked 
|  46|0x000000008da00000, 0x000000008db00000, 0x000000008db00000|100%| O|  |TAMS 0x000000008da00000, 0x000000008db00000| Untracked 
|  47|0x000000008db00000, 0x000000008dc00000, 0x000000008dc00000|100%| O|  |TAMS 0x000000008db00000, 0x000000008dc00000| Untracked 
|  48|0x000000008dc00000, 0x000000008dd00000, 0x000000008dd00000|100%| O|  |TAMS 0x000000008dc00000, 0x000000008dd00000| Untracked 
|  49|0x000000008dd00000, 0x000000008de00000, 0x000000008de00000|100%|HS|  |TAMS 0x000000008dd00000, 0x000000008de00000| Complete 
|  50|0x000000008de00000, 0x000000008df00000, 0x000000008df00000|100%| O|  |TAMS 0x000000008de00000, 0x000000008df00000| Untracked 
|  51|0x000000008df00000, 0x000000008e000000, 0x000000008e000000|100%| O|  |TAMS 0x000000008df00000, 0x000000008e000000| Untracked 
|  52|0x000000008e000000, 0x000000008e100000, 0x000000008e100000|100%| O|  |TAMS 0x000000008e000000, 0x000000008e100000| Untracked 
|  53|0x000000008e100000, 0x000000008e200000, 0x000000008e200000|100%| O|  |TAMS 0x000000008e100000, 0x000000008e200000| Untracked 
|  54|0x000000008e200000, 0x000000008e300000, 0x000000008e300000|100%| O|  |TAMS 0x000000008e200000, 0x000000008e300000| Untracked 
|  55|0x000000008e300000, 0x000000008e400000, 0x000000008e400000|100%| O|  |TAMS 0x000000008e300000, 0x000000008e400000| Untracked 
|  56|0x000000008e400000, 0x000000008e500000, 0x000000008e500000|100%| O|  |TAMS 0x000000008e400000, 0x000000008e500000| Untracked 
|  57|0x000000008e500000, 0x000000008e600000, 0x000000008e600000|100%| O|  |TAMS 0x000000008e500000, 0x000000008e600000| Untracked 
|  58|0x000000008e600000, 0x000000008e700000, 0x000000008e700000|100%| O|  |TAMS 0x000000008e600000, 0x000000008e700000| Untracked 
|  59|0x000000008e700000, 0x000000008e800000, 0x000000008e800000|100%| O|  |TAMS 0x000000008e700000, 0x000000008e800000| Untracked 
|  60|0x000000008e800000, 0x000000008e900000, 0x000000008e900000|100%| O|  |TAMS 0x000000008e800000, 0x000000008e900000| Untracked 
|  61|0x000000008e900000, 0x000000008ea00000, 0x000000008ea00000|100%| O|  |TAMS 0x000000008e900000, 0x000000008ea00000| Untracked 
|  62|0x000000008ea00000, 0x000000008eb00000, 0x000000008eb00000|100%| O|  |TAMS 0x000000008ea00000, 0x000000008eb00000| Untracked 
|  63|0x000000008eb00000, 0x000000008ec00000, 0x000000008ec00000|100%| O|  |TAMS 0x000000008eb00000, 0x000000008ec00000| Untracked 
|  64|0x000000008ec00000, 0x000000008ed00000, 0x000000008ed00000|100%| O|  |TAMS 0x000000008ec00000, 0x000000008ed00000| Untracked 
|  65|0x000000008ed00000, 0x000000008ed23200, 0x000000008ee00000| 13%| O|  |TAMS 0x000000008ed00000, 0x000000008ed23200| Untracked 
|  66|0x000000008ee00000, 0x000000008ee00000, 0x000000008ef00000|  0%| F|  |TAMS 0x000000008ee00000, 0x000000008ee00000| Untracked 
|  67|0x000000008ef00000, 0x000000008ef00000, 0x000000008f000000|  0%| F|  |TAMS 0x000000008ef00000, 0x000000008ef00000| Untracked 
|  68|0x000000008f000000, 0x000000008f000000, 0x000000008f100000|  0%| F|  |TAMS 0x000000008f000000, 0x000000008f000000| Untracked 
|  69|0x000000008f100000, 0x000000008f100000, 0x000000008f200000|  0%| F|  |TAMS 0x000000008f100000, 0x000000008f100000| Untracked 
|  70|0x000000008f200000, 0x000000008f200000, 0x000000008f300000|  0%| F|  |TAMS 0x000000008f200000, 0x000000008f200000| Untracked 
|  71|0x000000008f300000, 0x000000008f300000, 0x000000008f400000|  0%| F|  |TAMS 0x000000008f300000, 0x000000008f300000| Untracked 
|  72|0x000000008f400000, 0x000000008f400000, 0x000000008f500000|  0%| F|  |TAMS 0x000000008f400000, 0x000000008f400000| Untracked 
|  73|0x000000008f500000, 0x000000008f500000, 0x000000008f600000|  0%| F|  |TAMS 0x000000008f500000, 0x000000008f500000| Untracked 
|  74|0x000000008f600000, 0x000000008f600000, 0x000000008f700000|  0%| F|  |TAMS 0x000000008f600000, 0x000000008f600000| Untracked 
|  75|0x000000008f700000, 0x000000008f700000, 0x000000008f800000|  0%| F|  |TAMS 0x000000008f700000, 0x000000008f700000| Untracked 
|  76|0x000000008f800000, 0x000000008f800000, 0x000000008f900000|  0%| F|  |TAMS 0x000000008f800000, 0x000000008f800000| Untracked 
|  77|0x000000008f900000, 0x000000008f900000, 0x000000008fa00000|  0%| F|  |TAMS 0x000000008f900000, 0x000000008f900000| Untracked 
|  78|0x000000008fa00000, 0x000000008fa00000, 0x000000008fb00000|  0%| F|  |TAMS 0x000000008fa00000, 0x000000008fa00000| Untracked 
|  79|0x000000008fb00000, 0x000000008fb00000, 0x000000008fc00000|  0%| F|  |TAMS 0x000000008fb00000, 0x000000008fb00000| Untracked 
|  80|0x000000008fc00000, 0x000000008fc00000, 0x000000008fd00000|  0%| F|  |TAMS 0x000000008fc00000, 0x000000008fc00000| Untracked 
|  81|0x000000008fd00000, 0x000000008fd00000, 0x000000008fe00000|  0%| F|  |TAMS 0x000000008fd00000, 0x000000008fd00000| Untracked 
|  82|0x000000008fe00000, 0x000000008fe00000, 0x000000008ff00000|  0%| F|  |TAMS 0x000000008fe00000, 0x000000008fe00000| Untracked 
|  83|0x000000008ff00000, 0x000000008ff00000, 0x0000000090000000|  0%| F|  |TAMS 0x000000008ff00000, 0x000000008ff00000| Untracked 
|  84|0x0000000090000000, 0x0000000090000000, 0x0000000090100000|  0%| F|  |TAMS 0x0000000090000000, 0x0000000090000000| Untracked 
|  85|0x0000000090100000, 0x0000000090100000, 0x0000000090200000|  0%| F|  |TAMS 0x0000000090100000, 0x0000000090100000| Untracked 
|  86|0x0000000090200000, 0x0000000090200000, 0x0000000090300000|  0%| F|  |TAMS 0x0000000090200000, 0x0000000090200000| Untracked 
|  87|0x0000000090300000, 0x0000000090300000, 0x0000000090400000|  0%| F|  |TAMS 0x0000000090300000, 0x0000000090300000| Untracked 
|  88|0x0000000090400000, 0x0000000090400000, 0x0000000090500000|  0%| F|  |TAMS 0x0000000090400000, 0x0000000090400000| Untracked 
|  89|0x0000000090500000, 0x0000000090500000, 0x0000000090600000|  0%| F|  |TAMS 0x0000000090500000, 0x0000000090500000| Untracked 
|  90|0x0000000090600000, 0x0000000090600000, 0x0000000090700000|  0%| F|  |TAMS 0x0000000090600000, 0x0000000090600000| Untracked 
|  91|0x0000000090700000, 0x0000000090700000, 0x0000000090800000|  0%| F|  |TAMS 0x0000000090700000, 0x0000000090700000| Untracked 
|  92|0x0000000090800000, 0x0000000090800000, 0x0000000090900000|  0%| F|  |TAMS 0x0000000090800000, 0x0000000090800000| Untracked 
|  93|0x0000000090900000, 0x0000000090900000, 0x0000000090a00000|  0%| F|  |TAMS 0x0000000090900000, 0x0000000090900000| Untracked 
|  94|0x0000000090a00000, 0x0000000090a00000, 0x0000000090b00000|  0%| F|  |TAMS 0x0000000090a00000, 0x0000000090a00000| Untracked 
|  95|0x0000000090b00000, 0x0000000090b00000, 0x0000000090c00000|  0%| F|  |TAMS 0x0000000090b00000, 0x0000000090b00000| Untracked 
|  96|0x0000000090c00000, 0x0000000090c00000, 0x0000000090d00000|  0%| F|  |TAMS 0x0000000090c00000, 0x0000000090c00000| Untracked 
|  97|0x0000000090d00000, 0x0000000090d00000, 0x0000000090e00000|  0%| F|  |TAMS 0x0000000090d00000, 0x0000000090d00000| Untracked 
|  98|0x0000000090e00000, 0x0000000090e00000, 0x0000000090f00000|  0%| F|  |TAMS 0x0000000090e00000, 0x0000000090e00000| Untracked 
|  99|0x0000000090f00000, 0x0000000090f00000, 0x0000000091000000|  0%| F|  |TAMS 0x0000000090f00000, 0x0000000090f00000| Untracked 
| 100|0x0000000091000000, 0x0000000091000000, 0x0000000091100000|  0%| F|  |TAMS 0x0000000091000000, 0x0000000091000000| Untracked 
| 101|0x0000000091100000, 0x0000000091100000, 0x0000000091200000|  0%| F|  |TAMS 0x0000000091100000, 0x0000000091100000| Untracked 
| 102|0x0000000091200000, 0x00000000912ea900, 0x0000000091300000| 91%| S|CS|TAMS 0x0000000091200000, 0x0000000091200000| Complete 
| 103|0x0000000091300000, 0x0000000091400000, 0x0000000091400000|100%| S|CS|TAMS 0x0000000091300000, 0x0000000091300000| Complete 
| 104|0x0000000091400000, 0x0000000091500000, 0x0000000091500000|100%| S|CS|TAMS 0x0000000091400000, 0x0000000091400000| Complete 
| 105|0x0000000091500000, 0x0000000091500000, 0x0000000091600000|  0%| F|  |TAMS 0x0000000091500000, 0x0000000091500000| Untracked 
| 106|0x0000000091600000, 0x0000000091600000, 0x0000000091700000|  0%| F|  |TAMS 0x0000000091600000, 0x0000000091600000| Untracked 
| 107|0x0000000091700000, 0x0000000091700000, 0x0000000091800000|  0%| F|  |TAMS 0x0000000091700000, 0x0000000091700000| Untracked 
| 108|0x0000000091800000, 0x0000000091800000, 0x0000000091900000|  0%| F|  |TAMS 0x0000000091800000, 0x0000000091800000| Untracked 
| 109|0x0000000091900000, 0x0000000091900000, 0x0000000091a00000|  0%| F|  |TAMS 0x0000000091900000, 0x0000000091900000| Untracked 
| 110|0x0000000091a00000, 0x0000000091a00000, 0x0000000091b00000|  0%| F|  |TAMS 0x0000000091a00000, 0x0000000091a00000| Untracked 
| 111|0x0000000091b00000, 0x0000000091b00000, 0x0000000091c00000|  0%| F|  |TAMS 0x0000000091b00000, 0x0000000091b00000| Untracked 
| 112|0x0000000091c00000, 0x0000000091c00000, 0x0000000091d00000|  0%| F|  |TAMS 0x0000000091c00000, 0x0000000091c00000| Untracked 
| 113|0x0000000091d00000, 0x0000000091d00000, 0x0000000091e00000|  0%| F|  |TAMS 0x0000000091d00000, 0x0000000091d00000| Untracked 
| 114|0x0000000091e00000, 0x0000000091e00000, 0x0000000091f00000|  0%| F|  |TAMS 0x0000000091e00000, 0x0000000091e00000| Untracked 
| 115|0x0000000091f00000, 0x0000000091f00000, 0x0000000092000000|  0%| F|  |TAMS 0x0000000091f00000, 0x0000000091f00000| Untracked 
| 116|0x0000000092000000, 0x0000000092000000, 0x0000000092100000|  0%| F|  |TAMS 0x0000000092000000, 0x0000000092000000| Untracked 
| 117|0x0000000092100000, 0x0000000092100000, 0x0000000092200000|  0%| F|  |TAMS 0x0000000092100000, 0x0000000092100000| Untracked 
| 118|0x0000000092200000, 0x0000000092200000, 0x0000000092300000|  0%| F|  |TAMS 0x0000000092200000, 0x0000000092200000| Untracked 
| 119|0x0000000092300000, 0x0000000092300000, 0x0000000092400000|  0%| F|  |TAMS 0x0000000092300000, 0x0000000092300000| Untracked 
| 120|0x0000000092400000, 0x0000000092400000, 0x0000000092500000|  0%| F|  |TAMS 0x0000000092400000, 0x0000000092400000| Untracked 
| 121|0x0000000092500000, 0x0000000092500000, 0x0000000092600000|  0%| F|  |TAMS 0x0000000092500000, 0x0000000092500000| Untracked 
| 122|0x0000000092600000, 0x0000000092600000, 0x0000000092700000|  0%| F|  |TAMS 0x0000000092600000, 0x0000000092600000| Untracked 
| 123|0x0000000092700000, 0x0000000092700000, 0x0000000092800000|  0%| F|  |TAMS 0x0000000092700000, 0x0000000092700000| Untracked 
| 124|0x0000000092800000, 0x0000000092800000, 0x0000000092900000|  0%| F|  |TAMS 0x0000000092800000, 0x0000000092800000| Untracked 
| 125|0x0000000092900000, 0x0000000092900000, 0x0000000092a00000|  0%| F|  |TAMS 0x0000000092900000, 0x0000000092900000| Untracked 
| 126|0x0000000092a00000, 0x0000000092a00000, 0x0000000092b00000|  0%| F|  |TAMS 0x0000000092a00000, 0x0000000092a00000| Untracked 
| 127|0x0000000092b00000, 0x0000000092b00000, 0x0000000092c00000|  0%| F|  |TAMS 0x0000000092b00000, 0x0000000092b00000| Untracked 
| 128|0x0000000092c00000, 0x0000000092c00000, 0x0000000092d00000|  0%| F|  |TAMS 0x0000000092c00000, 0x0000000092c00000| Untracked 
| 129|0x0000000092d00000, 0x0000000092d00000, 0x0000000092e00000|  0%| F|  |TAMS 0x0000000092d00000, 0x0000000092d00000| Untracked 
| 130|0x0000000092e00000, 0x0000000092e00000, 0x0000000092f00000|  0%| F|  |TAMS 0x0000000092e00000, 0x0000000092e00000| Untracked 
| 131|0x0000000092f00000, 0x0000000092f00000, 0x0000000093000000|  0%| F|  |TAMS 0x0000000092f00000, 0x0000000092f00000| Untracked 
| 132|0x0000000093000000, 0x0000000093000000, 0x0000000093100000|  0%| F|  |TAMS 0x0000000093000000, 0x0000000093000000| Untracked 
| 133|0x0000000093100000, 0x0000000093100000, 0x0000000093200000|  0%| F|  |TAMS 0x0000000093100000, 0x0000000093100000| Untracked 
| 134|0x0000000093200000, 0x0000000093200000, 0x0000000093300000|  0%| F|  |TAMS 0x0000000093200000, 0x0000000093200000| Untracked 
| 135|0x0000000093300000, 0x0000000093300000, 0x0000000093400000|  0%| F|  |TAMS 0x0000000093300000, 0x0000000093300000| Untracked 
| 136|0x0000000093400000, 0x0000000093400000, 0x0000000093500000|  0%| F|  |TAMS 0x0000000093400000, 0x0000000093400000| Untracked 
| 137|0x0000000093500000, 0x0000000093500000, 0x0000000093600000|  0%| F|  |TAMS 0x0000000093500000, 0x0000000093500000| Untracked 
| 138|0x0000000093600000, 0x0000000093600000, 0x0000000093700000|  0%| F|  |TAMS 0x0000000093600000, 0x0000000093600000| Untracked 
| 139|0x0000000093700000, 0x0000000093700000, 0x0000000093800000|  0%| F|  |TAMS 0x0000000093700000, 0x0000000093700000| Untracked 
| 140|0x0000000093800000, 0x0000000093800000, 0x0000000093900000|  0%| F|  |TAMS 0x0000000093800000, 0x0000000093800000| Untracked 

Card table byte_map: [0x000001850ded0000,0x000001850e280000] _byte_map_base: 0x000001850da7a000

Marking Bits (Prev, Next): (CMBitMap*) 0x0000018505c1f360, (CMBitMap*) 0x0000018505c1f320
 Prev Bits: [0x0000018510380000, 0x00000185120d0000)
 Next Bits: [0x000001850e630000, 0x0000018510380000)

Polling page: 0x0000018505c80000

Metaspace:

Usage:
  Non-class:     32.60 MB used.
      Class:      4.71 MB used.
       Both:     37.32 MB used.

Virtual space:
  Non-class space:       40.00 MB reserved,      32.75 MB ( 82%) committed,  5 nodes.
      Class space:        1.00 GB reserved,       4.81 MB ( <1%) committed,  1 nodes.
             Both:        1.04 GB reserved,      37.56 MB (  4%) committed. 

Chunk freelists:
   Non-Class:  3.25 MB
       Class:  3.00 MB
        Both:  6.25 MB

MaxMetaspaceSize: unlimited
CompressedClassSpaceSize: 1.00 GB
Initial GC threshold: 21.00 MB
Current GC threshold: 58.69 MB
CDS: off
MetaspaceReclaimPolicy: balanced
 - commit_granule_bytes: 65536.
 - commit_granule_words: 8192.
 - virtual_space_node_default_size: 1048576.
 - enlarge_chunks_in_place: 1.
 - new_chunks_are_fully_committed: 0.
 - uncommit_free_chunks: 1.
 - use_allocation_guard: 0.
 - handle_deallocations: 1.


Internal statistics:

num_allocs_failed_limit: 6.
num_arena_births: 346.
num_arena_deaths: 0.
num_vsnodes_births: 6.
num_vsnodes_deaths: 0.
num_space_committed: 601.
num_space_uncommitted: 0.
num_chunks_returned_to_freelist: 6.
num_chunks_taken_from_freelist: 1434.
num_chunk_merges: 3.
num_chunk_splits: 995.
num_chunks_enlarged: 788.
num_purges: 0.
num_inconsistent_stats: 0.

CodeCache: size=49152Kb used=7430Kb max_used=7430Kb free=41721Kb
 bounds [0x000001850a020000, 0x000001850a770000, 0x000001850d020000]
 total_blobs=4256 nmethods=3728 adapters=454
 compilation: enabled
              stopped_count=0, restarted_count=0
 full_count=0

Compilation events (20 events):
Event: 12.427 Thread 0x000001851581ed70 nmethod 3710 0x000001850a75e390 code [0x000001850a75e540, 0x000001850a75e7c8]
Event: 12.427 Thread 0x000001851581ed70 3681       1       io.github.classgraph.Scanner$ClassfileScanWorkUnit::access$600 (5 bytes)
Event: 12.427 Thread 0x000001851581ed70 nmethod 3681 0x000001850a75e990 code [0x000001850a75eb20, 0x000001850a75ebd8]
Event: 12.427 Thread 0x000001851581ed70 3739       1       nonapi.io.github.classgraph.utils.ProxyingInputStream::<init> (10 bytes)
Event: 12.428 Thread 0x000001851581ed70 nmethod 3739 0x000001850a75ec90 code [0x000001850a75ee20, 0x000001850a75ef38]
Event: 12.428 Thread 0x000001851581ed70 3743       1       nonapi.io.github.classgraph.fileslice.reader.ClassfileReader::<init> (29 bytes)
Event: 12.428 Thread 0x000001851581ed70 nmethod 3743 0x000001850a75ef90 code [0x000001850a75f120, 0x000001850a75f398]
Event: 12.428 Thread 0x000001851581ed70 3744       1       io.github.classgraph.ClasspathElementModule$1$1::<init> (16 bytes)
Event: 12.428 Thread 0x000001851581ed70 nmethod 3744 0x000001850a75f410 code [0x000001850a75f5a0, 0x000001850a75f778]
Event: 12.428 Thread 0x000001851581ed70 3737   !   1       jdk.internal.module.SystemModuleFinders$SystemModuleReader::toInputStream (43 bytes)
Event: 12.429 Thread 0x000001851581ed70 nmethod 3737 0x000001850a75f810 code [0x000001850a75fa00, 0x000001850a75ff28]
Event: 12.429 Thread 0x000001851581ed70 3729       1       jdk.internal.module.SystemModuleFinders$SystemModuleReader::open (15 bytes)
Event: 12.430 Thread 0x000001851581ed70 nmethod 3729 0x000001850a760210 code [0x000001850a760420, 0x000001850a7609e8]
Event: 12.430 Thread 0x000001851581ed70 3720       1       io.github.classgraph.Scanner$ClassfileScannerWorkUnitProcessor::processWorkUnit (11 bytes)
Event: 12.430 Thread 0x000001851581ed70 nmethod 3720 0x000001850a760d10 code [0x000001850a760ea0, 0x000001850a760fa8]
Event: 12.430 Thread 0x000001851581ed70 3735       1       java.nio.HeapByteBuffer::get (64 bytes)
Event: 12.431 Thread 0x000001851581ed70 nmethod 3735 0x000001850a761090 code [0x000001850a761280, 0x000001850a761618]
Event: 12.431 Thread 0x000001851581ed70 3680       1       io.github.classgraph.Scanner$ClassfileScanWorkUnit::access$500 (5 bytes)
Event: 12.431 Thread 0x000001851581ed70 nmethod 3680 0x000001850a761810 code [0x000001850a7619a0, 0x000001850a761a58]
Event: 12.431 Thread 0x000001851581ed70 3740       1       io.github.classgraph.Classfile::readBasicClassInfo (339 bytes)

GC Heap History (20 events):
Event: 10.994 GC heap after
{Heap after GC invocations=10 (full 0):
 garbage-first heap   total 58368K, used 27282K [0x000000008ac00000, 0x0000000100000000)
  region size 1024K, 3 young (3072K), 3 survivors (3072K)
 Metaspace       used 35603K, committed 35968K, reserved 1081344K
  class space    used 4609K, committed 4736K, reserved 1048576K
}
Event: 11.029 GC heap before
{Heap before GC invocations=10 (full 0):
 garbage-first heap   total 58368K, used 30354K [0x000000008ac00000, 0x0000000100000000)
  region size 1024K, 8 young (8192K), 3 survivors (3072K)
 Metaspace       used 35694K, committed 35968K, reserved 1081344K
  class space    used 4624K, committed 4736K, reserved 1048576K
}
Event: 11.033 GC heap after
{Heap after GC invocations=11 (full 0):
 garbage-first heap   total 58368K, used 28676K [0x000000008ac00000, 0x0000000100000000)
  region size 1024K, 2 young (2048K), 2 survivors (2048K)
 Metaspace       used 35694K, committed 35968K, reserved 1081344K
  class space    used 4624K, committed 4736K, reserved 1048576K
}
Event: 11.114 GC heap before
{Heap before GC invocations=12 (full 0):
 garbage-first heap   total 58368K, used 41988K [0x000000008ac00000, 0x0000000100000000)
  region size 1024K, 15 young (15360K), 2 survivors (2048K)
 Metaspace       used 35721K, committed 36032K, reserved 1081344K
  class space    used 4628K, committed 4736K, reserved 1048576K
}
Event: 11.118 GC heap after
{Heap after GC invocations=13 (full 0):
 garbage-first heap   total 79872K, used 30740K [0x000000008ac00000, 0x0000000100000000)
  region size 1024K, 2 young (2048K), 2 survivors (2048K)
 Metaspace       used 35721K, committed 36032K, reserved 1081344K
  class space    used 4628K, committed 4736K, reserved 1048576K
}
Event: 11.272 GC heap before
{Heap before GC invocations=13 (full 0):
 garbage-first heap   total 79872K, used 56340K [0x000000008ac00000, 0x0000000100000000)
  region size 1024K, 27 young (27648K), 2 survivors (2048K)
 Metaspace       used 35721K, committed 36032K, reserved 1081344K
  class space    used 4628K, committed 4736K, reserved 1048576K
}
Event: 11.280 GC heap after
{Heap after GC invocations=14 (full 0):
 garbage-first heap   total 79872K, used 37315K [0x000000008ac00000, 0x0000000100000000)
  region size 1024K, 4 young (4096K), 4 survivors (4096K)
 Metaspace       used 35721K, committed 36032K, reserved 1081344K
  class space    used 4628K, committed 4736K, reserved 1048576K
}
Event: 11.346 GC heap before
{Heap before GC invocations=14 (full 0):
 garbage-first heap   total 79872K, used 56771K [0x000000008ac00000, 0x0000000100000000)
  region size 1024K, 23 young (23552K), 4 survivors (4096K)
 Metaspace       used 35721K, committed 36032K, reserved 1081344K
  class space    used 4628K, committed 4736K, reserved 1048576K
}
Event: 11.352 GC heap after
{Heap after GC invocations=15 (full 0):
 garbage-first heap   total 79872K, used 42269K [0x000000008ac00000, 0x0000000100000000)
  region size 1024K, 3 young (3072K), 3 survivors (3072K)
 Metaspace       used 35721K, committed 36032K, reserved 1081344K
  class space    used 4628K, committed 4736K, reserved 1048576K
}
Event: 11.404 GC heap before
{Heap before GC invocations=15 (full 0):
 garbage-first heap   total 79872K, used 59677K [0x000000008ac00000, 0x0000000100000000)
  region size 1024K, 20 young (20480K), 3 survivors (3072K)
 Metaspace       used 35722K, committed 36032K, reserved 1081344K
  class space    used 4628K, committed 4736K, reserved 1048576K
}
Event: 11.410 GC heap after
{Heap after GC invocations=16 (full 0):
 garbage-first heap   total 79872K, used 45657K [0x000000008ac00000, 0x0000000100000000)
  region size 1024K, 3 young (3072K), 3 survivors (3072K)
 Metaspace       used 35722K, committed 36032K, reserved 1081344K
  class space    used 4628K, committed 4736K, reserved 1048576K
}
Event: 11.706 GC heap before
{Heap before GC invocations=17 (full 0):
 garbage-first heap   total 91136K, used 61017K [0x000000008ac00000, 0x0000000100000000)
  region size 1024K, 18 young (18432K), 3 survivors (3072K)
 Metaspace       used 36351K, committed 36672K, reserved 1081344K
  class space    used 4685K, committed 4800K, reserved 1048576K
}
Event: 11.714 GC heap after
{Heap after GC invocations=18 (full 0):
 garbage-first heap   total 144384K, used 48692K [0x000000008ac00000, 0x0000000100000000)
  region size 1024K, 3 young (3072K), 3 survivors (3072K)
 Metaspace       used 36351K, committed 36672K, reserved 1081344K
  class space    used 4685K, committed 4800K, reserved 1048576K
}
Event: 11.802 GC heap before
{Heap before GC invocations=18 (full 0):
 garbage-first heap   total 144384K, used 52788K [0x000000008ac00000, 0x0000000100000000)
  region size 1024K, 7 young (7168K), 3 survivors (3072K)
 Metaspace       used 36571K, committed 36928K, reserved 1081344K
  class space    used 4706K, committed 4864K, reserved 1048576K
}
Event: 11.805 GC heap after
{Heap after GC invocations=19 (full 0):
 garbage-first heap   total 144384K, used 49617K [0x000000008ac00000, 0x0000000100000000)
  region size 1024K, 1 young (1024K), 1 survivors (1024K)
 Metaspace       used 36571K, committed 36928K, reserved 1081344K
  class space    used 4706K, committed 4864K, reserved 1048576K
}
Event: 12.236 GC heap before
{Heap before GC invocations=19 (full 0):
 garbage-first heap   total 144384K, used 96721K [0x000000008ac00000, 0x0000000100000000)
  region size 1024K, 46 young (47104K), 1 survivors (1024K)
 Metaspace       used 37905K, committed 38208K, reserved 1089536K
  class space    used 4805K, committed 4928K, reserved 1048576K
}
Event: 12.314 GC heap after
{Heap after GC invocations=20 (full 0):
 garbage-first heap   total 144384K, used 65951K [0x000000008ac00000, 0x0000000100000000)
  region size 1024K, 6 young (6144K), 6 survivors (6144K)
 Metaspace       used 37905K, committed 38208K, reserved 1089536K
  class space    used 4805K, committed 4928K, reserved 1048576K
}
Event: 12.391 GC heap before
{Heap before GC invocations=20 (full 0):
 garbage-first heap   total 144384K, used 97695K [0x000000008ac00000, 0x0000000100000000)
  region size 1024K, 38 young (38912K), 6 survivors (6144K)
 Metaspace       used 38019K, committed 38336K, reserved 1089536K
  class space    used 4813K, committed 4928K, reserved 1048576K
}
Event: 12.405 GC heap after
{Heap after GC invocations=21 (full 0):
 garbage-first heap   total 144384K, used 68845K [0x000000008ac00000, 0x0000000100000000)
  region size 1024K, 3 young (3072K), 3 survivors (3072K)
 Metaspace       used 38019K, committed 38336K, reserved 1089536K
  class space    used 4813K, committed 4928K, reserved 1048576K
}
Event: 12.434 GC heap before
{Heap before GC invocations=21 (full 0):
 garbage-first heap   total 144384K, used 101613K [0x000000008ac00000, 0x0000000100000000)
  region size 1024K, 36 young (36864K), 3 survivors (3072K)
 Metaspace       used 38211K, committed 38464K, reserved 1089536K
  class space    used 4825K, committed 4928K, reserved 1048576K
}

Dll operation events (8 events):
Event: 0.017 Loaded shared library c:\Users\naveendurai\.vscode\extensions\redhat.java-1.13.0-win32-x64\jre\17.0.5-win32-x86_64\bin\java.dll
Event: 0.230 Loaded shared library C:\Users\naveendurai\.vscode\extensions\redhat.java-1.13.0-win32-x64\jre\17.0.5-win32-x86_64\bin\net.dll
Event: 0.233 Loaded shared library C:\Users\naveendurai\.vscode\extensions\redhat.java-1.13.0-win32-x64\jre\17.0.5-win32-x86_64\bin\nio.dll
Event: 0.248 Loaded shared library C:\Users\naveendurai\.vscode\extensions\redhat.java-1.13.0-win32-x64\jre\17.0.5-win32-x86_64\bin\zip.dll
Event: 0.651 Loaded shared library c:\Users\naveendurai\.vscode\extensions\redhat.java-1.13.0-win32-x64\jre\17.0.5-win32-x86_64\bin\verify.dll
Event: 0.666 Loaded shared library C:\Users\naveendurai\.vscode\extensions\redhat.java-1.13.0-win32-x64\jre\17.0.5-win32-x86_64\bin\jimage.dll
Event: 2.896 Loaded shared library C:\Users\naveendurai\.vscode\extensions\redhat.java-1.13.0-win32-x64\jre\17.0.5-win32-x86_64\bin\management.dll
Event: 2.914 Loaded shared library C:\Users\naveendurai\.vscode\extensions\redhat.java-1.13.0-win32-x64\jre\17.0.5-win32-x86_64\bin\management_ext.dll

Deoptimization events (10 events):
Event: 3.766 Thread 0x0000018505bc5d20 DEOPT PACKING pc=0x000001850a462d19 sp=0x000000165fcfd1d0
Event: 3.792 Thread 0x0000018505bc5d20 DEOPT UNPACKING pc=0x000001850a072b43 sp=0x000000165fcfc6b0 mode 3
Event: 10.397 Thread 0x0000018516f6a480 DEOPT PACKING pc=0x000001850a1c40b5 sp=0x0000001661efd870
Event: 10.398 Thread 0x0000018516f6a480 DEOPT UNPACKING pc=0x000001850a072b43 sp=0x0000001661efcd98 mode 3
Event: 10.713 Thread 0x00000185160eb240 DEOPT PACKING pc=0x000001850a1a61ab sp=0x00000016620fe7f0
Event: 10.713 Thread 0x00000185160eb240 DEOPT UNPACKING pc=0x000001850a072b43 sp=0x00000016620fdd38 mode 3
Event: 11.003 Thread 0x00000185171c0fd0 DEOPT PACKING pc=0x000001850a461101 sp=0x00000016637feb70
Event: 11.003 Thread 0x00000185171c0fd0 DEOPT UNPACKING pc=0x000001850a072b43 sp=0x00000016637fe000 mode 3
Event: 11.789 Thread 0x00000185171bf2f0 DEOPT PACKING pc=0x000001850a45ec17 sp=0x0000001662efebe0
Event: 11.790 Thread 0x00000185171bf2f0 DEOPT UNPACKING pc=0x000001850a072b43 sp=0x0000001662efe038 mode 3

Classes unloaded (0 events):
No events

Classes redefined (0 events):
No events

Internal exceptions (20 events):
Event: 10.824 Thread 0x00000185162989d0 Exception <a 'sun/nio/fs/WindowsException'{0x000000009036d2a0}> (0x000000009036d2a0) 
thrown [s\src\hotspot\share\prims\jni.cpp, line 516]
Event: 10.824 Thread 0x00000185162989d0 Exception <a 'sun/nio/fs/WindowsException'{0x000000009036d690}> (0x000000009036d690) 
thrown [s\src\hotspot\share\prims\jni.cpp, line 516]
Event: 10.824 Thread 0x00000185162989d0 Exception <a 'sun/nio/fs/WindowsException'{0x000000009036e0f8}> (0x000000009036e0f8) 
thrown [s\src\hotspot\share\prims\jni.cpp, line 516]
Event: 10.824 Thread 0x00000185162989d0 Exception <a 'sun/nio/fs/WindowsException'{0x000000009036e528}> (0x000000009036e528) 
thrown [s\src\hotspot\share\prims\jni.cpp, line 516]
Event: 10.824 Thread 0x00000185162989d0 Exception <a 'sun/nio/fs/WindowsException'{0x000000009036ef68}> (0x000000009036ef68) 
thrown [s\src\hotspot\share\prims\jni.cpp, line 516]
Event: 10.824 Thread 0x00000185162989d0 Exception <a 'sun/nio/fs/WindowsException'{0x000000009036f368}> (0x000000009036f368) 
thrown [s\src\hotspot\share\prims\jni.cpp, line 516]
Event: 10.825 Thread 0x00000185162989d0 Exception <a 'sun/nio/fs/WindowsException'{0x000000009036fd80}> (0x000000009036fd80) 
thrown [s\src\hotspot\share\prims\jni.cpp, line 516]
Event: 10.825 Thread 0x00000185162989d0 Exception <a 'sun/nio/fs/WindowsException'{0x0000000090370140}> (0x0000000090370140) 
thrown [s\src\hotspot\share\prims\jni.cpp, line 516]
Event: 10.825 Thread 0x00000185162989d0 Exception <a 'sun/nio/fs/WindowsException'{0x0000000090370b68}> (0x0000000090370b68) 
thrown [s\src\hotspot\share\prims\jni.cpp, line 516]
Event: 10.825 Thread 0x00000185162989d0 Exception <a 'sun/nio/fs/WindowsException'{0x0000000090370f48}> (0x0000000090370f48) 
thrown [s\src\hotspot\share\prims\jni.cpp, line 516]
Event: 10.825 Thread 0x00000185162989d0 Exception <a 'sun/nio/fs/WindowsException'{0x0000000090371960}> (0x0000000090371960) 
thrown [s\src\hotspot\share\prims\jni.cpp, line 516]
Event: 10.825 Thread 0x00000185162989d0 Exception <a 'sun/nio/fs/WindowsException'{0x0000000090371d30}> (0x0000000090371d30) 
thrown [s\src\hotspot\share\prims\jni.cpp, line 516]
Event: 10.825 Thread 0x00000185162989d0 Exception <a 'sun/nio/fs/WindowsException'{0x0000000090372758}> (0x0000000090372758) 
thrown [s\src\hotspot\share\prims\jni.cpp, line 516]
Event: 10.825 Thread 0x00000185162989d0 Exception <a 'sun/nio/fs/WindowsException'{0x0000000090372b38}> (0x0000000090372b38) 
thrown [s\src\hotspot\share\prims\jni.cpp, line 516]
Event: 10.825 Thread 0x00000185162989d0 Exception <a 'sun/nio/fs/WindowsException'{0x0000000090373578}> (0x0000000090373578) 
thrown [s\src\hotspot\share\prims\jni.cpp, line 516]
Event: 10.825 Thread 0x00000185162989d0 Exception <a 'sun/nio/fs/WindowsException'{0x0000000090373978}> (0x0000000090373978) 
thrown [s\src\hotspot\share\prims\jni.cpp, line 516]
Event: 10.825 Thread 0x00000185162989d0 Exception <a 'sun/nio/fs/WindowsException'{0x00000000903743d0}> (0x00000000903743d0) 
thrown [s\src\hotspot\share\prims\jni.cpp, line 516]
Event: 10.825 Thread 0x00000185162989d0 Exception <a 'sun/nio/fs/WindowsException'{0x00000000903747e8}> (0x00000000903747e8) 
thrown [s\src\hotspot\share\prims\jni.cpp, line 516]
Event: 10.826 Thread 0x00000185162989d0 Exception <a 'sun/nio/fs/WindowsException'{0x0000000090375238}> (0x0000000090375238) 
thrown [s\src\hotspot\share\prims\jni.cpp, line 516]
Event: 10.826 Thread 0x00000185162989d0 Exception <a 'sun/nio/fs/WindowsException'{0x0000000090375648}> (0x0000000090375648) 
thrown [s\src\hotspot\share\prims\jni.cpp, line 516]

VM Operations (20 events):
Event: 11.411 Executing VM operation: G1CollectForAllocation done
Event: 11.443 Executing VM operation: G1Concurrent
Event: 11.446 Executing VM operation: G1Concurrent done
Event: 11.460 Executing VM operation: G1Concurrent
Event: 11.460 Executing VM operation: G1Concurrent done
Event: 11.706 Executing VM operation: G1CollectForAllocation
Event: 11.714 Executing VM operation: G1CollectForAllocation done
Event: 11.802 Executing VM operation: G1CollectForAllocation
Event: 11.805 Executing VM operation: G1CollectForAllocation done
Event: 12.232 Executing VM operation: G1CollectForAllocation
Event: 12.314 Executing VM operation: G1CollectForAllocation done
Event: 12.375 Executing VM operation: HandshakeAllThreads
Event: 12.384 Executing VM operation: HandshakeAllThreads done
Event: 12.386 Executing VM operation: HandshakeAllThreads
Event: 12.390 Executing VM operation: HandshakeAllThreads done
Event: 12.390 Executing VM operation: G1CollectForAllocation
Event: 12.405 Executing VM operation: G1CollectForAllocation done
Event: 12.433 Executing VM operation: G1CollectForAllocation
Event: 12.434 Executing VM operation: G1CollectForAllocation done
Event: 12.434 Executing VM operation: G1CollectForAllocation

Events (20 events):
Event: 11.522 loading class java/util/stream/Nodes$SpinedNodeBuilder
Event: 11.523 loading class java/util/stream/Nodes$SpinedNodeBuilder done
Event: 11.786 loading class java/util/zip/GZIPOutputStream
Event: 11.787 loading class java/util/zip/DeflaterOutputStream
Event: 11.787 loading class java/util/zip/DeflaterOutputStream done
Event: 11.787 loading class java/util/zip/GZIPOutputStream done
Event: 11.842 loading class java/util/zip/GZIPInputStream
Event: 11.842 loading class java/util/zip/GZIPInputStream done
Event: 11.866 loading class java/net/SocketTimeoutException
Event: 11.867 loading class java/io/InterruptedIOException
Event: 11.868 loading class java/io/InterruptedIOException done
Event: 11.868 loading class java/net/SocketTimeoutException done
Event: 11.868 loading class java/net/ProtocolException
Event: 11.869 loading class java/net/ProtocolException done
Event: 12.423 loading class java/io/FilenameFilter
Event: 12.425 loading class java/io/FilenameFilter done
Event: 12.427 loading class java/lang/UnsupportedClassVersionError
Event: 12.427 loading class java/lang/UnsupportedClassVersionError done
Event: 12.427 loading class java/io/PrintWriter
Event: 12.429 loading class java/io/PrintWriter done


Dynamic libraries:
0x00007ff6af730000 - 0x00007ff6af73e000 	c:\Users\naveendurai\.vscode\extensions\redhat.java-1.13.0-win32-x64\jre\17.0.5-win32-x86_64\bin\java.exe
0x00007ffda1070000 - 0x00007ffda1284000 	C:\WINDOWS\SYSTEM32\ntdll.dll
0x00007ffd9ffc0000 - 0x00007ffda0083000 	C:\WINDOWS\System32\KERNEL32.DLL
0x00007ffd9e9a0000 - 0x00007ffd9ed3d000 	C:\WINDOWS\System32\KERNELBASE.dll
0x00007ffd9ed40000 - 0x00007ffd9ee51000 	C:\WINDOWS\System32\ucrtbase.dll
0x00007ffd6ccc0000 - 0x00007ffd6ccd7000 	c:\Users\naveendurai\.vscode\extensions\redhat.java-1.13.0-win32-x64\jre\17.0.5-win32-x86_64\bin\jli.dll
0x00007ffd6ca20000 - 0x00007ffd6ca39000 	c:\Users\naveendurai\.vscode\extensions\redhat.java-1.13.0-win32-x64\jre\17.0.5-win32-x86_64\bin\VCRUNTIME140.dll
0x00007ffda01d0000 - 0x00007ffda037d000 	C:\WINDOWS\System32\USER32.dll
0x00007ffd87060000 - 0x00007ffd872ee000 	C:\WINDOWS\WinSxS\amd64_microsoft.windows.common-controls_6595b64144ccf1df_6.0.22621.608_none_a9444ca7c10bb01d\COMCTL32.dll
0x00007ffd9e970000 - 0x00007ffd9e996000 	C:\WINDOWS\System32\win32u.dll
0x00007ffda0090000 - 0x00007ffda0137000 	C:\WINDOWS\System32\msvcrt.dll
0x00007ffda0de0000 - 0x00007ffda0e09000 	C:\WINDOWS\System32\GDI32.dll
0x00007ffd9e490000 - 0x00007ffd9e5a2000 	C:\WINDOWS\System32\gdi32full.dll
0x00007ffd9e8d0000 - 0x00007ffd9e96a000 	C:\WINDOWS\System32\msvcp_win.dll
0x00007ffd9f010000 - 0x00007ffd9f042000 	C:\WINDOWS\System32\IMM32.DLL
0x00007ffd87fc0000 - 0x00007ffd87fcc000 	c:\Users\naveendurai\.vscode\extensions\redhat.java-1.13.0-win32-x64\jre\17.0.5-win32-x86_64\bin\vcruntime140_1.dll
0x00007ffd58a10000 - 0x00007ffd58aa1000 	c:\Users\naveendurai\.vscode\extensions\redhat.java-1.13.0-win32-x64\jre\17.0.5-win32-x86_64\bin\msvcp140.dll
0x00007ffd4d160000 - 0x00007ffd4dda4000 	c:\Users\naveendurai\.vscode\extensions\redhat.java-1.13.0-win32-x64\jre\17.0.5-win32-x86_64\bin\server\jvm.dll
0x00007ffd9ee60000 - 0x00007ffd9ef0e000 	C:\WINDOWS\System32\ADVAPI32.dll
0x00007ffd9f110000 - 0x00007ffd9f1b4000 	C:\WINDOWS\System32\sechost.dll
0x00007ffda0eb0000 - 0x00007ffda0fc5000 	C:\WINDOWS\System32\RPCRT4.dll
0x00007ffd891a0000 - 0x00007ffd891a9000 	C:\WINDOWS\SYSTEM32\WSOCK32.dll
0x00007ffd96170000 - 0x00007ffd9617a000 	C:\WINDOWS\SYSTEM32\VERSION.dll
0x00007ffd95af0000 - 0x00007ffd95b24000 	C:\WINDOWS\SYSTEM32\WINMM.dll
0x00007ffd9ef10000 - 0x00007ffd9ef81000 	C:\WINDOWS\System32\WS2_32.dll
0x00007ffd9d4f0000 - 0x00007ffd9d508000 	C:\WINDOWS\SYSTEM32\kernel.appcore.dll
0x00007ffd879f0000 - 0x00007ffd879fa000 	c:\Users\naveendurai\.vscode\extensions\redhat.java-1.13.0-win32-x64\jre\17.0.5-win32-x86_64\bin\jimage.dll
0x00007ffd8aea0000 - 0x00007ffd8b0ce000 	C:\WINDOWS\SYSTEM32\DBGHELP.DLL
0x00007ffd9f1c0000 - 0x00007ffd9f54a000 	C:\WINDOWS\System32\combase.dll
0x00007ffd9fee0000 - 0x00007ffd9ffb7000 	C:\WINDOWS\System32\OLEAUT32.dll
0x00007ffd810d0000 - 0x00007ffd81102000 	C:\WINDOWS\SYSTEM32\dbgcore.DLL
0x00007ffd9e670000 - 0x00007ffd9e6eb000 	C:\WINDOWS\System32\bcryptPrimitives.dll
0x00007ffd6b890000 - 0x00007ffd6b8b5000 	c:\Users\naveendurai\.vscode\extensions\redhat.java-1.13.0-win32-x64\jre\17.0.5-win32-x86_64\bin\java.dll
0x00007ffd6c070000 - 0x00007ffd6c088000 	c:\Users\naveendurai\.vscode\extensions\redhat.java-1.13.0-win32-x64\jre\17.0.5-win32-x86_64\bin\zip.dll
0x00007ffd9f550000 - 0x00007ffd9fd3f000 	C:\WINDOWS\System32\SHELL32.dll
0x00007ffd9c480000 - 0x00007ffd9cd48000 	C:\WINDOWS\SYSTEM32\windows.storage.dll
0x00007ffd9c340000 - 0x00007ffd9c47e000 	C:\WINDOWS\SYSTEM32\wintypes.dll
0x00007ffda0b90000 - 0x00007ffda0c81000 	C:\WINDOWS\System32\SHCORE.dll
0x00007ffda0e10000 - 0x00007ffda0e6e000 	C:\WINDOWS\System32\shlwapi.dll
0x00007ffd9e3c0000 - 0x00007ffd9e3e1000 	C:\WINDOWS\SYSTEM32\profapi.dll
0x00007ffd6be10000 - 0x00007ffd6be29000 	C:\Users\naveendurai\.vscode\extensions\redhat.java-1.13.0-win32-x64\jre\17.0.5-win32-x86_64\bin\net.dll
0x00007ffd984c0000 - 0x00007ffd985ef000 	C:\WINDOWS\SYSTEM32\WINHTTP.dll
0x00007ffd9d950000 - 0x00007ffd9d9b9000 	C:\WINDOWS\system32\mswsock.dll
0x00007ffd6bb40000 - 0x00007ffd6bb55000 	C:\Users\naveendurai\.vscode\extensions\redhat.java-1.13.0-win32-x64\jre\17.0.5-win32-x86_64\bin\nio.dll
0x00007ffd85b60000 - 0x00007ffd85b70000 	c:\Users\naveendurai\.vscode\extensions\redhat.java-1.13.0-win32-x64\jre\17.0.5-win32-x86_64\bin\verify.dll
0x00007ffd84b00000 - 0x00007ffd84b09000 	C:\Users\naveendurai\.vscode\extensions\redhat.java-1.13.0-win32-x64\jre\17.0.5-win32-x86_64\bin\management.dll
0x00007ffd849a0000 - 0x00007ffd849ab000 	C:\Users\naveendurai\.vscode\extensions\redhat.java-1.13.0-win32-x64\jre\17.0.5-win32-x86_64\bin\management_ext.dll
0x00007ffda0ae0000 - 0x00007ffda0ae8000 	C:\WINDOWS\System32\PSAPI.DLL
0x00007ffd7c790000 - 0x00007ffd7c7a7000 	C:\WINDOWS\system32\napinsp.dll
0x00007ffd7c6c0000 - 0x00007ffd7c6db000 	C:\WINDOWS\system32\pnrpnsp.dll
0x00007ffd9d010000 - 0x00007ffd9d102000 	C:\WINDOWS\SYSTEM32\DNSAPI.dll
0x00007ffd9cfe0000 - 0x00007ffd9d00d000 	C:\WINDOWS\SYSTEM32\IPHLPAPI.DLL
0x00007ffd9ef90000 - 0x00007ffd9ef99000 	C:\WINDOWS\System32\NSI.dll
0x00007ffd7c670000 - 0x00007ffd7c681000 	C:\WINDOWS\System32\winrnr.dll
0x00007ffd96250000 - 0x00007ffd96265000 	C:\WINDOWS\system32\wshbth.dll
0x00007ffd7c640000 - 0x00007ffd7c661000 	C:\WINDOWS\system32\nlansp_c.dll
0x00007ffd92f30000 - 0x00007ffd92f3a000 	C:\Windows\System32\rasadhlp.dll
0x00007ffd92b20000 - 0x00007ffd92ba3000 	C:\WINDOWS\System32\fwpuclnt.dll
0x00007ffd9dc10000 - 0x00007ffd9dc2b000 	C:\WINDOWS\SYSTEM32\CRYPTSP.dll
0x00007ffd9d460000 - 0x00007ffd9d495000 	C:\WINDOWS\system32\rsaenh.dll
0x00007ffd9dab0000 - 0x00007ffd9dad8000 	C:\WINDOWS\SYSTEM32\USERENV.dll
0x00007ffd9ddd0000 - 0x00007ffd9ddf8000 	C:\WINDOWS\SYSTEM32\bcrypt.dll
0x00007ffd9dc30000 - 0x00007ffd9dc3c000 	C:\WINDOWS\SYSTEM32\CRYPTBASE.dll
0x00007ffd96370000 - 0x00007ffd96389000 	C:\WINDOWS\SYSTEM32\dhcpcsvc6.DLL
0x00007ffd961e0000 - 0x00007ffd961ff000 	C:\WINDOWS\SYSTEM32\dhcpcsvc.DLL

dbghelp: loaded successfully - version: 4.0.5 - missing functions: none
symbol engine: initialized successfully - sym options: 0x614 - pdb path: .;c:\Users\naveendurai\.vscode\extensions\redhat.java-1.13.0-win32-x64\jre\17.0.5-win32-x86_64\bin;C:\WINDOWS\SYSTEM32;C:\WINDOWS\WinSxS\amd64_microsoft.windows.common-controls_6595b64144ccf1df_6.0.22621.608_none_a9444ca7c10bb01d;c:\Users\naveendurai\.vscode\extensions\redhat.java-1.13.0-win32-x64\jre\17.0.5-win32-x86_64\bin\server

VM Arguments:
jvm_args: -Dsts.lsp.client=vscode -Dsts.log.file=/dev/null -XX:TieredStopAtLevel=1 -Xlog:jni+resolve=off -Dspring.config.location=file:c:\Users\naveendurai\.vscode\extensions\pivotal.vscode-spring-boot-1.42.0\language-server\BOOT-INF\classes\application.properties 
java_command: org.springframework.ide.vscode.boot.app.BootLanguageServerBootApp
java_class_path (initial): c:\Users\naveendurai\.vscode\extensions\pivotal.vscode-spring-boot-1.42.0\language-server\BOOT-INF\classes;c:\Users\naveendurai\.vscode\extensions\pivotal.vscode-spring-boot-1.42.0\language-server\BOOT-INF\lib\annotations-23.1.0.jar;c:\Users\naveendurai\.vscode\extensions\pivotal.vscode-spring-boot-1.42.0\language-server\BOOT-INF\lib\ant-1.10.12.jar;c:\Users\naveendurai\.vscode\extensions\pivotal.vscode-spring-boot-1.42.0\language-server\BOOT-INF\lib\ant-launcher-1.10.12.jar;c:\Users\naveendurai\.vscode\extensions\pivotal.vscode-spring-boot-1.42.0\language-server\BOOT-INF\lib\antlr-runtime-3.5.2.jar;c:\Users\naveendurai\.vscode\extensions\pivotal.vscode-spring-boot-1.42.0\language-server\BOOT-INF\lib\antlr4-4.9.3.jar;c:\Users\naveendurai\.vscode\extensions\pivotal.vscode-spring-boot-1.42.0\language-server\BOOT-INF\lib\antlr4-runtime-4.9.3.jar;c:\Users\naveendurai\.vscode\extensions\pivotal.vscode-spring-boot-1.42.0\language-server\BOOT-INF\lib\apiguardian-api-1.1.2.jar;c:\Users\naveendurai\.vscode\extensions\pivotal.vscode-spring-boot-1.42.0\language-server\BOOT-INF\lib\asm-9.4.jar;c:\Users\naveendurai\.vscode\extensions\pivotal.vscode-spring-boot-1.42.0\language-server\BOOT-INF\lib\asm-analysis-9.4.jar;c:\Users\naveendurai\.vscode\extensions\pivotal.vscode-spring-boot-1.42.0\language-server\BOOT-INF\lib\asm-tree-9.4.jar;c:\Users\naveendurai\.vscode\extensions\pivotal.vscode-spring-boot-1.42.0\language-server\BOOT-INF\lib\asm-util-9.4.jar;c:\Users\naveendurai\.vscode\extensions\pivotal.vscode-spring-boot-1.42.0\language-server\BOOT-INF\lib\caffeine-2.9.3.jar;c:\Users\naveendurai\.vscode\extensions\pivotal.vscode-spring-boot-1.42.0\language-server\BOOT-INF\lib\checker-qual-3.12.0.jar;c:\Users\naveendurai\.vscode\extensions\pivotal.vscode-spring-boot-1.42.0\language-server\BOOT-INF\lib\ci-environment-9.1.0.jar;c:\Users\naveendurai\.vscode\extensions\pivotal.vscode-spring-boot-1.42.0\language-server\BOOT-INF\lib\classgraph-4.8.149.jar;c:\Us
Launcher Type: SUN_STANDARD

[Global flags]
     intx CICompilerCount                          = 4                                         {product} {ergonomic}
     uint ConcGCThreads                            = 3                                         {product} {ergonomic}
     uint G1ConcRefinementThreads                  = 10                                        {product} {ergonomic}
   size_t G1HeapRegionSize                         = 1048576                                   {product} {ergonomic}
    uintx GCDrainStackTargetSize                   = 64                                        {product} {ergonomic}
   size_t InitialHeapSize                          = 123731968                                 {product} {ergonomic}
   size_t MarkStackSize                            = 4194304                                   {product} {ergonomic}
   size_t MaxHeapSize                              = 1967128576                                {product} {ergonomic}
   size_t MaxNewSize                               = 1179648000                                {product} {ergonomic}
   size_t MinHeapDeltaBytes                        = 1048576                                   {product} {ergonomic}
   size_t MinHeapSize                              = 8388608                                   {product} {ergonomic}
    uintx NonProfiledCodeHeapSize                  = 0                                      {pd product} {ergonomic}
     bool ProfileInterpreter                       = false                                  {pd product} {command line}
    uintx ProfiledCodeHeapSize                     = 0                                      {pd product} {ergonomic}
   size_t SoftMaxHeapSize                          = 1967128576                             {manageable} {ergonomic}
     intx TieredStopAtLevel                        = 1                                         {product} {command line}
     bool UseCompressedClassPointers               = true                           {product lp64_product} {ergonomic}
     bool UseCompressedOops                        = true                           {product lp64_product} {ergonomic}
     bool UseG1GC                                  = true                                      {product} {ergonomic}
     bool UseLargePagesIndividualAllocation        = false                                  {pd product} {ergonomic}

Logging:
Log output configuration:
 #0: stdout all=warning,jni+resolve=off uptime,level,tags
 #1: stderr all=off uptime,level,tags

Environment Variables:
JAVA_HOME=C:\Program Files\Java\jdk1.8.0_202
PATH=C:\Users\naveendurai\AppData\Local\cloud-code\installer\google-cloud-sdk\bin;C:\Program Files\Common Files\Oracle\Java\javapath;C:\Program Files (x86)\Common Files\Oracle\Java\javapath;C:\WINDOWS\system32;C:\WINDOWS;C:\WINDOWS\System32\Wbem;C:\WINDOWS\System32\WindowsPowerShell\v1.0\;C:\WINDOWS\System32\OpenSSH\;C:\Program Files\MySQL\MySQL Server 8.0\bin;C:\Program Files\Java\jdk1.8.0_202\bin;C:\Program Files\Git\cmd;C:\Program Files\Java\jdk-11.0.16\bin;C:\Program Files\nodejs\;C:\Program Files\nodejs;C:\Program Files\Docker\Docker\resources\bin;D:\Software and other dependencies\apache-maven-3.8.6-bin\apache-maven-3.8.6\bin;C:\Program Files\MySQL\MySQL Shell 8.0\bin\;C:\Users\naveendurai\AppData\Local\Microsoft\WindowsApps;C:\Users\naveendurai\AppData\Local\Programs\Microsoft VS Code\bin;C:\Users\naveendurai\AppData\Local\GitHubDesktop\bin;C:\Users\naveendurai\AppData\Roaming\npm;C:\Users\naveendurai\AppData\Local\Google\Cloud SDK\google-cloud-sdk\bin;C:\Program Files (x86)\Google\Cloud SDK\google-cloud-sdk\bin;C:\Program Files\Google\Cloud SDK\google-cloud-sdk\bin
USERNAME=naveendurai
OS=Windows_NT
PROCESSOR_IDENTIFIER=AMD64 Family 23 Model 104 Stepping 1, AuthenticAMD
TMP=C:\Users\NAVEEN~1\AppData\Local\Temp
TEMP=C:\Users\NAVEEN~1\AppData\Local\Temp



---------------  S Y S T E M  ---------------

OS:
 Windows 11 , 64 bit Build 22621 (10.0.22621.963)
OS uptime: 0 days 19:21 hours
Hyper-V role detected

CPU: total 12 (initial active 12) (12 cores per cpu, 2 threads per core) family 23 model 104 stepping 1 microcode 0x0, cx8, cmov, fxsr, ht, mmx, 3dnowpref, sse, sse2, sse3, ssse3, sse4a, sse4.1, sse4.2, popcnt, lzcnt, tsc, tscinvbit, avx, avx2, aes, clmul, bmi1, bmi2, adx, sha, fma, vzeroupper, clflush, clflushopt, hv

Memory: 4k page, system-wide physical 7503M (0M free)
TotalPageFile size 20998M (AvailPageFile size 51M)
current process WorkingSet (physical memory assigned to process): 96M, peak: 145M
current process commit charge ("private bytes"): 290M, peak: 422M

vm_info: OpenJDK 64-Bit Server VM (17.0.5+8) for windows-amd64 JRE (17.0.5+8), built on Oct 19 2022 04:48:13 by "temurin" with MS VC++ 16.7 (VS2019)

END.
