#
# There is insufficient memory for the Java Runtime Environment to continue.
# Native memory allocation (mmap) failed to map 515899392 bytes for G1 virtual space
# Possible reasons:
#   The system is out of physical RAM or swap space
#   The process is running with CompressedOops enabled, and the Java Heap may be blocking the growth of the native heap
# Possible solutions:
#   Reduce memory load on the system
#   Increase physical memory or swap space
#   Check if swap backing store is full
#   Decrease Java heap size (-Xmx/-Xms)
#   Decrease number of Java threads
#   Decrease Java thread stack sizes (-Xss)
#   Set larger code cache with -XX:ReservedCodeCacheSize=
#   JVM is running with Unscaled Compressed Oops mode in which the Java heap is
#     placed in the first 4GB address space. The Java Heap base address is the
#     maximum limit for the native heap growth. Please use -XX:HeapBaseMinAddress
#     to set the Java Heap base and to place the Java Heap above 4GB virtual address.
# This output file may be truncated or incomplete.
#
#  Out of Memory Error (os_windows.cpp:3548), pid=3176, tid=25060
#
# JRE version: OpenJDK Runtime Environment Temurin-17.0.5+8 (17.0.5+8) (build 17.0.5+8)
# Java VM: OpenJDK 64-Bit Server VM Temurin-17.0.5+8 (17.0.5+8, mixed mode, emulated-client, tiered, compressed oops, compressed class ptrs, g1 gc, windows-amd64)
# No core dump will be written. Minidumps are not enabled by default on client versions of Windows
#

---------------  S U M M A R Y ------------

Command Line: -Dsts.lsp.client=vscode -Dsts.log.file=/dev/null -XX:TieredStopAtLevel=1 -Xlog:jni+resolve=off -Dspring.config.location=file:c:\Users\naveendurai\.vscode\extensions\pivotal.vscode-spring-boot-1.42.0\language-server\BOOT-INF\classes\application.properties org.springframework.ide.vscode.boot.app.BootLanguageServerBootApp

Host: AMD Ryzen 5 5500U with Radeon Graphics         , 12 cores, 7G,  Windows 11 , 64 bit Build 22621 (10.0.22621.963)
Time: Thu Dec 15 12:52:00 2022 India Standard Time elapsed time: 11.022561 seconds (0d 0h 0m 11s)

---------------  T H R E A D  ---------------

Current thread (0x00000210f3bff360):  VMThread "VM Thread" [stack: 0x0000001f55a00000,0x0000001f55b00000] [id=25060]

Stack: [0x0000001f55a00000,0x0000001f55b00000]
Native frames: (J=compiled Java code, j=interpreted, Vv=VM code, C=native code)
V  [jvm.dll+0x676b3a]
V  [jvm.dll+0x831444]
V  [jvm.dll+0x832bee]
V  [jvm.dll+0x833253]
V  [jvm.dll+0x244ce5]
V  [jvm.dll+0x673a49]
V  [jvm.dll+0x66811a]
V  [jvm.dll+0x303ceb]
V  [jvm.dll+0x30b1e6]
V  [jvm.dll+0x35adbe]
V  [jvm.dll+0x35afef]
V  [jvm.dll+0x2dab88]
V  [jvm.dll+0x2d8e3c]
V  [jvm.dll+0x2d840c]
V  [jvm.dll+0x31c31b]
V  [jvm.dll+0x8376fb]
V  [jvm.dll+0x838434]
V  [jvm.dll+0x83894c]
V  [jvm.dll+0x838d24]
V  [jvm.dll+0x838df0]
V  [jvm.dll+0x7e17ea]
V  [jvm.dll+0x6759e5]
C  [ucrtbase.dll+0x29363]
C  [KERNEL32.DLL+0x126bd]
C  [ntdll.dll+0x5dfb8]

VM_Operation (0x0000001f58cfe2d0): G1CollectForAllocation, mode: safepoint, requested by thread 0x00000210f5fd5600


---------------  P R O C E S S  ---------------

Threads class SMR info:
_java_thread_list=0x00000210f5d8ef20, length=45, elements={
0x00000210f3c12380, 0x00000210f3c12c40, 0x00000210f3c2ab00, 0x00000210f3c2b3c0,
0x00000210f3c2bc80, 0x00000210f3c2e550, 0x00000210f48134f0, 0x00000210f4813df0,
0x00000210f4a2c430, 0x00000210f4a58c50, 0x00000210f5b289e0, 0x00000210f5d6c240,
0x00000210f4966030, 0x00000210e69b51f0, 0x00000210f5d86010, 0x00000210f49ac7a0,
0x00000210f5e46e50, 0x00000210f5e51ab0, 0x00000210f5e77d20, 0x00000210f5e7f070,
0x00000210f5ed1350, 0x00000210f5ed04e0, 0x00000210f5ed2b60, 0x00000210f5ed3030,
0x00000210f5ed1cf0, 0x00000210f5ed3500, 0x00000210f5ed1820, 0x00000210f5ed39d0,
0x00000210f5ed0010, 0x00000210f5ed09b0, 0x00000210f5ed0e80, 0x00000210f5ed21c0,
0x00000210f5ed2690, 0x00000210f5fd77b0, 0x00000210f5fd25e0, 0x00000210f5fd2f80,
0x00000210f5fd2110, 0x00000210f5fd4790, 0x00000210f5fd5600, 0x00000210f5fd6470,
0x00000210f5fd3df0, 0x00000210f5fd2ab0, 0x00000210f5fd3920, 0x00000210f5fd6940,
0x00000210f5fd6e10
}

Java Threads: ( => current thread )
  0x00000210f3c12380 JavaThread "Reference Handler" daemon [_thread_blocked, id=20116, stack(0x0000001f55b00000,0x0000001f55c00000)]
  0x00000210f3c12c40 JavaThread "Finalizer" daemon [_thread_blocked, id=25040, stack(0x0000001f55c00000,0x0000001f55d00000)]
  0x00000210f3c2ab00 JavaThread "Signal Dispatcher" daemon [_thread_blocked, id=25124, stack(0x0000001f55d00000,0x0000001f55e00000)]
  0x00000210f3c2b3c0 JavaThread "Attach Listener" daemon [_thread_blocked, id=18756, stack(0x0000001f55e00000,0x0000001f55f00000)]
  0x00000210f3c2bc80 JavaThread "Service Thread" daemon [_thread_blocked, id=23656, stack(0x0000001f55f00000,0x0000001f56000000)]
  0x00000210f3c2e550 JavaThread "Monitor Deflation Thread" daemon [_thread_blocked, id=24196, stack(0x0000001f56000000,0x0000001f56100000)]
  0x00000210f48134f0 JavaThread "C1 CompilerThread0" daemon [_thread_blocked, id=5416, stack(0x0000001f56100000,0x0000001f56200000)]
  0x00000210f4813df0 JavaThread "Sweeper thread" daemon [_thread_blocked, id=24156, stack(0x0000001f56200000,0x0000001f56300000)]
  0x00000210f4a2c430 JavaThread "Notification Thread" daemon [_thread_blocked, id=23476, stack(0x0000001f56300000,0x0000001f56400000)]
  0x00000210f4a58c50 JavaThread "Common-Cleaner" daemon [_thread_blocked, id=24844, stack(0x0000001f56500000,0x0000001f56600000)]
  0x00000210f5b289e0 JavaThread "boundedElastic-evictor-1" daemon [_thread_blocked, id=19652, stack(0x0000001f56e00000,0x0000001f56f00000)]
  0x00000210f5d6c240 JavaThread "pool-11-thread-1" [_thread_blocked, id=4472, stack(0x0000001f57200000,0x0000001f57300000)]
  0x00000210f4966030 JavaThread "LanguageServerApp-lifecycle" [_thread_blocked, id=12708, stack(0x0000001f57300000,0x0000001f57400000)]
  0x00000210e69b51f0 JavaThread "DestroyJavaVM" [_thread_blocked, id=22296, stack(0x0000001f55400000,0x0000001f55500000)]
  0x00000210f5d86010 JavaThread "pool-12-thread-1" [_thread_in_native, id=8936, stack(0x0000001f57400000,0x0000001f57500000)]
  0x00000210f49ac7a0 JavaThread "Simple-Language-Server main thread" daemon [_thread_blocked, id=4540, stack(0x0000001f57500000,0x0000001f57600000)]
  0x00000210f5e46e50 JavaThread "parallel-1" daemon [_thread_blocked, id=8288, stack(0x0000001f57600000,0x0000001f57700000)]
  0x00000210f5e51ab0 JavaThread "pool-8-thread-1" [_thread_blocked, id=9272, stack(0x0000001f57700000,0x0000001f57800000)]
  0x00000210f5e77d20 JavaThread "parallel-2" daemon [_thread_blocked, id=1356, stack(0x0000001f57800000,0x0000001f57900000)]
  0x00000210f5e7f070 JavaThread "ForkJoinPool.commonPool-worker-1" daemon [_thread_blocked, id=21396, stack(0x0000001f57900000,0x0000001f57a00000)]
  0x00000210f5ed1350 JavaThread "Reconciler-1" daemon [_thread_blocked, id=9900, stack(0x0000001f57a00000,0x0000001f57b00000)]
  0x00000210f5ed04e0 JavaThread "ClassGraph-worker-0" daemon [_thread_blocked, id=23712, stack(0x0000001f57b00000,0x0000001f57c00000)]
  0x00000210f5ed2b60 JavaThread "ClassGraph-worker-1" daemon [_thread_blocked, id=3656, stack(0x0000001f57c00000,0x0000001f57d00000)]
  0x00000210f5ed3030 JavaThread "ClassGraph-worker-2" daemon [_thread_blocked, id=5176, stack(0x0000001f57d00000,0x0000001f57e00000)]
  0x00000210f5ed1cf0 JavaThread "ClassGraph-worker-3" daemon [_thread_blocked, id=19352, stack(0x0000001f57e00000,0x0000001f57f00000)]
  0x00000210f5ed3500 JavaThread "ClassGraph-worker-4" daemon [_thread_blocked, id=18188, stack(0x0000001f57f00000,0x0000001f58000000)]
  0x00000210f5ed1820 JavaThread "ClassGraph-worker-5" daemon [_thread_blocked, id=8272, stack(0x0000001f58000000,0x0000001f58100000)]
  0x00000210f5ed39d0 JavaThread "ClassGraph-worker-6" daemon [_thread_blocked, id=16428, stack(0x0000001f58100000,0x0000001f58200000)]
  0x00000210f5ed0010 JavaThread "ClassGraph-worker-7" daemon [_thread_blocked, id=22620, stack(0x0000001f58200000,0x0000001f58300000)]
  0x00000210f5ed09b0 JavaThread "ClassGraph-worker-8" daemon [_thread_blocked, id=24220, stack(0x0000001f58300000,0x0000001f58400000)]
  0x00000210f5ed0e80 JavaThread "ClassGraph-worker-9" daemon [_thread_blocked, id=1740, stack(0x0000001f58400000,0x0000001f58500000)]
  0x00000210f5ed21c0 JavaThread "ClassGraph-worker-10" daemon [_thread_blocked, id=20732, stack(0x0000001f58500000,0x0000001f58600000)]
  0x00000210f5ed2690 JavaThread "ClassGraph-worker-11" daemon [_thread_blocked, id=18592, stack(0x0000001f58600000,0x0000001f58700000)]
  0x00000210f5fd77b0 JavaThread "ClassGraph-worker-12" daemon [_thread_blocked, id=1412, stack(0x0000001f58700000,0x0000001f58800000)]
  0x00000210f5fd25e0 JavaThread "ClassGraph-worker-13" daemon [_thread_blocked, id=17212, stack(0x0000001f58800000,0x0000001f58900000)]
  0x00000210f5fd2f80 JavaThread "ClassGraph-worker-14" daemon [_thread_blocked, id=19128, stack(0x0000001f58900000,0x0000001f58a00000)]
  0x00000210f5fd2110 JavaThread "ClassGraph-worker-15" daemon [_thread_blocked, id=18500, stack(0x0000001f58a00000,0x0000001f58b00000)]
  0x00000210f5fd4790 JavaThread "ClassGraph-worker-16" daemon [_thread_blocked, id=23260, stack(0x0000001f58b00000,0x0000001f58c00000)]
  0x00000210f5fd5600 JavaThread "ClassGraph-worker-17" daemon [_thread_blocked, id=10400, stack(0x0000001f58c00000,0x0000001f58d00000)]
  0x00000210f5fd6470 JavaThread "ClassGraph-worker-18" daemon [_thread_blocked, id=19956, stack(0x0000001f58d00000,0x0000001f58e00000)]
  0x00000210f5fd3df0 JavaThread "pool-6-thread-1" [_thread_blocked, id=14576, stack(0x0000001f58e00000,0x0000001f58f00000)]
  0x00000210f5fd2ab0 JavaThread "pool-10-thread-1" [_thread_blocked, id=24524, stack(0x0000001f58f00000,0x0000001f59000000)]
  0x00000210f5fd3920 JavaThread "parallel-3" daemon [_thread_blocked, id=13484, stack(0x0000001f59000000,0x0000001f59100000)]
  0x00000210f5fd6940 JavaThread "Project-Reconciler-1" daemon [_thread_blocked, id=15516, stack(0x0000001f59100000,0x0000001f59200000)]
  0x00000210f5fd6e10 JavaThread "pool-10-thread-2" [_thread_blocked, id=22724, stack(0x0000001f59200000,0x0000001f59300000)]

Other Threads:
=>0x00000210f3bff360 VMThread "VM Thread" [stack: 0x0000001f55a00000,0x0000001f55b00000] [id=25060]
  0x00000210e6a36dd0 WatcherThread [stack: 0x0000001f56400000,0x0000001f56500000] [id=8996]
  0x00000210e6a0e7c0 GCTaskThread "GC Thread#0" [stack: 0x0000001f55500000,0x0000001f55600000] [id=13688]
  0x00000210f5431c00 GCTaskThread "GC Thread#1" [stack: 0x0000001f56600000,0x0000001f56700000] [id=23556]
  0x00000210f547ca40 GCTaskThread "GC Thread#2" [stack: 0x0000001f56700000,0x0000001f56800000] [id=1232]
  0x00000210f547ccf0 GCTaskThread "GC Thread#3" [stack: 0x0000001f56800000,0x0000001f56900000] [id=24660]
  0x00000210f5492090 GCTaskThread "GC Thread#4" [stack: 0x0000001f56900000,0x0000001f56a00000] [id=22696]
  0x00000210f5492340 GCTaskThread "GC Thread#5" [stack: 0x0000001f56a00000,0x0000001f56b00000] [id=22772]
  0x00000210f54f1660 GCTaskThread "GC Thread#6" [stack: 0x0000001f56b00000,0x0000001f56c00000] [id=14612]
  0x00000210f55a6860 GCTaskThread "GC Thread#7" [stack: 0x0000001f56c00000,0x0000001f56d00000] [id=20388]
  0x00000210f5626370 GCTaskThread "GC Thread#8" [stack: 0x0000001f56d00000,0x0000001f56e00000] [id=21056]
  0x00000210f57a8bf0 GCTaskThread "GC Thread#9" [stack: 0x0000001f56f00000,0x0000001f57000000] [id=25088]
  0x00000210e6a1e1f0 ConcurrentGCThread "G1 Main Marker" [stack: 0x0000001f55600000,0x0000001f55700000] [id=6084]
  0x00000210e6a1f2b0 ConcurrentGCThread "G1 Conc#0" [stack: 0x0000001f55700000,0x0000001f55800000] [id=5920]
  0x00000210f57a3c30 ConcurrentGCThread "G1 Conc#1" [stack: 0x0000001f57000000,0x0000001f57100000] [id=9720]
  0x00000210f56f69d0 ConcurrentGCThread "G1 Conc#2" [stack: 0x0000001f57100000,0x0000001f57200000] [id=24628]
  0x00000210e6a6d5a0 ConcurrentGCThread "G1 Refine#0" [stack: 0x0000001f55800000,0x0000001f55900000] [id=13220]
  0x00000210e6a6ec80 ConcurrentGCThread "G1 Service" [stack: 0x0000001f55900000,0x0000001f55a00000] [id=4884]

Threads with active compile tasks:

VM state: at safepoint (normal execution)

VM Mutex/Monitor currently owned by a thread:  ([mutex/lock_event])
[0x00000210e46d1a50] Threads_lock - owner thread: 0x00000210f3bff360
[0x00000210e69b3d40] Heap_lock - owner thread: 0x00000210f5fd5600

Heap address: 0x000000008ac00000, size: 1876 MB, Compressed Oops mode: 32-bit

CDS archive(s) not mapped
Compressed class space mapped at: 0x0000000100000000-0x0000000140000000, reserved size: 1073741824
Narrow klass base: 0x0000000000000000, Narrow klass shift: 3, Narrow klass range: 0x140000000

GC Precious Log:
 CPUs: 12 total, 12 available
 Memory: 7503M
 Large Page Support: Disabled
 NUMA Support: Disabled
 Compressed Oops: Enabled (32-bit)
 Heap Region Size: 1M
 Heap Min Capacity: 8M
 Heap Initial Capacity: 118M
 Heap Max Capacity: 1876M
 Pre-touch: Disabled
 Parallel Workers: 10
 Concurrent Workers: 3
 Concurrent Refinement Workers: 10
 Periodic GC: Disabled

Heap:
 garbage-first heap   total 319488K, used 101976K [0x000000008ac00000, 0x0000000100000000)
  region size 1024K, 15 young (15360K), 15 survivors (15360K)
 Metaspace       used 39363K, committed 39744K, reserved 1089536K
  class space    used 4977K, committed 5184K, reserved 1048576K

Heap Regions: E=young(eden), S=young(survivor), O=old, HS=humongous(starts), HC=humongous(continues), CS=collection set, F=free, OA=open archive, CA=closed archive, TAMS=top-at-mark-start (previous, next)
|   0|0x000000008ac00000, 0x000000008ad00000, 0x000000008ad00000|100%| O|  |TAMS 0x000000008ac00000, 0x000000008ac00000| Untracked 
|   1|0x000000008ad00000, 0x000000008ae00000, 0x000000008ae00000|100%| O|  |TAMS 0x000000008ae00000, 0x000000008ad00000| Untracked 
|   2|0x000000008ae00000, 0x000000008af00000, 0x000000008af00000|100%| O|  |TAMS 0x000000008af00000, 0x000000008ae00000| Untracked 
|   3|0x000000008af00000, 0x000000008b000000, 0x000000008b000000|100%| O|  |TAMS 0x000000008b000000, 0x000000008af00000| Untracked 
|   4|0x000000008b000000, 0x000000008b100000, 0x000000008b100000|100%| O|  |TAMS 0x000000008b100000, 0x000000008b000000| Untracked 
|   5|0x000000008b100000, 0x000000008b200000, 0x000000008b200000|100%| O|  |TAMS 0x000000008b200000, 0x000000008b100000| Untracked 
|   6|0x000000008b200000, 0x000000008b300000, 0x000000008b300000|100%| O|  |TAMS 0x000000008b300000, 0x000000008b200000| Untracked 
|   7|0x000000008b300000, 0x000000008b400000, 0x000000008b400000|100%| O|  |TAMS 0x000000008b400000, 0x000000008b300000| Untracked 
|   8|0x000000008b400000, 0x000000008b500000, 0x000000008b500000|100%| O|  |TAMS 0x000000008b500000, 0x000000008b400000| Untracked 
|   9|0x000000008b500000, 0x000000008b600000, 0x000000008b600000|100%| O|  |TAMS 0x000000008b600000, 0x000000008b500000| Untracked 
|  10|0x000000008b600000, 0x000000008b6fa200, 0x000000008b700000| 97%| O|  |TAMS 0x000000008b6fa200, 0x000000008b600000| Untracked 
|  11|0x000000008b700000, 0x000000008b800000, 0x000000008b800000|100%| O|  |TAMS 0x000000008b800000, 0x000000008b700000| Untracked 
|  12|0x000000008b800000, 0x000000008b900000, 0x000000008b900000|100%| O|  |TAMS 0x000000008b900000, 0x000000008b800000| Untracked 
|  13|0x000000008b900000, 0x000000008ba00000, 0x000000008ba00000|100%| O|  |TAMS 0x000000008ba00000, 0x000000008b900000| Untracked 
|  14|0x000000008ba00000, 0x000000008bb00000, 0x000000008bb00000|100%| O|  |TAMS 0x000000008bb00000, 0x000000008ba00000| Untracked 
|  15|0x000000008bb00000, 0x000000008bc00000, 0x000000008bc00000|100%| O|  |TAMS 0x000000008bc00000, 0x000000008bb00000| Untracked 
|  16|0x000000008bc00000, 0x000000008bd00000, 0x000000008bd00000|100%| O|  |TAMS 0x000000008bd00000, 0x000000008bc00000| Untracked 
|  17|0x000000008bd00000, 0x000000008be00000, 0x000000008be00000|100%| O|  |TAMS 0x000000008be00000, 0x000000008bd00000| Untracked 
|  18|0x000000008be00000, 0x000000008bf00000, 0x000000008bf00000|100%| O|  |TAMS 0x000000008bf00000, 0x000000008be00000| Untracked 
|  19|0x000000008bf00000, 0x000000008c000000, 0x000000008c000000|100%| O|  |TAMS 0x000000008c000000, 0x000000008bf00000| Untracked 
|  20|0x000000008c000000, 0x000000008c100000, 0x000000008c100000|100%| O|  |TAMS 0x000000008c100000, 0x000000008c000000| Untracked 
|  21|0x000000008c100000, 0x000000008c200000, 0x000000008c200000|100%| O|  |TAMS 0x000000008c200000, 0x000000008c100000| Untracked 
|  22|0x000000008c200000, 0x000000008c300000, 0x000000008c300000|100%| O|  |TAMS 0x000000008c300000, 0x000000008c200000| Untracked 
|  23|0x000000008c300000, 0x000000008c400000, 0x000000008c400000|100%| O|  |TAMS 0x000000008c400000, 0x000000008c300000| Untracked 
|  24|0x000000008c400000, 0x000000008c500000, 0x000000008c500000|100%| O|  |TAMS 0x000000008c500000, 0x000000008c400000| Untracked 
|  25|0x000000008c500000, 0x000000008c600000, 0x000000008c600000|100%| O|  |TAMS 0x000000008c600000, 0x000000008c500000| Untracked 
|  26|0x000000008c600000, 0x000000008c700000, 0x000000008c700000|100%| O|  |TAMS 0x000000008c700000, 0x000000008c600000| Untracked 
|  27|0x000000008c700000, 0x000000008c800000, 0x000000008c800000|100%| O|  |TAMS 0x000000008c800000, 0x000000008c700000| Untracked 
|  28|0x000000008c800000, 0x000000008c900000, 0x000000008c900000|100%| O|  |TAMS 0x000000008c900000, 0x000000008c800000| Untracked 
|  29|0x000000008c900000, 0x000000008ca00000, 0x000000008ca00000|100%| O|  |TAMS 0x000000008ca00000, 0x000000008c900000| Untracked 
|  30|0x000000008ca00000, 0x000000008cb00000, 0x000000008cb00000|100%| O|  |TAMS 0x000000008cb00000, 0x000000008ca00000| Untracked 
|  31|0x000000008cb00000, 0x000000008cc00000, 0x000000008cc00000|100%| O|  |TAMS 0x000000008cc00000, 0x000000008cb00000| Untracked 
|  32|0x000000008cc00000, 0x000000008cd00000, 0x000000008cd00000|100%| O|  |TAMS 0x000000008cd00000, 0x000000008cc00000| Untracked 
|  33|0x000000008cd00000, 0x000000008ce00000, 0x000000008ce00000|100%| O|  |TAMS 0x000000008ce00000, 0x000000008cd00000| Untracked 
|  34|0x000000008ce00000, 0x000000008cf00000, 0x000000008cf00000|100%| O|  |TAMS 0x000000008cf00000, 0x000000008ce00000| Untracked 
|  35|0x000000008cf00000, 0x000000008d000000, 0x000000008d000000|100%| O|  |TAMS 0x000000008d000000, 0x000000008cf00000| Untracked 
|  36|0x000000008d000000, 0x000000008d100000, 0x000000008d100000|100%| O|  |TAMS 0x000000008d100000, 0x000000008d000000| Untracked 
|  37|0x000000008d100000, 0x000000008d200000, 0x000000008d200000|100%| O|  |TAMS 0x000000008d200000, 0x000000008d100000| Untracked 
|  38|0x000000008d200000, 0x000000008d300000, 0x000000008d300000|100%| O|  |TAMS 0x000000008d300000, 0x000000008d200000| Untracked 
|  39|0x000000008d300000, 0x000000008d400000, 0x000000008d400000|100%| O|  |TAMS 0x000000008d400000, 0x000000008d300000| Untracked 
|  40|0x000000008d400000, 0x000000008d500000, 0x000000008d500000|100%| O|  |TAMS 0x000000008d500000, 0x000000008d400000| Untracked 
|  41|0x000000008d500000, 0x000000008d600000, 0x000000008d600000|100%| O|  |TAMS 0x000000008d600000, 0x000000008d500000| Untracked 
|  42|0x000000008d600000, 0x000000008d700000, 0x000000008d700000|100%| O|  |TAMS 0x000000008d700000, 0x000000008d600000| Untracked 
|  43|0x000000008d700000, 0x000000008d800000, 0x000000008d800000|100%| O|  |TAMS 0x000000008d800000, 0x000000008d700000| Untracked 
|  44|0x000000008d800000, 0x000000008d900000, 0x000000008d900000|100%| O|  |TAMS 0x000000008d900000, 0x000000008d800000| Untracked 
|  45|0x000000008d900000, 0x000000008da00000, 0x000000008da00000|100%| O|  |TAMS 0x000000008da00000, 0x000000008d900000| Untracked 
|  46|0x000000008da00000, 0x000000008db00000, 0x000000008db00000|100%| O|  |TAMS 0x000000008db00000, 0x000000008da00000| Untracked 
|  47|0x000000008db00000, 0x000000008dc00000, 0x000000008dc00000|100%| O|  |TAMS 0x000000008dc00000, 0x000000008db00000| Untracked 
|  48|0x000000008dc00000, 0x000000008dd00000, 0x000000008dd00000|100%| O|  |TAMS 0x000000008dd00000, 0x000000008dc00000| Untracked 
|  49|0x000000008dd00000, 0x000000008de00000, 0x000000008de00000|100%| O|  |TAMS 0x000000008de00000, 0x000000008dd00000| Untracked 
|  50|0x000000008de00000, 0x000000008df00000, 0x000000008df00000|100%|HS|  |TAMS 0x000000008df00000, 0x000000008de00000| Complete 
|  51|0x000000008df00000, 0x000000008e000000, 0x000000008e000000|100%|HS|  |TAMS 0x000000008e000000, 0x000000008df00000| Complete 
|  52|0x000000008e000000, 0x000000008e100000, 0x000000008e100000|100%|HC|  |TAMS 0x000000008e100000, 0x000000008e000000| Complete 
|  53|0x000000008e100000, 0x000000008e200000, 0x000000008e200000|100%| O|  |TAMS 0x000000008e200000, 0x000000008e100000| Untracked 
|  54|0x000000008e200000, 0x000000008e300000, 0x000000008e300000|100%| O|  |TAMS 0x000000008e300000, 0x000000008e200000| Untracked 
|  55|0x000000008e300000, 0x000000008e400000, 0x000000008e400000|100%| O|  |TAMS 0x000000008e400000, 0x000000008e300000| Untracked 
|  56|0x000000008e400000, 0x000000008e500000, 0x000000008e500000|100%| O|  |TAMS 0x000000008e500000, 0x000000008e400000| Untracked 
|  57|0x000000008e500000, 0x000000008e600000, 0x000000008e600000|100%| O|  |TAMS 0x000000008e600000, 0x000000008e500000| Untracked 
|  58|0x000000008e600000, 0x000000008e700000, 0x000000008e700000|100%| O|  |TAMS 0x000000008e700000, 0x000000008e600000| Untracked 
|  59|0x000000008e700000, 0x000000008e800000, 0x000000008e800000|100%| O|  |TAMS 0x000000008e800000, 0x000000008e700000| Untracked 
|  60|0x000000008e800000, 0x000000008e900000, 0x000000008e900000|100%| O|  |TAMS 0x000000008e900000, 0x000000008e800000| Untracked 
|  61|0x000000008e900000, 0x000000008ea00000, 0x000000008ea00000|100%| O|  |TAMS 0x000000008ea00000, 0x000000008e900000| Untracked 
|  62|0x000000008ea00000, 0x000000008eb00000, 0x000000008eb00000|100%| O|  |TAMS 0x000000008eb00000, 0x000000008ea00000| Untracked 
|  63|0x000000008eb00000, 0x000000008ec00000, 0x000000008ec00000|100%| O|  |TAMS 0x000000008ec00000, 0x000000008eb00000| Untracked 
|  64|0x000000008ec00000, 0x000000008ed00000, 0x000000008ed00000|100%| O|  |TAMS 0x000000008ed00000, 0x000000008ec00000| Untracked 
|  65|0x000000008ed00000, 0x000000008ee00000, 0x000000008ee00000|100%| O|  |TAMS 0x000000008ee00000, 0x000000008ed00000| Untracked 
|  66|0x000000008ee00000, 0x000000008ef00000, 0x000000008ef00000|100%| O|  |TAMS 0x000000008ef00000, 0x000000008ee00000| Untracked 
|  67|0x000000008ef00000, 0x000000008f000000, 0x000000008f000000|100%| O|  |TAMS 0x000000008ef00000, 0x000000008ef00000| Untracked 
|  68|0x000000008f000000, 0x000000008f100000, 0x000000008f100000|100%| O|  |TAMS 0x000000008f000000, 0x000000008f000000| Untracked 
|  69|0x000000008f100000, 0x000000008f200000, 0x000000008f200000|100%| O|  |TAMS 0x000000008f123a00, 0x000000008f100000| Untracked 
|  70|0x000000008f200000, 0x000000008f300000, 0x000000008f300000|100%|HS|  |TAMS 0x000000008f200000, 0x000000008f200000| Complete 
|  71|0x000000008f300000, 0x000000008f400000, 0x000000008f400000|100%| O|  |TAMS 0x000000008f300000, 0x000000008f300000| Untracked 
|  72|0x000000008f400000, 0x000000008f500000, 0x000000008f500000|100%| O|  |TAMS 0x000000008f400000, 0x000000008f400000| Untracked 
|  73|0x000000008f500000, 0x000000008f600000, 0x000000008f600000|100%| O|  |TAMS 0x000000008f500000, 0x000000008f500000| Untracked 
|  74|0x000000008f600000, 0x000000008f700000, 0x000000008f700000|100%| O|  |TAMS 0x000000008f600000, 0x000000008f600000| Untracked 
|  75|0x000000008f700000, 0x000000008f800000, 0x000000008f800000|100%| O|  |TAMS 0x000000008f700000, 0x000000008f700000| Untracked 
|  76|0x000000008f800000, 0x000000008f900000, 0x000000008f900000|100%| O|  |TAMS 0x000000008f800000, 0x000000008f800000| Untracked 
|  77|0x000000008f900000, 0x000000008fa00000, 0x000000008fa00000|100%| O|  |TAMS 0x000000008f900000, 0x000000008f900000| Untracked 
|  78|0x000000008fa00000, 0x000000008fb00000, 0x000000008fb00000|100%| O|  |TAMS 0x000000008fa00000, 0x000000008fa00000| Untracked 
|  79|0x000000008fb00000, 0x000000008fc00000, 0x000000008fc00000|100%| O|  |TAMS 0x000000008fb00000, 0x000000008fb00000| Untracked 
|  80|0x000000008fc00000, 0x000000008fd00000, 0x000000008fd00000|100%| O|  |TAMS 0x000000008fc00000, 0x000000008fc00000| Untracked 
|  81|0x000000008fd00000, 0x000000008fe00000, 0x000000008fe00000|100%| O|  |TAMS 0x000000008fd00000, 0x000000008fd00000| Untracked 
|  82|0x000000008fe00000, 0x000000008ff00000, 0x000000008ff00000|100%| O|  |TAMS 0x000000008fe00000, 0x000000008fe00000| Untracked 
|  83|0x000000008ff00000, 0x0000000090000000, 0x0000000090000000|100%| O|  |TAMS 0x000000008ff00000, 0x000000008ff00000| Untracked 
|  84|0x0000000090000000, 0x0000000090100000, 0x0000000090100000|100%| O|  |TAMS 0x0000000090000000, 0x0000000090000000| Untracked 
|  85|0x0000000090100000, 0x0000000090163800, 0x0000000090200000| 38%| O|  |TAMS 0x0000000090100000, 0x0000000090100000| Untracked 
|  86|0x0000000090200000, 0x0000000090200000, 0x0000000090300000|  0%| F|  |TAMS 0x0000000090200000, 0x0000000090200000| Untracked 
|  87|0x0000000090300000, 0x0000000090300000, 0x0000000090400000|  0%| F|  |TAMS 0x0000000090300000, 0x0000000090300000| Untracked 
|  88|0x0000000090400000, 0x0000000090400000, 0x0000000090500000|  0%| F|  |TAMS 0x0000000090400000, 0x0000000090400000| Untracked 
|  89|0x0000000090500000, 0x0000000090500000, 0x0000000090600000|  0%| F|  |TAMS 0x0000000090500000, 0x0000000090500000| Untracked 
|  90|0x0000000090600000, 0x0000000090600000, 0x0000000090700000|  0%| F|  |TAMS 0x0000000090600000, 0x0000000090600000| Untracked 
|  91|0x0000000090700000, 0x0000000090700000, 0x0000000090800000|  0%| F|  |TAMS 0x0000000090700000, 0x0000000090700000| Untracked 
|  92|0x0000000090800000, 0x0000000090800000, 0x0000000090900000|  0%| F|  |TAMS 0x0000000090800000, 0x0000000090800000| Untracked 
|  93|0x0000000090900000, 0x0000000090900000, 0x0000000090a00000|  0%| F|  |TAMS 0x0000000090900000, 0x0000000090900000| Untracked 
|  94|0x0000000090a00000, 0x0000000090a00000, 0x0000000090b00000|  0%| F|  |TAMS 0x0000000090a00000, 0x0000000090a00000| Untracked 
|  95|0x0000000090b00000, 0x0000000090b00000, 0x0000000090c00000|  0%| F|  |TAMS 0x0000000090b00000, 0x0000000090b00000| Untracked 
|  96|0x0000000090c00000, 0x0000000090c00000, 0x0000000090d00000|  0%| F|  |TAMS 0x0000000090c00000, 0x0000000090c00000| Untracked 
|  97|0x0000000090d00000, 0x0000000090d00000, 0x0000000090e00000|  0%| F|  |TAMS 0x0000000090d00000, 0x0000000090d00000| Untracked 
|  98|0x0000000090e00000, 0x0000000090e00000, 0x0000000090f00000|  0%| F|  |TAMS 0x0000000090e00000, 0x0000000090e00000| Untracked 
|  99|0x0000000090f00000, 0x0000000090f00000, 0x0000000091000000|  0%| F|  |TAMS 0x0000000090f00000, 0x0000000090f00000| Untracked 
| 100|0x0000000091000000, 0x0000000091000000, 0x0000000091100000|  0%| F|  |TAMS 0x0000000091000000, 0x0000000091000000| Untracked 
| 101|0x0000000091100000, 0x0000000091100000, 0x0000000091200000|  0%| F|  |TAMS 0x0000000091100000, 0x0000000091100000| Untracked 
| 102|0x0000000091200000, 0x0000000091200000, 0x0000000091300000|  0%| F|  |TAMS 0x0000000091200000, 0x0000000091200000| Untracked 
| 103|0x0000000091300000, 0x0000000091300000, 0x0000000091400000|  0%| F|  |TAMS 0x0000000091300000, 0x0000000091300000| Untracked 
| 104|0x0000000091400000, 0x0000000091400000, 0x0000000091500000|  0%| F|  |TAMS 0x0000000091400000, 0x0000000091400000| Untracked 
| 105|0x0000000091500000, 0x0000000091500000, 0x0000000091600000|  0%| F|  |TAMS 0x0000000091500000, 0x0000000091500000| Untracked 
| 106|0x0000000091600000, 0x0000000091600000, 0x0000000091700000|  0%| F|  |TAMS 0x0000000091600000, 0x0000000091600000| Untracked 
| 107|0x0000000091700000, 0x0000000091700000, 0x0000000091800000|  0%| F|  |TAMS 0x0000000091700000, 0x0000000091700000| Untracked 
| 108|0x0000000091800000, 0x0000000091800000, 0x0000000091900000|  0%| F|  |TAMS 0x0000000091800000, 0x0000000091800000| Untracked 
| 109|0x0000000091900000, 0x0000000091900000, 0x0000000091a00000|  0%| F|  |TAMS 0x0000000091900000, 0x0000000091900000| Untracked 
| 110|0x0000000091a00000, 0x0000000091a00000, 0x0000000091b00000|  0%| F|  |TAMS 0x0000000091a00000, 0x0000000091a00000| Untracked 
| 111|0x0000000091b00000, 0x0000000091b00000, 0x0000000091c00000|  0%| F|  |TAMS 0x0000000091b00000, 0x0000000091b00000| Untracked 
| 112|0x0000000091c00000, 0x0000000091c00000, 0x0000000091d00000|  0%| F|  |TAMS 0x0000000091c00000, 0x0000000091c00000| Untracked 
| 113|0x0000000091d00000, 0x0000000091d00000, 0x0000000091e00000|  0%| F|  |TAMS 0x0000000091d00000, 0x0000000091d00000| Untracked 
| 114|0x0000000091e00000, 0x0000000091e00000, 0x0000000091f00000|  0%| F|  |TAMS 0x0000000091e00000, 0x0000000091e00000| Untracked 
| 115|0x0000000091f00000, 0x0000000091f00000, 0x0000000092000000|  0%| F|  |TAMS 0x0000000091f00000, 0x0000000091f00000| Untracked 
| 116|0x0000000092000000, 0x0000000092000000, 0x0000000092100000|  0%| F|  |TAMS 0x0000000092000000, 0x0000000092000000| Untracked 
| 117|0x0000000092100000, 0x0000000092100000, 0x0000000092200000|  0%| F|  |TAMS 0x0000000092100000, 0x0000000092100000| Untracked 
| 118|0x0000000092200000, 0x0000000092200000, 0x0000000092300000|  0%| F|  |TAMS 0x0000000092200000, 0x0000000092200000| Untracked 
| 119|0x0000000092300000, 0x0000000092300000, 0x0000000092400000|  0%| F|  |TAMS 0x0000000092300000, 0x0000000092300000| Untracked 
| 120|0x0000000092400000, 0x0000000092400000, 0x0000000092500000|  0%| F|  |TAMS 0x0000000092400000, 0x0000000092400000| Untracked 
| 121|0x0000000092500000, 0x0000000092500000, 0x0000000092600000|  0%| F|  |TAMS 0x0000000092500000, 0x0000000092500000| Untracked 
| 122|0x0000000092600000, 0x0000000092600000, 0x0000000092700000|  0%| F|  |TAMS 0x0000000092600000, 0x0000000092600000| Untracked 
| 123|0x0000000092700000, 0x0000000092700000, 0x0000000092800000|  0%| F|  |TAMS 0x0000000092700000, 0x0000000092700000| Untracked 
| 124|0x0000000092800000, 0x0000000092800000, 0x0000000092900000|  0%| F|  |TAMS 0x0000000092800000, 0x0000000092800000| Untracked 
| 125|0x0000000092900000, 0x0000000092900000, 0x0000000092a00000|  0%| F|  |TAMS 0x0000000092900000, 0x0000000092900000| Untracked 
| 126|0x0000000092a00000, 0x0000000092a386d8, 0x0000000092b00000| 22%| S|CS|TAMS 0x0000000092a00000, 0x0000000092a00000| Complete 
| 127|0x0000000092b00000, 0x0000000092c00000, 0x0000000092c00000|100%| S|CS|TAMS 0x0000000092b00000, 0x0000000092b00000| Complete 
| 128|0x0000000092c00000, 0x0000000092d00000, 0x0000000092d00000|100%| S|CS|TAMS 0x0000000092c00000, 0x0000000092c00000| Complete 
| 129|0x0000000092d00000, 0x0000000092e00000, 0x0000000092e00000|100%| S|CS|TAMS 0x0000000092d00000, 0x0000000092d00000| Complete 
| 130|0x0000000092e00000, 0x0000000092f00000, 0x0000000092f00000|100%| S|CS|TAMS 0x0000000092e00000, 0x0000000092e00000| Complete 
| 131|0x0000000092f00000, 0x0000000093000000, 0x0000000093000000|100%| S|CS|TAMS 0x0000000092f00000, 0x0000000092f00000| Complete 
| 132|0x0000000093000000, 0x0000000093000000, 0x0000000093100000|  0%| F|  |TAMS 0x0000000093000000, 0x0000000093000000| Untracked 
| 133|0x0000000093100000, 0x0000000093100000, 0x0000000093200000|  0%| F|  |TAMS 0x0000000093100000, 0x0000000093100000| Untracked 
| 134|0x0000000093200000, 0x0000000093200000, 0x0000000093300000|  0%| F|  |TAMS 0x0000000093200000, 0x0000000093200000| Untracked 
| 135|0x0000000093300000, 0x0000000093300000, 0x0000000093400000|  0%| F|  |TAMS 0x0000000093300000, 0x0000000093300000| Untracked 
| 136|0x0000000093400000, 0x0000000093400000, 0x0000000093500000|  0%| F|  |TAMS 0x0000000093400000, 0x0000000093400000| Untracked 
| 137|0x0000000093500000, 0x0000000093500000, 0x0000000093600000|  0%| F|  |TAMS 0x0000000093500000, 0x0000000093500000| Untracked 
| 138|0x0000000093600000, 0x0000000093600000, 0x0000000093700000|  0%| F|  |TAMS 0x0000000093600000, 0x0000000093600000| Untracked 
| 139|0x0000000093700000, 0x0000000093700000, 0x0000000093800000|  0%| F|  |TAMS 0x0000000093700000, 0x0000000093700000| Untracked 
| 140|0x0000000093800000, 0x0000000093800000, 0x0000000093900000|  0%| F|  |TAMS 0x0000000093800000, 0x0000000093800000| Untracked 
| 141|0x0000000093900000, 0x0000000093900000, 0x0000000093a00000|  0%| F|  |TAMS 0x0000000093900000, 0x0000000093900000| Untracked 
| 142|0x0000000093a00000, 0x0000000093a00000, 0x0000000093b00000|  0%| F|  |TAMS 0x0000000093a00000, 0x0000000093a00000| Untracked 
| 143|0x0000000093b00000, 0x0000000093b00000, 0x0000000093c00000|  0%| F|  |TAMS 0x0000000093b00000, 0x0000000093b00000| Untracked 
| 144|0x0000000093c00000, 0x0000000093c00000, 0x0000000093d00000|  0%| F|  |TAMS 0x0000000093c00000, 0x0000000093c00000| Untracked 
| 145|0x0000000093d00000, 0x0000000093e00000, 0x0000000093e00000|100%| S|CS|TAMS 0x0000000093d00000, 0x0000000093d00000| Complete 
| 146|0x0000000093e00000, 0x0000000093f00000, 0x0000000093f00000|100%| S|CS|TAMS 0x0000000093e00000, 0x0000000093e00000| Complete 
| 147|0x0000000093f00000, 0x0000000094000000, 0x0000000094000000|100%| S|CS|TAMS 0x0000000093f00000, 0x0000000093f00000| Complete 
| 148|0x0000000094000000, 0x0000000094100000, 0x0000000094100000|100%| S|CS|TAMS 0x0000000094000000, 0x0000000094000000| Complete 
| 149|0x0000000094100000, 0x0000000094200000, 0x0000000094200000|100%| S|CS|TAMS 0x0000000094100000, 0x0000000094100000| Complete 
| 150|0x0000000094200000, 0x0000000094300000, 0x0000000094300000|100%| S|CS|TAMS 0x0000000094200000, 0x0000000094200000| Complete 
| 151|0x0000000094300000, 0x0000000094400000, 0x0000000094400000|100%| S|CS|TAMS 0x0000000094300000, 0x0000000094300000| Complete 
| 152|0x0000000094400000, 0x0000000094400000, 0x0000000094500000|  0%| F|  |TAMS 0x0000000094400000, 0x0000000094400000| Untracked 
| 153|0x0000000094500000, 0x0000000094600000, 0x0000000094600000|100%| S|CS|TAMS 0x0000000094500000, 0x0000000094500000| Complete 
| 154|0x0000000094600000, 0x0000000094700000, 0x0000000094700000|100%| S|CS|TAMS 0x0000000094600000, 0x0000000094600000| Complete 
| 155|0x0000000094700000, 0x0000000094700000, 0x0000000094800000|  0%| F|  |TAMS 0x0000000094700000, 0x0000000094700000| Untracked 
| 156|0x0000000094800000, 0x0000000094800000, 0x0000000094900000|  0%| F|  |TAMS 0x0000000094800000, 0x0000000094800000| Untracked 
| 157|0x0000000094900000, 0x0000000094900000, 0x0000000094a00000|  0%| F|  |TAMS 0x0000000094900000, 0x0000000094900000| Untracked 
| 158|0x0000000094a00000, 0x0000000094a00000, 0x0000000094b00000|  0%| F|  |TAMS 0x0000000094a00000, 0x0000000094a00000| Untracked 
| 159|0x0000000094b00000, 0x0000000094b00000, 0x0000000094c00000|  0%| F|  |TAMS 0x0000000094b00000, 0x0000000094b00000| Untracked 
| 160|0x0000000094c00000, 0x0000000094c00000, 0x0000000094d00000|  0%| F|  |TAMS 0x0000000094c00000, 0x0000000094c00000| Untracked 
| 161|0x0000000094d00000, 0x0000000094d00000, 0x0000000094e00000|  0%| F|  |TAMS 0x0000000094d00000, 0x0000000094d00000| Untracked 
| 162|0x0000000094e00000, 0x0000000094e00000, 0x0000000094f00000|  0%| F|  |TAMS 0x0000000094e00000, 0x0000000094e00000| Untracked 
| 163|0x0000000094f00000, 0x0000000094f00000, 0x0000000095000000|  0%| F|  |TAMS 0x0000000094f00000, 0x0000000094f00000| Untracked 
| 164|0x0000000095000000, 0x0000000095000000, 0x0000000095100000|  0%| F|  |TAMS 0x0000000095000000, 0x0000000095000000| Untracked 
| 165|0x0000000095100000, 0x0000000095100000, 0x0000000095200000|  0%| F|  |TAMS 0x0000000095100000, 0x0000000095100000| Untracked 
| 166|0x0000000095200000, 0x0000000095200000, 0x0000000095300000|  0%| F|  |TAMS 0x0000000095200000, 0x0000000095200000| Untracked 
| 167|0x0000000095300000, 0x0000000095300000, 0x0000000095400000|  0%| F|  |TAMS 0x0000000095300000, 0x0000000095300000| Untracked 
| 168|0x0000000095400000, 0x0000000095400000, 0x0000000095500000|  0%| F|  |TAMS 0x0000000095400000, 0x0000000095400000| Untracked 
| 169|0x0000000095500000, 0x0000000095500000, 0x0000000095600000|  0%| F|  |TAMS 0x0000000095500000, 0x0000000095500000| Untracked 
| 170|0x0000000095600000, 0x0000000095600000, 0x0000000095700000|  0%| F|  |TAMS 0x0000000095600000, 0x0000000095600000| Untracked 
| 171|0x0000000095700000, 0x0000000095700000, 0x0000000095800000|  0%| F|  |TAMS 0x0000000095700000, 0x0000000095700000| Untracked 
| 172|0x0000000095800000, 0x0000000095800000, 0x0000000095900000|  0%| F|  |TAMS 0x0000000095800000, 0x0000000095800000| Untracked 
| 173|0x0000000095900000, 0x0000000095900000, 0x0000000095a00000|  0%| F|  |TAMS 0x0000000095900000, 0x0000000095900000| Untracked 
| 174|0x0000000095a00000, 0x0000000095a00000, 0x0000000095b00000|  0%| F|  |TAMS 0x0000000095a00000, 0x0000000095a00000| Untracked 
| 175|0x0000000095b00000, 0x0000000095b00000, 0x0000000095c00000|  0%| F|  |TAMS 0x0000000095b00000, 0x0000000095b00000| Untracked 
| 176|0x0000000095c00000, 0x0000000095c00000, 0x0000000095d00000|  0%| F|  |TAMS 0x0000000095c00000, 0x0000000095c00000| Untracked 
| 177|0x0000000095d00000, 0x0000000095d00000, 0x0000000095e00000|  0%| F|  |TAMS 0x0000000095d00000, 0x0000000095d00000| Untracked 
| 178|0x0000000095e00000, 0x0000000095e00000, 0x0000000095f00000|  0%| F|  |TAMS 0x0000000095e00000, 0x0000000095e00000| Untracked 
| 179|0x0000000095f00000, 0x0000000095f00000, 0x0000000096000000|  0%| F|  |TAMS 0x0000000095f00000, 0x0000000095f00000| Untracked 
| 180|0x0000000096000000, 0x0000000096000000, 0x0000000096100000|  0%| F|  |TAMS 0x0000000096000000, 0x0000000096000000| Untracked 
| 181|0x0000000096100000, 0x0000000096100000, 0x0000000096200000|  0%| F|  |TAMS 0x0000000096100000, 0x0000000096100000| Untracked 
| 182|0x0000000096200000, 0x0000000096200000, 0x0000000096300000|  0%| F|  |TAMS 0x0000000096200000, 0x0000000096200000| Untracked 
| 183|0x0000000096300000, 0x0000000096300000, 0x0000000096400000|  0%| F|  |TAMS 0x0000000096300000, 0x0000000096300000| Untracked 
| 184|0x0000000096400000, 0x0000000096400000, 0x0000000096500000|  0%| F|  |TAMS 0x0000000096400000, 0x0000000096400000| Untracked 
| 185|0x0000000096500000, 0x0000000096500000, 0x0000000096600000|  0%| F|  |TAMS 0x0000000096500000, 0x0000000096500000| Untracked 
| 186|0x0000000096600000, 0x0000000096600000, 0x0000000096700000|  0%| F|  |TAMS 0x0000000096600000, 0x0000000096600000| Untracked 
| 187|0x0000000096700000, 0x0000000096700000, 0x0000000096800000|  0%| F|  |TAMS 0x0000000096700000, 0x0000000096700000| Untracked 
| 188|0x0000000096800000, 0x0000000096800000, 0x0000000096900000|  0%| F|  |TAMS 0x0000000096800000, 0x0000000096800000| Untracked 
| 189|0x0000000096900000, 0x0000000096900000, 0x0000000096a00000|  0%| F|  |TAMS 0x0000000096900000, 0x0000000096900000| Untracked 
| 190|0x0000000096a00000, 0x0000000096a00000, 0x0000000096b00000|  0%| F|  |TAMS 0x0000000096a00000, 0x0000000096a00000| Untracked 
| 191|0x0000000096b00000, 0x0000000096b00000, 0x0000000096c00000|  0%| F|  |TAMS 0x0000000096b00000, 0x0000000096b00000| Untracked 
| 192|0x0000000096c00000, 0x0000000096c00000, 0x0000000096d00000|  0%| F|  |TAMS 0x0000000096c00000, 0x0000000096c00000| Untracked 
| 193|0x0000000096d00000, 0x0000000096d00000, 0x0000000096e00000|  0%| F|  |TAMS 0x0000000096d00000, 0x0000000096d00000| Untracked 
| 194|0x0000000096e00000, 0x0000000096e00000, 0x0000000096f00000|  0%| F|  |TAMS 0x0000000096e00000, 0x0000000096e00000| Untracked 
| 195|0x0000000096f00000, 0x0000000096f00000, 0x0000000097000000|  0%| F|  |TAMS 0x0000000096f00000, 0x0000000096f00000| Untracked 
| 196|0x0000000097000000, 0x0000000097000000, 0x0000000097100000|  0%| F|  |TAMS 0x0000000097000000, 0x0000000097000000| Untracked 
| 197|0x0000000097100000, 0x0000000097100000, 0x0000000097200000|  0%| F|  |TAMS 0x0000000097100000, 0x0000000097100000| Untracked 
| 198|0x0000000097200000, 0x0000000097200000, 0x0000000097300000|  0%| F|  |TAMS 0x0000000097200000, 0x0000000097200000| Untracked 
| 199|0x0000000097300000, 0x0000000097300000, 0x0000000097400000|  0%| F|  |TAMS 0x0000000097300000, 0x0000000097300000| Untracked 
| 200|0x0000000097400000, 0x0000000097400000, 0x0000000097500000|  0%| F|  |TAMS 0x0000000097400000, 0x0000000097400000| Untracked 
| 201|0x0000000097500000, 0x0000000097500000, 0x0000000097600000|  0%| F|  |TAMS 0x0000000097500000, 0x0000000097500000| Untracked 
| 202|0x0000000097600000, 0x0000000097600000, 0x0000000097700000|  0%| F|  |TAMS 0x0000000097600000, 0x0000000097600000| Untracked 
| 203|0x0000000097700000, 0x0000000097700000, 0x0000000097800000|  0%| F|  |TAMS 0x0000000097700000, 0x0000000097700000| Untracked 
| 204|0x0000000097800000, 0x0000000097800000, 0x0000000097900000|  0%| F|  |TAMS 0x0000000097800000, 0x0000000097800000| Untracked 
| 205|0x0000000097900000, 0x0000000097900000, 0x0000000097a00000|  0%| F|  |TAMS 0x0000000097900000, 0x0000000097900000| Untracked 
| 206|0x0000000097a00000, 0x0000000097a00000, 0x0000000097b00000|  0%| F|  |TAMS 0x0000000097a00000, 0x0000000097a00000| Untracked 
| 207|0x0000000097b00000, 0x0000000097b00000, 0x0000000097c00000|  0%| F|  |TAMS 0x0000000097b00000, 0x0000000097b00000| Untracked 
| 208|0x0000000097c00000, 0x0000000097c00000, 0x0000000097d00000|  0%| F|  |TAMS 0x0000000097c00000, 0x0000000097c00000| Untracked 
| 209|0x0000000097d00000, 0x0000000097d00000, 0x0000000097e00000|  0%| F|  |TAMS 0x0000000097d00000, 0x0000000097d00000| Untracked 
| 210|0x0000000097e00000, 0x0000000097e00000, 0x0000000097f00000|  0%| F|  |TAMS 0x0000000097e00000, 0x0000000097e00000| Untracked 
| 211|0x0000000097f00000, 0x0000000097f00000, 0x0000000098000000|  0%| F|  |TAMS 0x0000000097f00000, 0x0000000097f00000| Untracked 
| 212|0x0000000098000000, 0x0000000098000000, 0x0000000098100000|  0%| F|  |TAMS 0x0000000098000000, 0x0000000098000000| Untracked 
| 213|0x0000000098100000, 0x0000000098100000, 0x0000000098200000|  0%| F|  |TAMS 0x0000000098100000, 0x0000000098100000| Untracked 
| 214|0x0000000098200000, 0x0000000098200000, 0x0000000098300000|  0%| F|  |TAMS 0x0000000098200000, 0x0000000098200000| Untracked 
| 215|0x0000000098300000, 0x0000000098300000, 0x0000000098400000|  0%| F|  |TAMS 0x0000000098300000, 0x0000000098300000| Untracked 
| 216|0x0000000098400000, 0x0000000098400000, 0x0000000098500000|  0%| F|  |TAMS 0x0000000098400000, 0x0000000098400000| Untracked 
| 217|0x0000000098500000, 0x0000000098500000, 0x0000000098600000|  0%| F|  |TAMS 0x0000000098500000, 0x0000000098500000| Untracked 
| 218|0x0000000098600000, 0x0000000098600000, 0x0000000098700000|  0%| F|  |TAMS 0x0000000098600000, 0x0000000098600000| Untracked 
| 219|0x0000000098700000, 0x0000000098700000, 0x0000000098800000|  0%| F|  |TAMS 0x0000000098700000, 0x0000000098700000| Untracked 
| 220|0x0000000098800000, 0x0000000098800000, 0x0000000098900000|  0%| F|  |TAMS 0x0000000098800000, 0x0000000098800000| Untracked 
| 221|0x0000000098900000, 0x0000000098900000, 0x0000000098a00000|  0%| F|  |TAMS 0x0000000098900000, 0x0000000098900000| Untracked 
| 222|0x0000000098a00000, 0x0000000098a00000, 0x0000000098b00000|  0%| F|  |TAMS 0x0000000098a00000, 0x0000000098a00000| Untracked 
| 223|0x0000000098b00000, 0x0000000098b00000, 0x0000000098c00000|  0%| F|  |TAMS 0x0000000098b00000, 0x0000000098b00000| Untracked 
| 224|0x0000000098c00000, 0x0000000098c00000, 0x0000000098d00000|  0%| F|  |TAMS 0x0000000098c00000, 0x0000000098c00000| Untracked 
| 225|0x0000000098d00000, 0x0000000098d00000, 0x0000000098e00000|  0%| F|  |TAMS 0x0000000098d00000, 0x0000000098d00000| Untracked 
| 226|0x0000000098e00000, 0x0000000098e00000, 0x0000000098f00000|  0%| F|  |TAMS 0x0000000098e00000, 0x0000000098e00000| Untracked 
| 227|0x0000000098f00000, 0x0000000098f00000, 0x0000000099000000|  0%| F|  |TAMS 0x0000000098f00000, 0x0000000098f00000| Untracked 
| 228|0x0000000099000000, 0x0000000099000000, 0x0000000099100000|  0%| F|  |TAMS 0x0000000099000000, 0x0000000099000000| Untracked 
| 229|0x0000000099100000, 0x0000000099100000, 0x0000000099200000|  0%| F|  |TAMS 0x0000000099100000, 0x0000000099100000| Untracked 
| 230|0x0000000099200000, 0x0000000099200000, 0x0000000099300000|  0%| F|  |TAMS 0x0000000099200000, 0x0000000099200000| Untracked 
| 231|0x0000000099300000, 0x0000000099300000, 0x0000000099400000|  0%| F|  |TAMS 0x0000000099300000, 0x0000000099300000| Untracked 
| 232|0x0000000099400000, 0x0000000099400000, 0x0000000099500000|  0%| F|  |TAMS 0x0000000099400000, 0x0000000099400000| Untracked 
| 233|0x0000000099500000, 0x0000000099500000, 0x0000000099600000|  0%| F|  |TAMS 0x0000000099500000, 0x0000000099500000| Untracked 
| 234|0x0000000099600000, 0x0000000099600000, 0x0000000099700000|  0%| F|  |TAMS 0x0000000099600000, 0x0000000099600000| Untracked 
| 235|0x0000000099700000, 0x0000000099700000, 0x0000000099800000|  0%| F|  |TAMS 0x0000000099700000, 0x0000000099700000| Untracked 
| 236|0x0000000099800000, 0x0000000099800000, 0x0000000099900000|  0%| F|  |TAMS 0x0000000099800000, 0x0000000099800000| Untracked 
| 237|0x0000000099900000, 0x0000000099900000, 0x0000000099a00000|  0%| F|  |TAMS 0x0000000099900000, 0x0000000099900000| Untracked 
| 238|0x0000000099a00000, 0x0000000099a00000, 0x0000000099b00000|  0%| F|  |TAMS 0x0000000099a00000, 0x0000000099a00000| Untracked 
| 239|0x0000000099b00000, 0x0000000099b00000, 0x0000000099c00000|  0%| F|  |TAMS 0x0000000099b00000, 0x0000000099b00000| Untracked 
| 240|0x0000000099c00000, 0x0000000099c00000, 0x0000000099d00000|  0%| F|  |TAMS 0x0000000099c00000, 0x0000000099c00000| Untracked 
| 241|0x0000000099d00000, 0x0000000099d00000, 0x0000000099e00000|  0%| F|  |TAMS 0x0000000099d00000, 0x0000000099d00000| Untracked 
| 242|0x0000000099e00000, 0x0000000099e00000, 0x0000000099f00000|  0%| F|  |TAMS 0x0000000099e00000, 0x0000000099e00000| Untracked 
| 243|0x0000000099f00000, 0x0000000099f00000, 0x000000009a000000|  0%| F|  |TAMS 0x0000000099f00000, 0x0000000099f00000| Untracked 
| 244|0x000000009a000000, 0x000000009a000000, 0x000000009a100000|  0%| F|  |TAMS 0x000000009a000000, 0x000000009a000000| Untracked 
| 245|0x000000009a100000, 0x000000009a100000, 0x000000009a200000|  0%| F|  |TAMS 0x000000009a100000, 0x000000009a100000| Untracked 
| 246|0x000000009a200000, 0x000000009a200000, 0x000000009a300000|  0%| F|  |TAMS 0x000000009a200000, 0x000000009a200000| Untracked 
| 247|0x000000009a300000, 0x000000009a300000, 0x000000009a400000|  0%| F|  |TAMS 0x000000009a300000, 0x000000009a300000| Untracked 
| 248|0x000000009a400000, 0x000000009a400000, 0x000000009a500000|  0%| F|  |TAMS 0x000000009a400000, 0x000000009a400000| Untracked 
| 249|0x000000009a500000, 0x000000009a500000, 0x000000009a600000|  0%| F|  |TAMS 0x000000009a500000, 0x000000009a500000| Untracked 
| 250|0x000000009a600000, 0x000000009a600000, 0x000000009a700000|  0%| F|  |TAMS 0x000000009a600000, 0x000000009a600000| Untracked 
| 251|0x000000009a700000, 0x000000009a700000, 0x000000009a800000|  0%| F|  |TAMS 0x000000009a700000, 0x000000009a700000| Untracked 
| 252|0x000000009a800000, 0x000000009a800000, 0x000000009a900000|  0%| F|  |TAMS 0x000000009a800000, 0x000000009a800000| Untracked 
| 253|0x000000009a900000, 0x000000009a900000, 0x000000009aa00000|  0%| F|  |TAMS 0x000000009a900000, 0x000000009a900000| Untracked 
| 254|0x000000009aa00000, 0x000000009aa00000, 0x000000009ab00000|  0%| F|  |TAMS 0x000000009aa00000, 0x000000009aa00000| Untracked 
| 255|0x000000009ab00000, 0x000000009ab00000, 0x000000009ac00000|  0%| F|  |TAMS 0x000000009ab00000, 0x000000009ab00000| Untracked 
| 256|0x000000009ac00000, 0x000000009ac00000, 0x000000009ad00000|  0%| F|  |TAMS 0x000000009ac00000, 0x000000009ac00000| Untracked 
| 257|0x000000009ad00000, 0x000000009ad00000, 0x000000009ae00000|  0%| F|  |TAMS 0x000000009ad00000, 0x000000009ad00000| Untracked 
| 258|0x000000009ae00000, 0x000000009ae00000, 0x000000009af00000|  0%| F|  |TAMS 0x000000009ae00000, 0x000000009ae00000| Untracked 
| 259|0x000000009af00000, 0x000000009af00000, 0x000000009b000000|  0%| F|  |TAMS 0x000000009af00000, 0x000000009af00000| Untracked 
| 260|0x000000009b000000, 0x000000009b000000, 0x000000009b100000|  0%| F|  |TAMS 0x000000009b000000, 0x000000009b000000| Untracked 
| 261|0x000000009b100000, 0x000000009b100000, 0x000000009b200000|  0%| F|  |TAMS 0x000000009b100000, 0x000000009b100000| Untracked 
| 262|0x000000009b200000, 0x000000009b200000, 0x000000009b300000|  0%| F|  |TAMS 0x000000009b200000, 0x000000009b200000| Untracked 
| 263|0x000000009b300000, 0x000000009b300000, 0x000000009b400000|  0%| F|  |TAMS 0x000000009b300000, 0x000000009b300000| Untracked 
| 264|0x000000009b400000, 0x000000009b400000, 0x000000009b500000|  0%| F|  |TAMS 0x000000009b400000, 0x000000009b400000| Untracked 
| 265|0x000000009b500000, 0x000000009b500000, 0x000000009b600000|  0%| F|  |TAMS 0x000000009b500000, 0x000000009b500000| Untracked 
| 266|0x000000009b600000, 0x000000009b600000, 0x000000009b700000|  0%| F|  |TAMS 0x000000009b600000, 0x000000009b600000| Untracked 
| 267|0x000000009b700000, 0x000000009b700000, 0x000000009b800000|  0%| F|  |TAMS 0x000000009b700000, 0x000000009b700000| Untracked 
| 268|0x000000009b800000, 0x000000009b800000, 0x000000009b900000|  0%| F|  |TAMS 0x000000009b800000, 0x000000009b800000| Untracked 
| 269|0x000000009b900000, 0x000000009b900000, 0x000000009ba00000|  0%| F|  |TAMS 0x000000009b900000, 0x000000009b900000| Untracked 
| 270|0x000000009ba00000, 0x000000009ba00000, 0x000000009bb00000|  0%| F|  |TAMS 0x000000009ba00000, 0x000000009ba00000| Untracked 
| 271|0x000000009bb00000, 0x000000009bb00000, 0x000000009bc00000|  0%| F|  |TAMS 0x000000009bb00000, 0x000000009bb00000| Untracked 
| 272|0x000000009bc00000, 0x000000009bc00000, 0x000000009bd00000|  0%| F|  |TAMS 0x000000009bc00000, 0x000000009bc00000| Untracked 
| 273|0x000000009bd00000, 0x000000009bd00000, 0x000000009be00000|  0%| F|  |TAMS 0x000000009bd00000, 0x000000009bd00000| Untracked 
| 274|0x000000009be00000, 0x000000009be00000, 0x000000009bf00000|  0%| F|  |TAMS 0x000000009be00000, 0x000000009be00000| Untracked 
| 275|0x000000009bf00000, 0x000000009bf00000, 0x000000009c000000|  0%| F|  |TAMS 0x000000009bf00000, 0x000000009bf00000| Untracked 
| 276|0x000000009c000000, 0x000000009c000000, 0x000000009c100000|  0%| F|  |TAMS 0x000000009c000000, 0x000000009c000000| Untracked 
| 277|0x000000009c100000, 0x000000009c100000, 0x000000009c200000|  0%| F|  |TAMS 0x000000009c100000, 0x000000009c100000| Untracked 
| 278|0x000000009c200000, 0x000000009c200000, 0x000000009c300000|  0%| F|  |TAMS 0x000000009c200000, 0x000000009c200000| Untracked 
| 279|0x000000009c300000, 0x000000009c300000, 0x000000009c400000|  0%| F|  |TAMS 0x000000009c300000, 0x000000009c300000| Untracked 
| 280|0x000000009c400000, 0x000000009c400000, 0x000000009c500000|  0%| F|  |TAMS 0x000000009c400000, 0x000000009c400000| Untracked 
| 281|0x000000009c500000, 0x000000009c500000, 0x000000009c600000|  0%| F|  |TAMS 0x000000009c500000, 0x000000009c500000| Untracked 
| 282|0x000000009c600000, 0x000000009c600000, 0x000000009c700000|  0%| F|  |TAMS 0x000000009c600000, 0x000000009c600000| Untracked 
| 283|0x000000009c700000, 0x000000009c700000, 0x000000009c800000|  0%| F|  |TAMS 0x000000009c700000, 0x000000009c700000| Untracked 
| 284|0x000000009c800000, 0x000000009c800000, 0x000000009c900000|  0%| F|  |TAMS 0x000000009c800000, 0x000000009c800000| Untracked 
| 285|0x000000009c900000, 0x000000009c900000, 0x000000009ca00000|  0%| F|  |TAMS 0x000000009c900000, 0x000000009c900000| Untracked 
| 286|0x000000009ca00000, 0x000000009ca00000, 0x000000009cb00000|  0%| F|  |TAMS 0x000000009ca00000, 0x000000009ca00000| Untracked 
| 287|0x000000009cb00000, 0x000000009cb00000, 0x000000009cc00000|  0%| F|  |TAMS 0x000000009cb00000, 0x000000009cb00000| Untracked 
| 288|0x000000009cc00000, 0x000000009cc00000, 0x000000009cd00000|  0%| F|  |TAMS 0x000000009cc00000, 0x000000009cc00000| Untracked 
| 289|0x000000009cd00000, 0x000000009cd00000, 0x000000009ce00000|  0%| F|  |TAMS 0x000000009cd00000, 0x000000009cd00000| Untracked 
| 290|0x000000009ce00000, 0x000000009ce00000, 0x000000009cf00000|  0%| F|  |TAMS 0x000000009ce00000, 0x000000009ce00000| Untracked 
| 291|0x000000009cf00000, 0x000000009cf00000, 0x000000009d000000|  0%| F|  |TAMS 0x000000009cf00000, 0x000000009cf00000| Untracked 
| 292|0x000000009d000000, 0x000000009d000000, 0x000000009d100000|  0%| F|  |TAMS 0x000000009d000000, 0x000000009d000000| Untracked 
| 293|0x000000009d100000, 0x000000009d100000, 0x000000009d200000|  0%| F|  |TAMS 0x000000009d100000, 0x000000009d100000| Untracked 
| 294|0x000000009d200000, 0x000000009d200000, 0x000000009d300000|  0%| F|  |TAMS 0x000000009d200000, 0x000000009d200000| Untracked 
| 295|0x000000009d300000, 0x000000009d300000, 0x000000009d400000|  0%| F|  |TAMS 0x000000009d300000, 0x000000009d300000| Untracked 
| 296|0x000000009d400000, 0x000000009d400000, 0x000000009d500000|  0%| F|  |TAMS 0x000000009d400000, 0x000000009d400000| Untracked 
| 297|0x000000009d500000, 0x000000009d500000, 0x000000009d600000|  0%| F|  |TAMS 0x000000009d500000, 0x000000009d500000| Untracked 
| 298|0x000000009d600000, 0x000000009d600000, 0x000000009d700000|  0%| F|  |TAMS 0x000000009d600000, 0x000000009d600000| Untracked 
| 299|0x000000009d700000, 0x000000009d700000, 0x000000009d800000|  0%| F|  |TAMS 0x000000009d700000, 0x000000009d700000| Untracked 
| 300|0x000000009d800000, 0x000000009d800000, 0x000000009d900000|  0%| F|  |TAMS 0x000000009d800000, 0x000000009d800000| Untracked 
| 301|0x000000009d900000, 0x000000009d900000, 0x000000009da00000|  0%| F|  |TAMS 0x000000009d900000, 0x000000009d900000| Untracked 
| 302|0x000000009da00000, 0x000000009da00000, 0x000000009db00000|  0%| F|  |TAMS 0x000000009da00000, 0x000000009da00000| Untracked 
| 303|0x000000009db00000, 0x000000009db00000, 0x000000009dc00000|  0%| F|  |TAMS 0x000000009db00000, 0x000000009db00000| Untracked 
| 304|0x000000009dc00000, 0x000000009dc00000, 0x000000009dd00000|  0%| F|  |TAMS 0x000000009dc00000, 0x000000009dc00000| Untracked 
| 305|0x000000009dd00000, 0x000000009dd00000, 0x000000009de00000|  0%| F|  |TAMS 0x000000009dd00000, 0x000000009dd00000| Untracked 
| 306|0x000000009de00000, 0x000000009de00000, 0x000000009df00000|  0%| F|  |TAMS 0x000000009de00000, 0x000000009de00000| Untracked 
| 307|0x000000009df00000, 0x000000009df00000, 0x000000009e000000|  0%| F|  |TAMS 0x000000009df00000, 0x000000009df00000| Untracked 
| 308|0x000000009e000000, 0x000000009e000000, 0x000000009e100000|  0%| F|  |TAMS 0x000000009e000000, 0x000000009e000000| Untracked 
| 309|0x000000009e100000, 0x000000009e100000, 0x000000009e200000|  0%| F|  |TAMS 0x000000009e100000, 0x000000009e100000| Untracked 
| 310|0x000000009e200000, 0x000000009e200000, 0x000000009e300000|  0%| F|  |TAMS 0x000000009e200000, 0x000000009e200000| Untracked 
| 311|0x000000009e300000, 0x000000009e300000, 0x000000009e400000|  0%| F|  |TAMS 0x000000009e300000, 0x000000009e300000| Untracked 

Card table byte_map: [0x00000210ecd10000,0x00000210ed0c0000] _byte_map_base: 0x00000210ec8ba000

Marking Bits (Prev, Next): (CMBitMap*) 0x00000210e6a0ece0, (CMBitMap*) 0x00000210e6a0ed20
 Prev Bits: [0x00000210ed470000, 0x00000210ef1c0000)
 Next Bits: [0x00000210ef1c0000, 0x00000210f0f10000)

Polling page: 0x00000210e6170000

Metaspace:

Usage:
  Non-class:     33.58 MB used.
      Class:      4.86 MB used.
       Both:     38.44 MB used.

Virtual space:
  Non-class space:       40.00 MB reserved,      33.75 MB ( 84%) committed,  5 nodes.
      Class space:        1.00 GB reserved,       5.06 MB ( <1%) committed,  1 nodes.
             Both:        1.04 GB reserved,      38.81 MB (  4%) committed. 

Chunk freelists:
   Non-Class:  1.44 MB
       Class:  2.98 MB
        Both:  4.42 MB

MaxMetaspaceSize: unlimited
CompressedClassSpaceSize: 1.00 GB
Initial GC threshold: 21.00 MB
Current GC threshold: 63.12 MB
CDS: off
MetaspaceReclaimPolicy: balanced
 - commit_granule_bytes: 65536.
 - commit_granule_words: 8192.
 - virtual_space_node_default_size: 1048576.
 - enlarge_chunks_in_place: 1.
 - new_chunks_are_fully_committed: 0.
 - uncommit_free_chunks: 1.
 - use_allocation_guard: 0.
 - handle_deallocations: 1.


Internal statistics:

num_allocs_failed_limit: 8.
num_arena_births: 386.
num_arena_deaths: 0.
num_vsnodes_births: 6.
num_vsnodes_deaths: 0.
num_space_committed: 621.
num_space_uncommitted: 0.
num_chunks_returned_to_freelist: 8.
num_chunks_taken_from_freelist: 1534.
num_chunk_merges: 8.
num_chunk_splits: 1062.
num_chunks_enlarged: 831.
num_purges: 0.
num_inconsistent_stats: 0.

CodeCache: size=49152Kb used=7548Kb max_used=7548Kb free=41603Kb
 bounds [0x00000210e9630000, 0x00000210e9d90000, 0x00000210ec630000]
 total_blobs=4336 nmethods=3802 adapters=461
 compilation: enabled
              stopped_count=0, restarted_count=0
 full_count=0

Compilation events (20 events):
Event: 10.840 Thread 0x00000210f48134f0 3797   !   1       io.github.classgraph.ModuleReaderProxy::<init> (74 bytes)
Event: 10.842 Thread 0x00000210f48134f0 nmethod 3797 0x00000210e9d8bc10 code [0x00000210e9d8be20, 0x00000210e9d8c398]
Event: 10.842 Thread 0x00000210f48134f0 3798   !   1       jdk.internal.reflect.GeneratedMethodAccessor26::invoke (61 bytes)
Event: 10.843 Thread 0x00000210f48134f0 nmethod 3798 0x00000210e9d8c690 code [0x00000210e9d8c8a0, 0x00000210e9d8cd28]
Event: 10.843 Thread 0x00000210f48134f0 3799       1       java.io.ByteArrayInputStream::<init> (26 bytes)
Event: 10.843 Thread 0x00000210f48134f0 nmethod 3799 0x00000210e9d8d090 code [0x00000210e9d8d220, 0x00000210e9d8d358]
Event: 10.859 Thread 0x00000210f48134f0 3800       1       java.lang.Throwable::<init> (34 bytes)
Event: 10.860 Thread 0x00000210f48134f0 nmethod 3800 0x00000210e9d8d410 code [0x00000210e9d8d5c0, 0x00000210e9d8d848]
Event: 10.862 Thread 0x00000210f48134f0 3801       1       jdk.internal.jrtfs.JrtPath::getFileSystem (5 bytes)
Event: 10.862 Thread 0x00000210f48134f0 nmethod 3801 0x00000210e9d8d910 code [0x00000210e9d8daa0, 0x00000210e9d8db78]
Event: 10.864 Thread 0x00000210f48134f0 3802       1       jdk.internal.jimage.BasicImageReader::getBufferBytes (20 bytes)
Event: 10.865 Thread 0x00000210f48134f0 nmethod 3802 0x00000210e9d8dc10 code [0x00000210e9d8ddc0, 0x00000210e9d8dff8]
Event: 10.893 Thread 0x00000210f48134f0 3803       1       java.nio.file.Files::provider (10 bytes)
Event: 10.893 Thread 0x00000210f48134f0 nmethod 3803 0x00000210e9d8e110 code [0x00000210e9d8e2c0, 0x00000210e9d8e3b8]
Event: 10.894 Thread 0x00000210f48134f0 3804       1       jdk.internal.jrtfs.JrtFileSystem::provider (5 bytes)
Event: 10.894 Thread 0x00000210f48134f0 nmethod 3804 0x00000210e9d8e490 code [0x00000210e9d8e620, 0x00000210e9d8e6f8]
Event: 10.896 Thread 0x00000210f48134f0 3805   !   1       java.nio.channels.spi.AbstractInterruptibleChannel::close (37 bytes)
Event: 10.897 Thread 0x00000210f48134f0 nmethod 3805 0x00000210e9d8e790 code [0x00000210e9d8e940, 0x00000210e9d8eb88]
Event: 10.899 Thread 0x00000210f48134f0 3806       1       jdk.internal.jimage.BasicImageReader::getResource (24 bytes)
Event: 10.899 Thread 0x00000210f48134f0 nmethod 3806 0x00000210e9d8ec90 code [0x00000210e9d8ee60, 0x00000210e9d8f118]

GC Heap History (20 events):
Event: 8.885 GC heap after
{Heap after GC invocations=17 (full 0):
 garbage-first heap   total 86016K, used 50047K [0x000000008ac00000, 0x0000000100000000)
  region size 1024K, 2 young (2048K), 2 survivors (2048K)
 Metaspace       used 37948K, committed 38272K, reserved 1089536K
  class space    used 4797K, committed 4928K, reserved 1048576K
}
Event: 8.909 GC heap before
{Heap before GC invocations=17 (full 0):
 garbage-first heap   total 86016K, used 52095K [0x000000008ac00000, 0x0000000100000000)
  region size 1024K, 4 young (4096K), 2 survivors (2048K)
 Metaspace       used 38011K, committed 38272K, reserved 1089536K
  class space    used 4803K, committed 4928K, reserved 1048576K
}
Event: 8.914 GC heap after
{Heap after GC invocations=18 (full 0):
 garbage-first heap   total 158720K, used 50776K [0x000000008ac00000, 0x0000000100000000)
  region size 1024K, 1 young (1024K), 1 survivors (1024K)
 Metaspace       used 38011K, committed 38272K, reserved 1089536K
  class space    used 4803K, committed 4928K, reserved 1048576K
}
Event: 9.268 GC heap before
{Heap before GC invocations=18 (full 0):
 garbage-first heap   total 158720K, used 109144K [0x000000008ac00000, 0x0000000100000000)
  region size 1024K, 55 young (56320K), 1 survivors (1024K)
 Metaspace       used 38304K, committed 38656K, reserved 1089536K
  class space    used 4836K, committed 4992K, reserved 1048576K
}
Event: 9.337 GC heap after
{Heap after GC invocations=19 (full 0):
 garbage-first heap   total 158720K, used 70389K [0x000000008ac00000, 0x0000000100000000)
  region size 1024K, 7 young (7168K), 7 survivors (7168K)
 Metaspace       used 38304K, committed 38656K, reserved 1089536K
  class space    used 4836K, committed 4992K, reserved 1048576K
}
Event: 9.398 GC heap before
{Heap before GC invocations=19 (full 0):
 garbage-first heap   total 158720K, used 105205K [0x000000008ac00000, 0x0000000100000000)
  region size 1024K, 42 young (43008K), 7 survivors (7168K)
 Metaspace       used 38367K, committed 38720K, reserved 1089536K
  class space    used 4845K, committed 4992K, reserved 1048576K
}
Event: 9.406 GC heap after
{Heap after GC invocations=20 (full 0):
 garbage-first heap   total 158720K, used 73153K [0x000000008ac00000, 0x0000000100000000)
  region size 1024K, 3 young (3072K), 3 survivors (3072K)
 Metaspace       used 38367K, committed 38720K, reserved 1089536K
  class space    used 4845K, committed 4992K, reserved 1048576K
}
Event: 9.462 GC heap before
{Heap before GC invocations=20 (full 0):
 garbage-first heap   total 158720K, used 110017K [0x000000008ac00000, 0x0000000100000000)
  region size 1024K, 40 young (40960K), 3 survivors (3072K)
 Metaspace       used 38415K, committed 38784K, reserved 1089536K
  class space    used 4849K, committed 4992K, reserved 1048576K
}
Event: 9.466 GC heap after
{Heap after GC invocations=21 (full 0):
 garbage-first heap   total 158720K, used 74118K [0x000000008ac00000, 0x0000000100000000)
  region size 1024K, 4 young (4096K), 4 survivors (4096K)
 Metaspace       used 38415K, committed 38784K, reserved 1089536K
  class space    used 4849K, committed 4992K, reserved 1048576K
}
Event: 9.491 GC heap before
{Heap before GC invocations=21 (full 0):
 garbage-first heap   total 158720K, used 115078K [0x000000008ac00000, 0x0000000100000000)
  region size 1024K, 45 young (46080K), 4 survivors (4096K)
 Metaspace       used 38415K, committed 38784K, reserved 1089536K
  class space    used 4849K, committed 4992K, reserved 1048576K
}
Event: 9.498 GC heap after
{Heap after GC invocations=22 (full 0):
 garbage-first heap   total 319488K, used 76126K [0x000000008ac00000, 0x0000000100000000)
  region size 1024K, 6 young (6144K), 6 survivors (6144K)
 Metaspace       used 38415K, committed 38784K, reserved 1089536K
  class space    used 4849K, committed 4992K, reserved 1048576K
}
Event: 10.289 GC heap before
{Heap before GC invocations=23 (full 0):
 garbage-first heap   total 319488K, used 239966K [0x000000008ac00000, 0x0000000100000000)
  region size 1024K, 167 young (171008K), 6 survivors (6144K)
 Metaspace       used 38462K, committed 38784K, reserved 1089536K
  class space    used 4857K, committed 4992K, reserved 1048576K
}
Event: 10.309 GC heap after
{Heap after GC invocations=24 (full 0):
 garbage-first heap   total 319488K, used 82551K [0x000000008ac00000, 0x0000000100000000)
  region size 1024K, 12 young (12288K), 12 survivors (12288K)
 Metaspace       used 38462K, committed 38784K, reserved 1089536K
  class space    used 4857K, committed 4992K, reserved 1048576K
}
Event: 10.312 GC heap before
{Heap before GC invocations=24 (full 0):
 garbage-first heap   total 319488K, used 84599K [0x000000008ac00000, 0x0000000100000000)
  region size 1024K, 15 young (15360K), 12 survivors (12288K)
 Metaspace       used 38462K, committed 38784K, reserved 1089536K
  class space    used 4857K, committed 4992K, reserved 1048576K
}
Event: 10.321 GC heap after
{Heap after GC invocations=25 (full 0):
 garbage-first heap   total 319488K, used 82372K [0x000000008ac00000, 0x0000000100000000)
  region size 1024K, 2 young (2048K), 2 survivors (2048K)
 Metaspace       used 38462K, committed 38784K, reserved 1089536K
  class space    used 4857K, committed 4992K, reserved 1048576K
}
Event: 10.555 GC heap before
{Heap before GC invocations=25 (full 0):
 garbage-first heap   total 319488K, used 243140K [0x000000008ac00000, 0x0000000100000000)
  region size 1024K, 160 young (163840K), 2 survivors (2048K)
 Metaspace       used 38686K, committed 39104K, reserved 1089536K
  class space    used 4900K, committed 5120K, reserved 1048576K
}
Event: 10.573 GC heap after
{Heap after GC invocations=26 (full 0):
 garbage-first heap   total 319488K, used 87628K [0x000000008ac00000, 0x0000000100000000)
  region size 1024K, 7 young (7168K), 7 survivors (7168K)
 Metaspace       used 38686K, committed 39104K, reserved 1089536K
  class space    used 4900K, committed 5120K, reserved 1048576K
}
Event: 10.743 GC heap before
{Heap before GC invocations=26 (full 0):
 garbage-first heap   total 319488K, used 249420K [0x000000008ac00000, 0x0000000100000000)
  region size 1024K, 166 young (169984K), 7 survivors (7168K)
 Metaspace       used 38931K, committed 39296K, reserved 1089536K
  class space    used 4927K, committed 5120K, reserved 1048576K
}
Event: 10.762 GC heap after
{Heap after GC invocations=27 (full 0):
 garbage-first heap   total 319488K, used 94811K [0x000000008ac00000, 0x0000000100000000)
  region size 1024K, 14 young (14336K), 14 survivors (14336K)
 Metaspace       used 38931K, committed 39296K, reserved 1089536K
  class space    used 4927K, committed 5120K, reserved 1048576K
}
Event: 10.932 GC heap before
{Heap before GC invocations=27 (full 0):
 garbage-first heap   total 319488K, used 254555K [0x000000008ac00000, 0x0000000100000000)
  region size 1024K, 171 young (175104K), 14 survivors (14336K)
 Metaspace       used 39363K, committed 39744K, reserved 1089536K
  class space    used 4977K, committed 5184K, reserved 1048576K
}

Dll operation events (8 events):
Event: 0.039 Loaded shared library c:\Users\naveendurai\.vscode\extensions\redhat.java-1.13.0-win32-x64\jre\17.0.5-win32-x86_64\bin\java.dll
Event: 0.605 Loaded shared library C:\Users\naveendurai\.vscode\extensions\redhat.java-1.13.0-win32-x64\jre\17.0.5-win32-x86_64\bin\net.dll
Event: 0.613 Loaded shared library C:\Users\naveendurai\.vscode\extensions\redhat.java-1.13.0-win32-x64\jre\17.0.5-win32-x86_64\bin\nio.dll
Event: 0.634 Loaded shared library C:\Users\naveendurai\.vscode\extensions\redhat.java-1.13.0-win32-x64\jre\17.0.5-win32-x86_64\bin\zip.dll
Event: 1.452 Loaded shared library c:\Users\naveendurai\.vscode\extensions\redhat.java-1.13.0-win32-x64\jre\17.0.5-win32-x86_64\bin\verify.dll
Event: 1.484 Loaded shared library C:\Users\naveendurai\.vscode\extensions\redhat.java-1.13.0-win32-x64\jre\17.0.5-win32-x86_64\bin\jimage.dll
Event: 3.441 Loaded shared library C:\Users\naveendurai\.vscode\extensions\redhat.java-1.13.0-win32-x64\jre\17.0.5-win32-x86_64\bin\management.dll
Event: 3.453 Loaded shared library C:\Users\naveendurai\.vscode\extensions\redhat.java-1.13.0-win32-x64\jre\17.0.5-win32-x86_64\bin\management_ext.dll

Deoptimization events (12 events):
Event: 3.885 Thread 0x00000210e69b51f0 DEOPT PACKING pc=0x00000210e99d6a99 sp=0x0000001f554fd270
Event: 3.885 Thread 0x00000210e69b51f0 DEOPT UNPACKING pc=0x00000210e9682b43 sp=0x0000001f554fc750 mode 3
Event: 7.188 Thread 0x00000210f49ac7a0 DEOPT PACKING pc=0x00000210e9c0f135 sp=0x0000001f575fd660
Event: 7.188 Thread 0x00000210f49ac7a0 DEOPT UNPACKING pc=0x00000210e9682b43 sp=0x0000001f575fcb78 mode 3
Event: 7.478 Thread 0x00000210f5d86010 DEOPT PACKING pc=0x00000210e99d5601 sp=0x0000001f574fdb10
Event: 7.478 Thread 0x00000210f5d86010 DEOPT UNPACKING pc=0x00000210e9682b43 sp=0x0000001f574fcfa0 mode 3
Event: 7.482 Thread 0x00000210f49ac7a0 DEOPT PACKING pc=0x00000210e99d3217 sp=0x0000001f575ff110
Event: 7.482 Thread 0x00000210f49ac7a0 DEOPT UNPACKING pc=0x00000210e9682b43 sp=0x0000001f575fe568 mode 3
Event: 7.620 Thread 0x00000210f5e7f070 DEOPT PACKING pc=0x00000210e9c2dfab sp=0x0000001f579fe7a0
Event: 7.620 Thread 0x00000210f5e7f070 DEOPT UNPACKING pc=0x00000210e9682b43 sp=0x0000001f579fdce8 mode 3
Event: 9.473 Thread 0x00000210f49ac7a0 DEOPT PACKING pc=0x00000210e9792f1c sp=0x0000001f575fce70
Event: 9.474 Thread 0x00000210f49ac7a0 DEOPT UNPACKING pc=0x00000210e9682b43 sp=0x0000001f575fc400 mode 0

Classes unloaded (0 events):
No events

Classes redefined (0 events):
No events

Internal exceptions (20 events):
Event: 7.671 Thread 0x00000210f5ed2b60 Exception <a 'sun/nio/fs/WindowsException'{0x000000008db0bac0}> (0x000000008db0bac0) 
thrown [s\src\hotspot\share\prims\jni.cpp, line 516]
Event: 7.672 Thread 0x00000210f5ed2b60 Exception <a 'sun/nio/fs/WindowsException'{0x000000008db0c500}> (0x000000008db0c500) 
thrown [s\src\hotspot\share\prims\jni.cpp, line 516]
Event: 7.672 Thread 0x00000210f5ed2b60 Exception <a 'sun/nio/fs/WindowsException'{0x000000008db0c900}> (0x000000008db0c900) 
thrown [s\src\hotspot\share\prims\jni.cpp, line 516]
Event: 7.672 Thread 0x00000210f5ed2b60 Exception <a 'sun/nio/fs/WindowsException'{0x000000008db0d318}> (0x000000008db0d318) 
thrown [s\src\hotspot\share\prims\jni.cpp, line 516]
Event: 7.673 Thread 0x00000210f5ed2b60 Exception <a 'sun/nio/fs/WindowsException'{0x000000008db0d6d8}> (0x000000008db0d6d8) 
thrown [s\src\hotspot\share\prims\jni.cpp, line 516]
Event: 7.673 Thread 0x00000210f5ed2b60 Exception <a 'sun/nio/fs/WindowsException'{0x000000008db0e100}> (0x000000008db0e100) 
thrown [s\src\hotspot\share\prims\jni.cpp, line 516]
Event: 7.673 Thread 0x00000210f5ed2b60 Exception <a 'sun/nio/fs/WindowsException'{0x000000008db0e4e0}> (0x000000008db0e4e0) 
thrown [s\src\hotspot\share\prims\jni.cpp, line 516]
Event: 7.673 Thread 0x00000210f5ed2b60 Exception <a 'sun/nio/fs/WindowsException'{0x000000008db0eef8}> (0x000000008db0eef8) 
thrown [s\src\hotspot\share\prims\jni.cpp, line 516]
Event: 7.673 Thread 0x00000210f5ed2b60 Exception <a 'sun/nio/fs/WindowsException'{0x000000008db0f2c8}> (0x000000008db0f2c8) 
thrown [s\src\hotspot\share\prims\jni.cpp, line 516]
Event: 7.673 Thread 0x00000210f5ed2b60 Exception <a 'sun/nio/fs/WindowsException'{0x000000008db0fcf0}> (0x000000008db0fcf0) 
thrown [s\src\hotspot\share\prims\jni.cpp, line 516]
Event: 7.673 Thread 0x00000210f5ed2b60 Exception <a 'sun/nio/fs/WindowsException'{0x000000008db100d0}> (0x000000008db100d0) 
thrown [s\src\hotspot\share\prims\jni.cpp, line 516]
Event: 7.673 Thread 0x00000210f5ed2b60 Exception <a 'sun/nio/fs/WindowsException'{0x000000008db10b10}> (0x000000008db10b10) 
thrown [s\src\hotspot\share\prims\jni.cpp, line 516]
Event: 7.673 Thread 0x00000210f5ed2b60 Exception <a 'sun/nio/fs/WindowsException'{0x000000008db10f10}> (0x000000008db10f10) 
thrown [s\src\hotspot\share\prims\jni.cpp, line 516]
Event: 7.673 Thread 0x00000210f5ed2b60 Exception <a 'sun/nio/fs/WindowsException'{0x000000008db11968}> (0x000000008db11968) 
thrown [s\src\hotspot\share\prims\jni.cpp, line 516]
Event: 7.674 Thread 0x00000210f5ed2b60 Exception <a 'sun/nio/fs/WindowsException'{0x000000008db11d80}> (0x000000008db11d80) 
thrown [s\src\hotspot\share\prims\jni.cpp, line 516]
Event: 7.674 Thread 0x00000210f5ed2b60 Exception <a 'sun/nio/fs/WindowsException'{0x000000008db127d0}> (0x000000008db127d0) 
thrown [s\src\hotspot\share\prims\jni.cpp, line 516]
Event: 7.674 Thread 0x00000210f5ed2b60 Exception <a 'sun/nio/fs/WindowsException'{0x000000008db12be0}> (0x000000008db12be0) 
thrown [s\src\hotspot\share\prims\jni.cpp, line 516]
Event: 10.199 Thread 0x00000210f49ac7a0 Exception <a 'java/lang/NoSuchMethodError'{0x000000009653df38}: 'java.lang.Object java.lang.invoke.DirectMethodHandle$Holder.newInvokeSpecial(java.lang.Object, java.lang.Object, int)'> (0x000000009653df38) 
thrown [s\src\hotspot\share\interpreter\linkResolver.cpp, line 759]
Event: 10.373 Thread 0x00000210f5fd3df0 Exception <a 'java/lang/NoSuchMethodError'{0x000000009c362fd8}: 'java.lang.Object java.lang.invoke.Invokers$Holder.linkToTargetMethod(java.lang.Object, long, java.lang.Object)'> (0x000000009c362fd8) 
thrown [s\src\hotspot\share\interpreter\linkResolver.cpp, line 759]
Event: 10.434 Thread 0x00000210f5fd3df0 Exception <a 'sun/nio/fs/WindowsException'{0x0000000099d72fd8}> (0x0000000099d72fd8) 
thrown [s\src\hotspot\share\prims\jni.cpp, line 516]

VM Operations (20 events):
Event: 9.682 Executing VM operation: G1Concurrent done
Event: 10.204 Executing VM operation: G1CollectForAllocation
Event: 10.273 Executing VM operation: G1CollectForAllocation done
Event: 10.273 Executing VM operation: G1CollectForAllocation
Event: 10.309 Executing VM operation: G1CollectForAllocation done
Event: 10.312 Executing VM operation: G1CollectForAllocation
Event: 10.312 Executing VM operation: G1CollectForAllocation done
Event: 10.312 Executing VM operation: G1CollectForAllocation
Event: 10.321 Executing VM operation: G1CollectForAllocation done
Event: 10.525 Executing VM operation: G1CollectForAllocation
Event: 10.574 Executing VM operation: G1CollectForAllocation done
Event: 10.719 Executing VM operation: HandshakeAllThreads
Event: 10.727 Executing VM operation: HandshakeAllThreads done
Event: 10.729 Executing VM operation: HandshakeAllThreads
Event: 10.742 Executing VM operation: HandshakeAllThreads done
Event: 10.742 Executing VM operation: G1CollectForAllocation
Event: 10.763 Executing VM operation: G1CollectForAllocation done
Event: 10.931 Executing VM operation: G1CollectForAllocation
Event: 10.932 Executing VM operation: G1CollectForAllocation done
Event: 10.932 Executing VM operation: G1CollectForAllocation

Events (20 events):
Event: 10.710 loading class sun/net/www/protocol/jrt/JavaRuntimeURLConnection$1
Event: 10.710 loading class sun/net/www/protocol/jrt/JavaRuntimeURLConnection$1 done
Event: 10.713 loading class jdk/internal/jrtfs/JrtFileSystem
Event: 10.715 loading class jdk/internal/jrtfs/JrtFileSystem done
Event: 10.727 loading class jdk/internal/jrtfs/JrtPath
Event: 10.728 loading class jdk/internal/jrtfs/JrtPath done
Event: 10.763 loading class jdk/internal/jrtfs/SystemImage
Event: 10.765 loading class jdk/internal/jrtfs/SystemImage done
Event: 10.767 loading class java/security/AllPermissionCollection
Event: 10.767 loading class java/security/AllPermissionCollection done
Event: 10.767 loading class jdk/internal/jrtfs/SystemImage$2
Event: 10.767 loading class jdk/internal/jrtfs/SystemImage$2 done
Event: 10.768 loading class jdk/internal/jrtfs/SystemImage$1
Event: 10.768 loading class jdk/internal/jrtfs/SystemImage$1 done
Event: 10.779 loading class java/nio/channels/Channels$ReadableByteChannelImpl
Event: 10.780 loading class java/nio/channels/Channels$ReadableByteChannelImpl done
Event: 10.780 loading class jdk/internal/jrtfs/JrtFileSystem$1
Event: 10.780 loading class jdk/internal/jrtfs/JrtFileSystem$1 done
Event: 10.852 loading class java/util/ResourceBundle$Control$1
Event: 10.854 loading class java/util/ResourceBundle$Control$1 done


Dynamic libraries:
0x00007ff6af730000 - 0x00007ff6af73e000 	c:\Users\naveendurai\.vscode\extensions\redhat.java-1.13.0-win32-x64\jre\17.0.5-win32-x86_64\bin\java.exe
0x00007ffda1070000 - 0x00007ffda1284000 	C:\WINDOWS\SYSTEM32\ntdll.dll
0x00007ffd9ffc0000 - 0x00007ffda0083000 	C:\WINDOWS\System32\KERNEL32.DLL
0x00007ffd9e9a0000 - 0x00007ffd9ed3d000 	C:\WINDOWS\System32\KERNELBASE.dll
0x00007ffd9ed40000 - 0x00007ffd9ee51000 	C:\WINDOWS\System32\ucrtbase.dll
0x00007ffd6ca20000 - 0x00007ffd6ca39000 	c:\Users\naveendurai\.vscode\extensions\redhat.java-1.13.0-win32-x64\jre\17.0.5-win32-x86_64\bin\VCRUNTIME140.dll
0x00007ffd6ccc0000 - 0x00007ffd6ccd7000 	c:\Users\naveendurai\.vscode\extensions\redhat.java-1.13.0-win32-x64\jre\17.0.5-win32-x86_64\bin\jli.dll
0x00007ffda01d0000 - 0x00007ffda037d000 	C:\WINDOWS\System32\USER32.dll
0x00007ffd9e970000 - 0x00007ffd9e996000 	C:\WINDOWS\System32\win32u.dll
0x00007ffda0de0000 - 0x00007ffda0e09000 	C:\WINDOWS\System32\GDI32.dll
0x00007ffd9e490000 - 0x00007ffd9e5a2000 	C:\WINDOWS\System32\gdi32full.dll
0x00007ffd87060000 - 0x00007ffd872ee000 	C:\WINDOWS\WinSxS\amd64_microsoft.windows.common-controls_6595b64144ccf1df_6.0.22621.608_none_a9444ca7c10bb01d\COMCTL32.dll
0x00007ffd9e8d0000 - 0x00007ffd9e96a000 	C:\WINDOWS\System32\msvcp_win.dll
0x00007ffda0090000 - 0x00007ffda0137000 	C:\WINDOWS\System32\msvcrt.dll
0x00007ffd9f010000 - 0x00007ffd9f042000 	C:\WINDOWS\System32\IMM32.DLL
0x00007ffd87fc0000 - 0x00007ffd87fcc000 	c:\Users\naveendurai\.vscode\extensions\redhat.java-1.13.0-win32-x64\jre\17.0.5-win32-x86_64\bin\vcruntime140_1.dll
0x00007ffd58a10000 - 0x00007ffd58aa1000 	c:\Users\naveendurai\.vscode\extensions\redhat.java-1.13.0-win32-x64\jre\17.0.5-win32-x86_64\bin\msvcp140.dll
0x00007ffd4d160000 - 0x00007ffd4dda4000 	c:\Users\naveendurai\.vscode\extensions\redhat.java-1.13.0-win32-x64\jre\17.0.5-win32-x86_64\bin\server\jvm.dll
0x00007ffd9ee60000 - 0x00007ffd9ef0e000 	C:\WINDOWS\System32\ADVAPI32.dll
0x00007ffd9f110000 - 0x00007ffd9f1b4000 	C:\WINDOWS\System32\sechost.dll
0x00007ffda0eb0000 - 0x00007ffda0fc5000 	C:\WINDOWS\System32\RPCRT4.dll
0x00007ffd95af0000 - 0x00007ffd95b24000 	C:\WINDOWS\SYSTEM32\WINMM.dll
0x00007ffd891a0000 - 0x00007ffd891a9000 	C:\WINDOWS\SYSTEM32\WSOCK32.dll
0x00007ffd96170000 - 0x00007ffd9617a000 	C:\WINDOWS\SYSTEM32\VERSION.dll
0x00007ffd9ef10000 - 0x00007ffd9ef81000 	C:\WINDOWS\System32\WS2_32.dll
0x00007ffd9d4f0000 - 0x00007ffd9d508000 	C:\WINDOWS\SYSTEM32\kernel.appcore.dll
0x00007ffd879f0000 - 0x00007ffd879fa000 	c:\Users\naveendurai\.vscode\extensions\redhat.java-1.13.0-win32-x64\jre\17.0.5-win32-x86_64\bin\jimage.dll
0x00007ffd8aea0000 - 0x00007ffd8b0ce000 	C:\WINDOWS\SYSTEM32\DBGHELP.DLL
0x00007ffd9f1c0000 - 0x00007ffd9f54a000 	C:\WINDOWS\System32\combase.dll
0x00007ffd9fee0000 - 0x00007ffd9ffb7000 	C:\WINDOWS\System32\OLEAUT32.dll
0x00007ffd810d0000 - 0x00007ffd81102000 	C:\WINDOWS\SYSTEM32\dbgcore.DLL
0x00007ffd9e670000 - 0x00007ffd9e6eb000 	C:\WINDOWS\System32\bcryptPrimitives.dll
0x00007ffd6b890000 - 0x00007ffd6b8b5000 	c:\Users\naveendurai\.vscode\extensions\redhat.java-1.13.0-win32-x64\jre\17.0.5-win32-x86_64\bin\java.dll
0x00007ffd6c070000 - 0x00007ffd6c088000 	c:\Users\naveendurai\.vscode\extensions\redhat.java-1.13.0-win32-x64\jre\17.0.5-win32-x86_64\bin\zip.dll
0x00007ffd9f550000 - 0x00007ffd9fd3f000 	C:\WINDOWS\System32\SHELL32.dll
0x00007ffd9c480000 - 0x00007ffd9cd48000 	C:\WINDOWS\SYSTEM32\windows.storage.dll
0x00007ffd9c340000 - 0x00007ffd9c47e000 	C:\WINDOWS\SYSTEM32\wintypes.dll
0x00007ffda0b90000 - 0x00007ffda0c81000 	C:\WINDOWS\System32\SHCORE.dll
0x00007ffda0e10000 - 0x00007ffda0e6e000 	C:\WINDOWS\System32\shlwapi.dll
0x00007ffd9e3c0000 - 0x00007ffd9e3e1000 	C:\WINDOWS\SYSTEM32\profapi.dll
0x00007ffd6be10000 - 0x00007ffd6be29000 	C:\Users\naveendurai\.vscode\extensions\redhat.java-1.13.0-win32-x64\jre\17.0.5-win32-x86_64\bin\net.dll
0x00007ffd984c0000 - 0x00007ffd985ef000 	C:\WINDOWS\SYSTEM32\WINHTTP.dll
0x00007ffd9d950000 - 0x00007ffd9d9b9000 	C:\WINDOWS\system32\mswsock.dll
0x00007ffd6bb40000 - 0x00007ffd6bb55000 	C:\Users\naveendurai\.vscode\extensions\redhat.java-1.13.0-win32-x64\jre\17.0.5-win32-x86_64\bin\nio.dll
0x00007ffd85b60000 - 0x00007ffd85b70000 	c:\Users\naveendurai\.vscode\extensions\redhat.java-1.13.0-win32-x64\jre\17.0.5-win32-x86_64\bin\verify.dll
0x00007ffd84b00000 - 0x00007ffd84b09000 	C:\Users\naveendurai\.vscode\extensions\redhat.java-1.13.0-win32-x64\jre\17.0.5-win32-x86_64\bin\management.dll
0x00007ffd849a0000 - 0x00007ffd849ab000 	C:\Users\naveendurai\.vscode\extensions\redhat.java-1.13.0-win32-x64\jre\17.0.5-win32-x86_64\bin\management_ext.dll
0x00007ffda0ae0000 - 0x00007ffda0ae8000 	C:\WINDOWS\System32\PSAPI.DLL
0x00007ffd7c790000 - 0x00007ffd7c7a7000 	C:\WINDOWS\system32\napinsp.dll
0x00007ffd7c6c0000 - 0x00007ffd7c6db000 	C:\WINDOWS\system32\pnrpnsp.dll
0x00007ffd9d010000 - 0x00007ffd9d102000 	C:\WINDOWS\SYSTEM32\DNSAPI.dll
0x00007ffd9cfe0000 - 0x00007ffd9d00d000 	C:\WINDOWS\SYSTEM32\IPHLPAPI.DLL
0x00007ffd9ef90000 - 0x00007ffd9ef99000 	C:\WINDOWS\System32\NSI.dll
0x00007ffd7c670000 - 0x00007ffd7c681000 	C:\WINDOWS\System32\winrnr.dll
0x00007ffd96250000 - 0x00007ffd96265000 	C:\WINDOWS\system32\wshbth.dll
0x00007ffd7c640000 - 0x00007ffd7c661000 	C:\WINDOWS\system32\nlansp_c.dll
0x00007ffd92f30000 - 0x00007ffd92f3a000 	C:\Windows\System32\rasadhlp.dll
0x00007ffd92b20000 - 0x00007ffd92ba3000 	C:\WINDOWS\System32\fwpuclnt.dll
0x00007ffd9dc10000 - 0x00007ffd9dc2b000 	C:\WINDOWS\SYSTEM32\CRYPTSP.dll
0x00007ffd9d460000 - 0x00007ffd9d495000 	C:\WINDOWS\system32\rsaenh.dll
0x00007ffd9dab0000 - 0x00007ffd9dad8000 	C:\WINDOWS\SYSTEM32\USERENV.dll
0x00007ffd9ddd0000 - 0x00007ffd9ddf8000 	C:\WINDOWS\SYSTEM32\bcrypt.dll
0x00007ffd9dc30000 - 0x00007ffd9dc3c000 	C:\WINDOWS\SYSTEM32\CRYPTBASE.dll
0x00007ffd96370000 - 0x00007ffd96389000 	C:\WINDOWS\SYSTEM32\dhcpcsvc6.DLL
0x00007ffd961e0000 - 0x00007ffd961ff000 	C:\WINDOWS\SYSTEM32\dhcpcsvc.DLL

dbghelp: loaded successfully - version: 4.0.5 - missing functions: none
symbol engine: initialized successfully - sym options: 0x614 - pdb path: .;c:\Users\naveendurai\.vscode\extensions\redhat.java-1.13.0-win32-x64\jre\17.0.5-win32-x86_64\bin;C:\WINDOWS\SYSTEM32;C:\WINDOWS\WinSxS\amd64_microsoft.windows.common-controls_6595b64144ccf1df_6.0.22621.608_none_a9444ca7c10bb01d;c:\Users\naveendurai\.vscode\extensions\redhat.java-1.13.0-win32-x64\jre\17.0.5-win32-x86_64\bin\server

VM Arguments:
jvm_args: -Dsts.lsp.client=vscode -Dsts.log.file=/dev/null -XX:TieredStopAtLevel=1 -Xlog:jni+resolve=off -Dspring.config.location=file:c:\Users\naveendurai\.vscode\extensions\pivotal.vscode-spring-boot-1.42.0\language-server\BOOT-INF\classes\application.properties 
java_command: org.springframework.ide.vscode.boot.app.BootLanguageServerBootApp
java_class_path (initial): c:\Users\naveendurai\.vscode\extensions\pivotal.vscode-spring-boot-1.42.0\language-server\BOOT-INF\classes;c:\Users\naveendurai\.vscode\extensions\pivotal.vscode-spring-boot-1.42.0\language-server\BOOT-INF\lib\annotations-23.1.0.jar;c:\Users\naveendurai\.vscode\extensions\pivotal.vscode-spring-boot-1.42.0\language-server\BOOT-INF\lib\ant-1.10.12.jar;c:\Users\naveendurai\.vscode\extensions\pivotal.vscode-spring-boot-1.42.0\language-server\BOOT-INF\lib\ant-launcher-1.10.12.jar;c:\Users\naveendurai\.vscode\extensions\pivotal.vscode-spring-boot-1.42.0\language-server\BOOT-INF\lib\antlr-runtime-3.5.2.jar;c:\Users\naveendurai\.vscode\extensions\pivotal.vscode-spring-boot-1.42.0\language-server\BOOT-INF\lib\antlr4-4.9.3.jar;c:\Users\naveendurai\.vscode\extensions\pivotal.vscode-spring-boot-1.42.0\language-server\BOOT-INF\lib\antlr4-runtime-4.9.3.jar;c:\Users\naveendurai\.vscode\extensions\pivotal.vscode-spring-boot-1.42.0\language-server\BOOT-INF\lib\apiguardian-api-1.1.2.jar;c:\Users\naveendurai\.vscode\extensions\pivotal.vscode-spring-boot-1.42.0\language-server\BOOT-INF\lib\asm-9.4.jar;c:\Users\naveendurai\.vscode\extensions\pivotal.vscode-spring-boot-1.42.0\language-server\BOOT-INF\lib\asm-analysis-9.4.jar;c:\Users\naveendurai\.vscode\extensions\pivotal.vscode-spring-boot-1.42.0\language-server\BOOT-INF\lib\asm-tree-9.4.jar;c:\Users\naveendurai\.vscode\extensions\pivotal.vscode-spring-boot-1.42.0\language-server\BOOT-INF\lib\asm-util-9.4.jar;c:\Users\naveendurai\.vscode\extensions\pivotal.vscode-spring-boot-1.42.0\language-server\BOOT-INF\lib\caffeine-2.9.3.jar;c:\Users\naveendurai\.vscode\extensions\pivotal.vscode-spring-boot-1.42.0\language-server\BOOT-INF\lib\checker-qual-3.12.0.jar;c:\Users\naveendurai\.vscode\extensions\pivotal.vscode-spring-boot-1.42.0\language-server\BOOT-INF\lib\ci-environment-9.1.0.jar;c:\Users\naveendurai\.vscode\extensions\pivotal.vscode-spring-boot-1.42.0\language-server\BOOT-INF\lib\classgraph-4.8.149.jar;c:\Us
Launcher Type: SUN_STANDARD

[Global flags]
     intx CICompilerCount                          = 4                                         {product} {ergonomic}
     uint ConcGCThreads                            = 3                                         {product} {ergonomic}
     uint G1ConcRefinementThreads                  = 10                                        {product} {ergonomic}
   size_t G1HeapRegionSize                         = 1048576                                   {product} {ergonomic}
    uintx GCDrainStackTargetSize                   = 64                                        {product} {ergonomic}
   size_t InitialHeapSize                          = 123731968                                 {product} {ergonomic}
   size_t MarkStackSize                            = 4194304                                   {product} {ergonomic}
   size_t MaxHeapSize                              = 1967128576                                {product} {ergonomic}
   size_t MaxNewSize                               = 1179648000                                {product} {ergonomic}
   size_t MinHeapDeltaBytes                        = 1048576                                   {product} {ergonomic}
   size_t MinHeapSize                              = 8388608                                   {product} {ergonomic}
    uintx NonProfiledCodeHeapSize                  = 0                                      {pd product} {ergonomic}
     bool ProfileInterpreter                       = false                                  {pd product} {command line}
    uintx ProfiledCodeHeapSize                     = 0                                      {pd product} {ergonomic}
   size_t SoftMaxHeapSize                          = 1967128576                             {manageable} {ergonomic}
     intx TieredStopAtLevel                        = 1                                         {product} {command line}
     bool UseCompressedClassPointers               = true                           {product lp64_product} {ergonomic}
     bool UseCompressedOops                        = true                           {product lp64_product} {ergonomic}
     bool UseG1GC                                  = true                                      {product} {ergonomic}
     bool UseLargePagesIndividualAllocation        = false                                  {pd product} {ergonomic}

Logging:
Log output configuration:
 #0: stdout all=warning,jni+resolve=off uptime,level,tags
 #1: stderr all=off uptime,level,tags

Environment Variables:
JAVA_HOME=C:\Program Files\Java\jdk1.8.0_202
PATH=C:\Users\naveendurai\AppData\Local\cloud-code\installer\google-cloud-sdk\bin;C:\Program Files\Common Files\Oracle\Java\javapath;C:\Program Files (x86)\Common Files\Oracle\Java\javapath;C:\WINDOWS\system32;C:\WINDOWS;C:\WINDOWS\System32\Wbem;C:\WINDOWS\System32\WindowsPowerShell\v1.0\;C:\WINDOWS\System32\OpenSSH\;C:\Program Files\MySQL\MySQL Server 8.0\bin;C:\Program Files\Java\jdk1.8.0_202\bin;C:\Program Files\Git\cmd;C:\Program Files\Java\jdk-11.0.16\bin;C:\Program Files\nodejs\;C:\Program Files\nodejs;C:\Program Files\Docker\Docker\resources\bin;D:\Software and other dependencies\apache-maven-3.8.6-bin\apache-maven-3.8.6\bin;C:\Program Files\MySQL\MySQL Shell 8.0\bin\;C:\Users\naveendurai\AppData\Local\Microsoft\WindowsApps;C:\Users\naveendurai\AppData\Local\Programs\Microsoft VS Code\bin;C:\Users\naveendurai\AppData\Local\GitHubDesktop\bin;C:\Users\naveendurai\AppData\Roaming\npm;C:\Users\naveendurai\AppData\Local\Google\Cloud SDK\google-cloud-sdk\bin;C:\Program Files (x86)\Google\Cloud SDK\google-cloud-sdk\bin;C:\Program Files\Google\Cloud SDK\google-cloud-sdk\bin
USERNAME=naveendurai
OS=Windows_NT
PROCESSOR_IDENTIFIER=AMD64 Family 23 Model 104 Stepping 1, AuthenticAMD
TMP=C:\Users\NAVEEN~1\AppData\Local\Temp
TEMP=C:\Users\NAVEEN~1\AppData\Local\Temp



---------------  S Y S T E M  ---------------

OS:
 Windows 11 , 64 bit Build 22621 (10.0.22621.963)
OS uptime: 0 days 19:21 hours
Hyper-V role detected

CPU: total 12 (initial active 12) (12 cores per cpu, 2 threads per core) family 23 model 104 stepping 1 microcode 0x0, cx8, cmov, fxsr, ht, mmx, 3dnowpref, sse, sse2, sse3, ssse3, sse4a, sse4.1, sse4.2, popcnt, lzcnt, tsc, tscinvbit, avx, avx2, aes, clmul, bmi1, bmi2, adx, sha, fma, vzeroupper, clflush, clflushopt, hv

Memory: 4k page, system-wide physical 7503M (16M free)
TotalPageFile size 20998M (AvailPageFile size 104M)
current process WorkingSet (physical memory assigned to process): 123M, peak: 245M
current process commit charge ("private bytes"): 463M, peak: 955M

vm_info: OpenJDK 64-Bit Server VM (17.0.5+8) for windows-amd64 JRE (17.0.5+8), built on Oct 19 2022 04:48:13 by "temurin" with MS VC++ 16.7 (VS2019)

END.
